#-----------------------------------------------------------
# Webtalk v2019.1 (64-bit)
# SW Build 2552052 on Fri May 24 14:49:42 MDT 2019
# 
# Start of session at: Tue Feb  2 16:54:40 2021
# Process ID: 14820
# Current directory: C:/Users/matte/Desktop/hdmi_example/hdmi_example.sdk/webtalk
# Command line: wbtcv.exe -mode batch -source sdk_webtalk.tcl
# Log file: C:/Users/matte/Desktop/hdmi_example/hdmi_example.sdk/webtalk/webtalk.log
# Journal file: C:/Users/matte/Desktop/hdmi_example/hdmi_example.sdk/webtalk\webtalk.jou
#-----------------------------------------------------------
source sdk_webtalk.tcl
# webtalk_init -webtalk_dir C:\\Users\\matte\\Desktop\\hdmi_example\\hdmi_example.sdk\\webtalk
# webtalk_register_client -client project
# webtalk_add_data -client project -key date_generated -value "2021-02-02 16:54:37" -context "software_version_and_target_device"
# webtalk_add_data -client project -key product_version -value "SDK v2019.1" -context "software_version_and_target_device"
# webtalk_add_data -client project -key build_version -value "2019.1" -context "software_version_and_target_device"
# webtalk_add_data -client project -key os_platform -value "amd64" -context "software_version_and_target_device"
# webtalk_add_data -client project -key registration_id -value "" -context "software_version_and_target_device"
# webtalk_add_data -client project -key tool_flow -value "SDK" -context "software_version_and_target_device"
# webtalk_add_data -client project -key beta -value "false" -context "software_version_and_target_device"
# webtalk_add_data -client project -key route_design -value "NA" -context "software_version_and_target_device"
# webtalk_add_data -client project -key target_family -value "NA" -context "software_version_and_target_device"
# webtalk_add_data -client project -key target_device -value "NA" -context "software_version_and_target_device"
# webtalk_add_data -client project -key target_package -value "NA" -context "software_version_and_target_device"
# webtalk_add_data -client project -key target_speed -value "NA" -context "software_version_and_target_device"
# webtalk_add_data -client project -key random_id -value "e4r6nq2b6l8h929nppm40jlht" -context "software_version_and_target_device"
# webtalk_add_data -client project -key project_id -value "2019.1_4" -context "software_version_and_target_device"
# webtalk_add_data -client project -key project_iteration -value "4" -context "software_version_and_target_device"
# webtalk_add_data -client project -key os_name -value "Microsoft Windows 8 or later , 64-bit" -context "user_environment"
# webtalk_add_data -client project -key os_release -value "major release  (build 9200)" -context "user_environment"
# webtalk_add_data -client project -key cpu_name -value "Intel(R) Core(TM) i5-8250U CPU @ 1.60GHz" -context "user_environment"
# webtalk_add_data -client project -key cpu_speed -value "1800 MHz" -context "user_environment"
# webtalk_add_data -client project -key total_processors -value "1" -context "user_environment"
# webtalk_add_data -client project -key system_ram -value "8.467 GB" -context "user_environment"
# webtalk_register_client -client sdk
# webtalk_add_data -client sdk -key uid -value "1612280531569" -context "sdk\\\\bsp/1612280531569"
# webtalk_add_data -client sdk -key hwid -value "1612280108359" -context "sdk\\\\bsp/1612280531569"
# webtalk_add_data -client sdk -key os -value "standalone" -context "sdk\\\\bsp/1612280531569"
# webtalk_add_data -client sdk -key apptemplate -value "hello_world" -context "sdk\\\\bsp/1612280531569"
# webtalk_add_data -client sdk -key RecordType -value "BSPCreation" -context "sdk\\\\bsp/1612280531569"
# webtalk_add_data -client sdk -key uid -value "1612280546192" -context "sdk\\\\application/1612280546192"
# webtalk_add_data -client sdk -key hwid -value "1612280108359" -context "sdk\\\\application/1612280546192"
# webtalk_add_data -client sdk -key bspid -value "1612280531569" -context "sdk\\\\application/1612280546192"
# webtalk_add_data -client sdk -key newbsp -value "true" -context "sdk\\\\application/1612280546192"
# webtalk_add_data -client sdk -key os -value "standalone" -context "sdk\\\\application/1612280546192"
# webtalk_add_data -client sdk -key apptemplate -value "hello_world" -context "sdk\\\\application/1612280546192"
# webtalk_add_data -client sdk -key RecordType -value "APPCreation" -context "sdk\\\\application/1612280546192"
# webtalk_add_data -client sdk -key LangUsed -value "C" -context "sdk\\\\application/1612280546192"
# webtalk_add_data -client sdk -key Procused -value "ps7_cortexa9" -context "sdk\\\\application/1612280546192"
# webtalk_add_data -client sdk -key projSize -value "304.75" -context "sdk\\\\application/1612280546192"
# webtalk_add_data -client sdk -key uid -value "1612280667306" -context "sdk\\\\bsp/1612280667306"
# webtalk_add_data -client sdk -key hwid -value "1612280108359" -context "sdk\\\\bsp/1612280667306"
# webtalk_add_data -client sdk -key os -value "standalone" -context "sdk\\\\bsp/1612280667306"
# webtalk_add_data -client sdk -key apptemplate -value "hello_world" -context "sdk\\\\bsp/1612280667306"
# webtalk_add_data -client sdk -key RecordType -value "BSPCreation" -context "sdk\\\\bsp/1612280667306"
# webtalk_add_data -client sdk -key uid -value "1612280674996" -context "sdk\\\\application/1612280674996"
# webtalk_add_data -client sdk -key hwid -value "1612280108359" -context "sdk\\\\application/1612280674996"
# webtalk_add_data -client sdk -key bspid -value "1612280667306" -context "sdk\\\\application/1612280674996"
# webtalk_add_data -client sdk -key newbsp -value "true" -context "sdk\\\\application/1612280674996"
# webtalk_add_data -client sdk -key os -value "standalone" -context "sdk\\\\application/1612280674996"
# webtalk_add_data -client sdk -key apptemplate -value "hello_world" -context "sdk\\\\application/1612280674996"
# webtalk_add_data -client sdk -key RecordType -value "APPCreation" -context "sdk\\\\application/1612280674996"
# webtalk_add_data -client sdk -key LangUsed -value "C" -context "sdk\\\\application/1612280674996"
# webtalk_add_data -client sdk -key Procused -value "ps7_cortexa9" -context "sdk\\\\application/1612280674996"
# webtalk_add_data -client sdk -key projSize -value "193.55078125" -context "sdk\\\\application/1612280674996"
# webtalk_add_data -client sdk -key uid -value "NA" -context "sdk\\\\bsp/1612281277800"
# webtalk_add_data -client sdk -key RecordType -value "ToolUsage" -context "sdk\\\\bsp/1612281277800"
# webtalk_add_data -client sdk -key BootgenCount -value "0" -context "sdk\\\\bsp/1612281277800"
# webtalk_add_data -client sdk -key DebugCount -value "1" -context "sdk\\\\bsp/1612281277800"
# webtalk_add_data -client sdk -key PerfCount -value "0" -context "sdk\\\\bsp/1612281277800"
# webtalk_add_data -client sdk -key FlashCount -value "0" -context "sdk\\\\bsp/1612281277800"
# webtalk_add_data -client sdk -key CrossTriggCount -value "0" -context "sdk\\\\bsp/1612281277800"
# webtalk_add_data -client sdk -key QemuDebugCount -value "0" -context "sdk\\\\bsp/1612281277800"
# webtalk_transmit -clientid 2217776627 -regid "" -xml C:\\Users\\matte\\Desktop\\hdmi_example\\hdmi_example.sdk\\webtalk\\usage_statistics_ext_sdk.xml -html C:\\Users\\matte\\Desktop\\hdmi_example\\hdmi_example.sdk\\webtalk\\usage_statistics_ext_sdk.html -wdm C:\\Users\\matte\\Desktop\\hdmi_example\\hdmi_example.sdk\\webtalk\\sdk_webtalk.wdm -intro "<H3>SDK Usage Report</H3><BR>"
# webtalk_terminate
INFO: [Common 17-206] Exiting Webtalk at Tue Feb  2 16:54:40 2021...
