INFO-FLOW: Workspace C:/Users/mazzo/Desktop/Sistemi-Digitali-M/Progetto/HLS/OV7670_INTERFACE/solution1 opened at Wed Apr 07 00:54:41 +0200 2021
Execute     config_clock -quiet -name default -period 10 -default=false 
INFO: [SYN 201-201] Setting up clock 'default' with a period of 10ns.
Execute     config_clock -quiet -name default -uncertainty 1.25 -unit % 
INFO: [SYN 201-201] Setting up clock 'default' with an uncertainty of 1.25ns.
Execute     open_platform DefaultPlatform 
Execute     import_lib C:/Xilinx/Vivado/2019.1/common/technology/xilinx/zynq/zynq 
Execute       source C:/Xilinx/Vivado/2019.1/common/technology/xilinx/common/xilinx.lib 
Execute         source C:/Xilinx/Vivado/2019.1/common/technology/xilinx/interface/xilinx_interface.lib 
Execute           source C:/Xilinx/Vivado/2019.1/common/technology/xilinx/interface/plb46.lib 
Execute           source C:/Xilinx/Vivado/2019.1/common/technology/xilinx/interface/fsl.lib 
Execute           source C:/Xilinx/Vivado/2019.1/common/technology/xilinx/interface/axi4.lib 
Execute           source C:/Xilinx/Vivado/2019.1/common/technology/xilinx/interface/maxi.lib 
Execute           source C:/Xilinx/Vivado/2019.1/common/technology/xilinx/interface/saxilite.lib 
Execute         source C:/Xilinx/Vivado/2019.1/common/technology/xilinx/common/dsp48.lib 
Execute         source C:/Xilinx/Vivado/2019.1/common/technology/xilinx/ip/dds_compiler.lib 
Execute         source C:/Xilinx/Vivado/2019.1/common/technology/xilinx/ip/xfft.lib 
Execute         source C:/Xilinx/Vivado/2019.1/common/technology/xilinx/ip/xfir.lib 
Execute       source C:/Xilinx/Vivado/2019.1/common/technology/xilinx/common/xilinx.hlp 
Execute         source C:/Xilinx/Vivado/2019.1/common/technology/xilinx/common/target_info.tcl 
Execute         source C:/Xilinx/Vivado/2019.1/common/technology/xilinx/interface/xilinx_interface.hlp 
Execute           source C:/Xilinx/Vivado/2019.1/common/technology/xilinx/interface/maxi.hlp 
Execute           source C:/Xilinx/Vivado/2019.1/common/technology/xilinx/interface/saxilite.hlp 
Execute         source C:/Xilinx/Vivado/2019.1/common/technology/xilinx/common/dsp48.hlp 
Execute       source C:/Xilinx/Vivado/2019.1/common/technology/xilinx/zynq/dsp48e1.hlp 
Execute       source C:/Xilinx/Vivado/2019.1/common/technology/xilinx/common/xilinx.hlp 
Execute         source C:/Xilinx/Vivado/2019.1/common/technology/xilinx/common/target_info.tcl 
Execute         source C:/Xilinx/Vivado/2019.1/common/technology/xilinx/interface/xilinx_interface.hlp 
Execute           source C:/Xilinx/Vivado/2019.1/common/technology/xilinx/interface/maxi.hlp 
Execute           source C:/Xilinx/Vivado/2019.1/common/technology/xilinx/interface/saxilite.hlp 
Execute         source C:/Xilinx/Vivado/2019.1/common/technology/xilinx/common/dsp48.hlp 
Execute     source C:/Xilinx/Vivado/2019.1/common/technology/xilinx/zynq/zynq.gen 
Execute       source C:/Xilinx/Vivado/2019.1/common/technology/xilinx/common/xilinx.gen 
Execute         source C:/Xilinx/Vivado/2019.1/common/technology/xilinx/interface/plb46.gen 
Execute         source C:/Xilinx/Vivado/2019.1/common/technology/xilinx/interface/fsl.gen 
Execute         source C:/Xilinx/Vivado/2019.1/common/technology/xilinx/interface/axi4.gen 
Execute         source C:/Xilinx/Vivado/2019.1/common/technology/xilinx/interface/nativeAXI4.gen 
Execute           source C:/Xilinx/Vivado/2019.1/common/technology/xilinx/interface/saxilite.gen 
Execute           source C:/Xilinx/Vivado/2019.1/common/technology/xilinx/interface/maxi.gen 
Execute         source C:/Xilinx/Vivado/2019.1/common/technology/xilinx/scripts/xilinxcoregen.gen 
Execute         source C:/Xilinx/Vivado/2019.1/common/technology/xilinx/interface/XilEDKCoreGen.gen 
Execute         source C:/Xilinx/Vivado/2019.1/common/technology/xilinx/ip/dds_compiler.gen 
Execute         source C:/Xilinx/Vivado/2019.1/common/technology/xilinx/ip/util.gen 
Execute         source C:/Xilinx/Vivado/2019.1/common/technology/xilinx/ip/xfft.gen 
Command         ap_source done; 0.207 sec.
Execute         source C:/Xilinx/Vivado/2019.1/common/technology/xilinx/ip/xfir.gen 
Execute         source C:/Xilinx/Vivado/2019.1/common/technology/xilinx/common/dsp48.gen 
Command       ap_source done; 0.308 sec.
Command     ap_source done; 0.31 sec.
Execute     open_platform DefaultPlatform 
Execute     import_lib C:/Xilinx/Vivado/2019.1/common/technology/xilinx/zynq/zynq_fpv6 
Execute       source C:/Xilinx/Vivado/2019.1/common/technology/xilinx/common/xilinx_fp.lib 
Execute       source C:/Xilinx/Vivado/2019.1/common/technology/xilinx/common/xilinx_fp.hlp 
Execute         source C:/Xilinx/Vivado/2019.1/common/technology/xilinx/common/xilinx.hlp 
Execute           source C:/Xilinx/Vivado/2019.1/common/technology/xilinx/common/target_info.tcl 
Execute           source C:/Xilinx/Vivado/2019.1/common/technology/xilinx/interface/xilinx_interface.hlp 
Execute             source C:/Xilinx/Vivado/2019.1/common/technology/xilinx/interface/maxi.hlp 
Execute             source C:/Xilinx/Vivado/2019.1/common/technology/xilinx/interface/saxilite.hlp 
Execute           source C:/Xilinx/Vivado/2019.1/common/technology/xilinx/common/dsp48.hlp 
Execute     source C:/Xilinx/Vivado/2019.1/common/technology/xilinx/zynq/zynq_fpv6.gen 
Execute       source C:/Xilinx/Vivado/2019.1/common/technology/xilinx/common/xilinx_fp.gen 
Execute     set_part xc7z020-clg400-1 
Execute       ap_part_info -name xc7z020-clg400-1 -data single -quiet 
Command       ap_part_info done; 0.437 sec.
Execute       ap_part_info -name xc7z020-clg400-1 -data info 
Execute       add_library xilinx/zynq/zynq:xc7z020:-clg400:-1 
Execute         get_default_platform 
Execute         license_isbetapart xc7z020 
Command         license_isbetapart done; error code: 1; 
Execute         ap_part_info -data single -name xc7z020-clg400-1 
Execute         ap_part_info -name xc7z020-clg400-1 -data resources 
Execute         ap_part_info -name xc7z020-clg400-1 -data info 
Execute         ap_part_info -name xc7z020-clg400-1 -data info 
Execute         config_chip_info -quiet -resource {SLICE 13300} {LUT 53200} {FF 106400} {DSP48E 220} {BRAM 280} {URAM 0} 
Execute         ap_part_info -name xc7z020-clg400-1 -data info 
Execute         config_chip_info -quiet -speed slow 
Execute       add_library xilinx/zynq/zynq_fpv6 
Execute         get_default_platform 
INFO: [HLS 200-10] Setting target device to 'xc7z020-clg400-1'
Execute       ap_part_info -name xc7z020-clg400-1 -data info 
Execute       get_default_platform 
Command     set_part done; 0.655 sec.
Execute     ap_part_info -data single -name xc7z020-clg400-1 
Execute     ap_part_info -name xc7z020-clg400-1 -data resources 
Execute     ap_part_info -name xc7z020-clg400-1 -data info 
Execute     ap_part_info -name xc7z020-clg400-1 -data info 
Execute     config_chip_info -quiet -resource {SLICE 13300} {LUT 53200} {FF 106400} {DSP48E 220} {BRAM 280} {URAM 0} 
Execute     ap_part_info -name xc7z020-clg400-1 -data info 
Execute     config_chip_info -quiet -speed slow 
Execute     config_sdx -optimization_level=none 
Execute       send_msg_by_id INFO @200-435@%s%s 'config_sdx -optimization_level' config_export -vivado_optimization_level=2 
INFO: [HLS 200-435] Setting 'config_sdx -optimization_level' configuration: config_export -vivado_optimization_level=2
Execute       config_export -vivado_optimization_level=2 
Execute         get_config_export -vivado_impl_strategy 
Execute         get_config_export -vivado_phys_opt 
Execute     config_sdx -target=none 
Execute       send_msg_by_id INFO @200-435@%s%s 'config_sdx -target' config_export -vivado_optimization_level=2 
INFO: [HLS 200-435] Setting 'config_sdx -target' configuration: config_export -vivado_optimization_level=2
Execute       config_export -vivado_optimization_level=2 
Execute         get_config_export -vivado_impl_strategy 
Execute         get_config_export -vivado_phys_opt 
Execute       get_config_compile -pipeline_loops 
Execute       get_config_compile -name_max_length 
Execute       get_config_schedule -enable_dsp_full_reg 
Execute       get_config_rtl -register_reset_num 
Execute       get_config_rtl -module_auto_prefix 
Execute       get_config_interface -m_axi_addr64 
Execute       send_msg_by_id INFO @200-435@%s%s 'config_sdx -target' set_clock_uncertainty default 
INFO: [HLS 200-435] Setting 'config_sdx -target' configuration: set_clock_uncertainty default
Execute       set_clock_uncertainty default 
Execute     config_export -format=ip_catalog 
Execute     config_export -rtl=verilog 
Execute     config_export -vivado_optimization_level=2 
Execute       get_config_export -vivado_impl_strategy 
Execute       get_config_export -vivado_phys_opt 
Command   open_solution done; 1.133 sec.
Execute   set_part xc7z020-clg400-1 
Execute     ap_part_info -name xc7z020-clg400-1 -data single -quiet 
Execute     ap_part_info -name xc7z020-clg400-1 -data info 
Execute     add_library xilinx/zynq/zynq:xc7z020:-clg400:-1 
Execute       get_default_platform 
Execute       license_isbetapart xc7z020 
Command       license_isbetapart done; error code: 1; 
Execute       ap_part_info -data single -name xc7z020-clg400-1 
Execute       ap_part_info -name xc7z020-clg400-1 -data resources 
Execute       ap_part_info -name xc7z020-clg400-1 -data info 
Execute       ap_part_info -name xc7z020-clg400-1 -data info 
Execute       config_chip_info -quiet -resource {SLICE 13300} {LUT 53200} {FF 106400} {DSP48E 220} {BRAM 280} {URAM 0} 
Execute       ap_part_info -name xc7z020-clg400-1 -data info 
Execute       config_chip_info -quiet -speed slow 
Execute     add_library xilinx/zynq/zynq_fpv6 
Execute       get_default_platform 
Execute     ap_part_info -name xc7z020-clg400-1 -data info 
Execute     get_default_platform 
Command   set_part done; 0.183 sec.
Execute   create_clock -period 10 -name default 
Execute   config_sdx -optimization_level none -target none 
WARNING: [HLS 200-483] The 'config_sdx -optimization_level' command is deprecated and will be removed in a future release. Use 'config_export -vivado_optimization_level' as its replacement.
Execute     send_msg_by_id INFO @200-435@%s%s 'config_sdx -optimization_level' config_export -vivado_optimization_level=2 
INFO: [HLS 200-435] Setting 'config_sdx -optimization_level' configuration: config_export -vivado_optimization_level=2
Execute     config_export -vivado_optimization_level=2 
Execute       get_config_export -vivado_impl_strategy 
Execute       get_config_export -vivado_phys_opt 
Execute     send_msg_by_id INFO @200-435@%s%s 'config_sdx -target' config_export -vivado_optimization_level=2 
INFO: [HLS 200-435] Setting 'config_sdx -target' configuration: config_export -vivado_optimization_level=2
Execute     config_export -vivado_optimization_level=2 
Execute       get_config_export -vivado_impl_strategy 
Execute       get_config_export -vivado_phys_opt 
Execute     get_config_compile -pipeline_loops 
Execute     get_config_compile -name_max_length 
Execute     get_config_schedule -enable_dsp_full_reg 
Execute     get_config_rtl -register_reset_num 
Execute     get_config_rtl -module_auto_prefix 
Execute     get_config_interface -m_axi_addr64 
Execute     send_msg_by_id INFO @200-435@%s%s 'config_sdx -target' set_clock_uncertainty default 
INFO: [HLS 200-435] Setting 'config_sdx -target' configuration: set_clock_uncertainty default
Execute     set_clock_uncertainty default 
WARNING: [HLS 200-484] The 'config_sdx -optimization_level' command is deprecated and will be removed in a future release.
Execute   config_export -format ip_catalog -rtl verilog -vivado_optimization_level 2 
Execute     get_config_export -vivado_impl_strategy 
Execute     get_config_export -vivado_phys_opt 
Execute   set_clock_uncertainty 12.5% 
Execute   csynth_design 
Execute     get_config_compile -dump_cfg 
Execute     get_config_compile -effort 
Execute     get_config_compile -enable_clang39 
Execute     get_config_compile -g 
Execute     get_config_compile -ng 
Execute     get_config_compile -opt_fp 
Execute     get_config_compile -skip_cdt 
Execute     get_config_compile -skip_syncheck 
Execute     get_config_compile -skip_transform 
Execute     get_config_compile -keep_printf 
Execute     elaborate -effort=medium -skip_syncheck=0 -keep_printf=0 -skip_cdt=0 -skip_transform=0 -ng=0 -g=0 -opt_fp=0 -from_csynth_design=1 
Execute       get_config_schedule -relax_ii_for_timing 
INFO: [SCHED 204-61] Option 'relax_ii_for_timing' is enabled, will increase II to preserve clock frequency constraints.
Execute       get_config_schedule -suppress_dependence_error_break 
INFO: [HLS 200-10] Analyzing design file 'OV7670_INTERFACE/ov7670_interface.cpp' ... 
INFO-FLOW: Compiling one TU...
Execute       is_m_axi_addr64 
INFO-FLOW: Handling OV7670_INTERFACE/ov7670_interface.cpp as C++
Execute       ap_part_info -name xc7z020-clg400-1 -data info 
Execute       is_encrypted OV7670_INTERFACE/ov7670_interface.cpp 
Execute       ap_part_info -name xc7z020-clg400-1 -data info 
INFO-FLOW: Running: GCC PP
INFO-FLOW: Source preprocessing
Execute       clang  -fno-limit-debug-info -gcc-toolchain "C:/Xilinx/Vivado/2019.1/msys" -hls  -fno-exceptions  -D__llvm__  -E "OV7670_INTERFACE/ov7670_interface.cpp"     -fno-math-errno -c -emit-llvm -O0  -mllvm -disable-llvm-optzns -fno-threadsafe-statics  -fno-use-cxa-atexit  -fno-threadsafe-statics -fno-use-cxa-atexit -D__CLANG_3_1__ -D__cdecl= -DAESL_SYN -D__SYNTHESIS__ -D__HLS_SYN__ -I "C:/Xilinx/Vivado/2019.1/common/technology/autopilot" -I "C:/Xilinx/Vivado/2019.1/common/technology/autopilot/ap_sysc" -include etc/autopilot_ssdm_op.h -D__DSP48E1__  -o "C:/Users/mazzo/Desktop/Sistemi-Digitali-M/Progetto/HLS/OV7670_INTERFACE/solution1/.autopilot/db/ov7670_interface.pp.0.cpp" 
INFO-FLOW: exec C:/Xilinx/Vivado/2019.1/win64/tools/clang/bin/clang -fno-limit-debug-info -gcc-toolchain C:/Xilinx/Vivado/2019.1/msys -hls -fno-exceptions -D__llvm__ -E OV7670_INTERFACE/ov7670_interface.cpp -fno-math-errno -c -emit-llvm -O0 -mllvm -disable-llvm-optzns -fno-threadsafe-statics -fno-use-cxa-atexit -fno-threadsafe-statics -fno-use-cxa-atexit -D__CLANG_3_1__ -D__cdecl= -DAESL_SYN -D__SYNTHESIS__ -D__HLS_SYN__ -I C:/Xilinx/Vivado/2019.1/common/technology/autopilot -I C:/Xilinx/Vivado/2019.1/common/technology/autopilot/ap_sysc -include etc/autopilot_ssdm_op.h -D__DSP48E1__ -o C:/Users/mazzo/Desktop/Sistemi-Digitali-M/Progetto/HLS/OV7670_INTERFACE/solution1/.autopilot/db/ov7670_interface.pp.0.cpp
Command       clang done; 3.099 sec.
Execute       tidy_31 xilinx-xfmat-array-geometry C:/Users/mazzo/Desktop/Sistemi-Digitali-M/Progetto/HLS/OV7670_INTERFACE/solution1/.autopilot/db/ov7670_interface.pp.0.cpp std=gnu++98 
INFO-FLOW: exec C:/Xilinx/Vivado/2019.1/win64/tools/clang-3.9-csynth/bin/tidy-3.1 -header-filter=.* -checks=-*,xilinx-xfmat-array-geometry -quiet -fix C:/Users/mazzo/Desktop/Sistemi-Digitali-M/Progetto/HLS/OV7670_INTERFACE/solution1/.autopilot/db/ov7670_interface.pp.0.cpp -- -std=gnu++98 -fhls -ferror-limit=0
Command       tidy_31 done; 1.086 sec.
INFO-FLOW: Syntax Checking before pre-processing...
Execute       clang -syntaxcheck -src C:/Users/mazzo/Desktop/Sistemi-Digitali-M/Progetto/HLS/OV7670_INTERFACE/solution1/.autopilot/db/ov7670_interface.pp.0.cpp  -fno-limit-debug-info -gcc-toolchain "C:/Xilinx/Vivado/2019.1/msys" -hls    -fno-math-errno -c -emit-llvm -O0  -mllvm -disable-llvm-optzns -fno-threadsafe-statics  -fno-use-cxa-atexit  -fno-threadsafe-statics -fno-use-cxa-atexit -D__CLANG_3_1__ -D__cdecl= -DAESL_SYN -D__SYNTHESIS__ -D__HLS_SYN__ -I "C:/Xilinx/Vivado/2019.1/common/technology/autopilot" -I "C:/Xilinx/Vivado/2019.1/common/technology/autopilot/ap_sysc" -include etc/autopilot_ssdm_op.h -D__DSP48E1__  "C:/Users/mazzo/Desktop/Sistemi-Digitali-M/Progetto/HLS/OV7670_INTERFACE/solution1/.autopilot/db/ov7670_interface.pp.0.cpp"  -o "C:/Users/mazzo/Desktop/Sistemi-Digitali-M/Progetto/HLS/OV7670_INTERFACE/solution1/.autopilot/db/useless.bc"  
INFO-FLOW: exec C:/Xilinx/Vivado/2019.1/win64/tools/clang/bin/clang -fno-limit-debug-info -gcc-toolchain C:/Xilinx/Vivado/2019.1/msys -hls -fno-math-errno -c -emit-llvm -O0 -mllvm -disable-llvm-optzns -fno-threadsafe-statics -fno-use-cxa-atexit -fno-threadsafe-statics -fno-use-cxa-atexit -D__CLANG_3_1__ -D__cdecl= -DAESL_SYN -D__SYNTHESIS__ -D__HLS_SYN__ -I C:/Xilinx/Vivado/2019.1/common/technology/autopilot -I C:/Xilinx/Vivado/2019.1/common/technology/autopilot/ap_sysc -include etc/autopilot_ssdm_op.h -D__DSP48E1__ C:/Users/mazzo/Desktop/Sistemi-Digitali-M/Progetto/HLS/OV7670_INTERFACE/solution1/.autopilot/db/ov7670_interface.pp.0.cpp -o C:/Users/mazzo/Desktop/Sistemi-Digitali-M/Progetto/HLS/OV7670_INTERFACE/solution1/.autopilot/db/useless.bc
Command       clang done; 3.794 sec.
INFO-FLOW: Done: GCC PP time: 8 seconds per iteration
Execute       source C:/Xilinx/Vivado/2019.1/tps/tcl/tcllib1.11.1/yaml/huddle.tcl 
Execute       source C:/Xilinx/Vivado/2019.1/tps/tcl/tcllib1.11.1/yaml/json2huddle.tcl 
Execute         source C:/Xilinx/Vivado/2019.1/tps/tcl/tcllib1.11.1/try/try.tcl 
Execute       list_core -type functional_unit 
Execute       tidy_31 xilinx-systemc-detector C:/Users/mazzo/Desktop/Sistemi-Digitali-M/Progetto/HLS/OV7670_INTERFACE/solution1/.autopilot/db/ov7670_interface.pp.0.cpp std=gnu++98 -directive=C:/Users/mazzo/Desktop/Sistemi-Digitali-M/Progetto/HLS/OV7670_INTERFACE/solution1/.autopilot/db/.systemc_flag 
INFO-FLOW: exec C:/Xilinx/Vivado/2019.1/win64/tools/clang-3.9-csynth/bin/tidy-3.1 -header-filter=.* -checks=-*,xilinx-systemc-detector -import-directive=C:/Users/mazzo/Desktop/Sistemi-Digitali-M/Progetto/HLS/OV7670_INTERFACE/solution1/.autopilot/db/.systemc_flag -quiet -fix-errors C:/Users/mazzo/Desktop/Sistemi-Digitali-M/Progetto/HLS/OV7670_INTERFACE/solution1/.autopilot/db/ov7670_interface.pp.0.cpp -- -std=gnu++98 -fhls -ferror-limit=0
Command       tidy_31 done; 1.178 sec.
INFO-FLOW: Running: tidy-3.1 CDT preprocess
Execute       tidy_31 xilinx-directive2pragma C:/Users/mazzo/Desktop/Sistemi-Digitali-M/Progetto/HLS/OV7670_INTERFACE/solution1/.autopilot/db/ov7670_interface.pp.0.cpp std=gnu++98 -directive=C:/Users/mazzo/Desktop/Sistemi-Digitali-M/Progetto/HLS/OV7670_INTERFACE/solution1/.autopilot/db/all.directive.json 
INFO-FLOW: exec C:/Xilinx/Vivado/2019.1/win64/tools/clang-3.9-csynth/bin/tidy-3.1 -header-filter=.* -checks=-*,xilinx-directive2pragma -import-directive=C:/Users/mazzo/Desktop/Sistemi-Digitali-M/Progetto/HLS/OV7670_INTERFACE/solution1/.autopilot/db/all.directive.json -quiet -fix-errors C:/Users/mazzo/Desktop/Sistemi-Digitali-M/Progetto/HLS/OV7670_INTERFACE/solution1/.autopilot/db/ov7670_interface.pp.0.cpp -- -std=gnu++98 -fhls -ferror-limit=0
Command       tidy_31 done; 1.1 sec.
Execute       get_config_dataflow -strict_mode 
Execute       ap_eval exec -ignorestderr C:/Xilinx/Vivado/2019.1/win64/tools/clang-3.9-csynth/bin/xilinx-dataflow-lawyer -export-fixes=C:/Users/mazzo/Desktop/Sistemi-Digitali-M/Progetto/HLS/OV7670_INTERFACE/solution1/.autopilot/db/xilinx-dataflow-lawyer.ov7670_interface.pp.0.cpp.diag.yml C:/Users/mazzo/Desktop/Sistemi-Digitali-M/Progetto/HLS/OV7670_INTERFACE/solution1/.autopilot/db/ov7670_interface.pp.0.cpp -- -std=gnu++98 -fhls -ferror-limit=0 -fstrict-dataflow > C:/Users/mazzo/Desktop/Sistemi-Digitali-M/Progetto/HLS/OV7670_INTERFACE/solution1/.autopilot/db/xilinx-dataflow-lawyer.ov7670_interface.pp.0.cpp.out.log 2> C:/Users/mazzo/Desktop/Sistemi-Digitali-M/Progetto/HLS/OV7670_INTERFACE/solution1/.autopilot/db/xilinx-dataflow-lawyer.ov7670_interface.pp.0.cpp.err.log 
Command       ap_eval done; 0.736 sec.
Execute       tidy_31 -errorcheck xilinx-constantarray-param,xilinx-resource-pragma-transformer,xilinx-xfmat-array-geometry C:/Users/mazzo/Desktop/Sistemi-Digitali-M/Progetto/HLS/OV7670_INTERFACE/solution1/.autopilot/db/ov7670_interface.pp.0.cpp std=gnu++98 
Execute         ap_eval exec -ignorestderr C:/Xilinx/Vivado/2019.1/win64/tools/clang-3.9-csynth/bin/tidy-3.1 -export-fixes=C:/Users/mazzo/Desktop/Sistemi-Digitali-M/Progetto/HLS/OV7670_INTERFACE/solution1/.autopilot/db/tidy-3.1.ov7670_interface.pp.0.cpp.diag.yml -header-filter=.* -checks=-*,xilinx-constantarray-param,xilinx-resource-pragma-transformer,xilinx-xfmat-array-geometry -quiet -fix-errors C:/Users/mazzo/Desktop/Sistemi-Digitali-M/Progetto/HLS/OV7670_INTERFACE/solution1/.autopilot/db/ov7670_interface.pp.0.cpp -- -std=gnu++98 -fhls -ferror-limit=0 > C:/Users/mazzo/Desktop/Sistemi-Digitali-M/Progetto/HLS/OV7670_INTERFACE/solution1/.autopilot/db/tidy-3.1.ov7670_interface.pp.0.cpp.out.log 2> C:/Users/mazzo/Desktop/Sistemi-Digitali-M/Progetto/HLS/OV7670_INTERFACE/solution1/.autopilot/db/tidy-3.1.ov7670_interface.pp.0.cpp.err.log 
Command         ap_eval done; 1.285 sec.
Execute         ap_eval exec -ignorestderr C:/Xilinx/Vivado/2019.1/win64/tools/clang-3.9-csynth/bin/xilinx-legacy-rewriter C:/Users/mazzo/Desktop/Sistemi-Digitali-M/Progetto/HLS/OV7670_INTERFACE/solution1/.autopilot/db/ov7670_interface.pp.0.cpp -- -std=gnu++98 -fhls -ferror-limit=0 > C:/Users/mazzo/Desktop/Sistemi-Digitali-M/Progetto/HLS/OV7670_INTERFACE/solution1/.autopilot/db/xilinx-legacy-rewriter.ov7670_interface.pp.0.cpp.out.log 2> C:/Users/mazzo/Desktop/Sistemi-Digitali-M/Progetto/HLS/OV7670_INTERFACE/solution1/.autopilot/db/xilinx-legacy-rewriter.ov7670_interface.pp.0.cpp.err.log 
Command         ap_eval done; 0.866 sec.
Command       tidy_31 done; 2.174 sec.
INFO-FLOW: Done: tidy-3.1 CDT preprocess time: 4 seconds per iteration
INFO-FLOW: Pragma Handling...
Execute       tidy_31 xilinx-ssdm-intrinsics-arguments C:/Users/mazzo/Desktop/Sistemi-Digitali-M/Progetto/HLS/OV7670_INTERFACE/solution1/.autopilot/db/ov7670_interface.pragma.1.cpp std=gnu++98 
INFO-FLOW: exec C:/Xilinx/Vivado/2019.1/win64/tools/clang-3.9-csynth/bin/tidy-3.1 -header-filter=.* -checks=-*,xilinx-ssdm-intrinsics-arguments -quiet -fix-errors C:/Users/mazzo/Desktop/Sistemi-Digitali-M/Progetto/HLS/OV7670_INTERFACE/solution1/.autopilot/db/ov7670_interface.pragma.1.cpp -- -std=gnu++98 -fhls -ferror-limit=0
Command       tidy_31 done; 2.076 sec.
Execute       ap_part_info -name xc7z020-clg400-1 -data info 
INFO-FLOW: Processing labels
Execute       clang -src C:/Users/mazzo/Desktop/Sistemi-Digitali-M/Progetto/HLS/OV7670_INTERFACE/solution1/.autopilot/db/ov7670_interface.pragma.2.cpp  -fno-limit-debug-info -gcc-toolchain C:/Xilinx/Vivado/2019.1/msys -hls -hls-analyze-label -hls-analyze-pragma -fno-exceptions  -D__llvm__  -w  "C:/Users/mazzo/Desktop/Sistemi-Digitali-M/Progetto/HLS/OV7670_INTERFACE/solution1/.autopilot/db/ov7670_interface.pragma.2.cpp"    -fno-math-errno -c -emit-llvm -O0  -mllvm -disable-llvm-optzns -fno-threadsafe-statics  -fno-use-cxa-atexit -DAESL_SYN -D__SYNTHESIS__ -D__HLS_SYN__ -I "C:/Xilinx/Vivado/2019.1/common/technology/autopilot" -I "C:/Xilinx/Vivado/2019.1/common/technology/autopilot/ap_sysc" -include etc/autopilot_ssdm_op.h -D__DSP48E1__ -g -o "C:/Users/mazzo/Desktop/Sistemi-Digitali-M/Progetto/HLS/OV7670_INTERFACE/solution1/.autopilot/db/ov7670_interface.bc" 
INFO-FLOW: exec C:/Xilinx/Vivado/2019.1/win64/tools/clang/bin/clang -fno-limit-debug-info -gcc-toolchain C:/Xilinx/Vivado/2019.1/msys -hls -hls-analyze-label -hls-analyze-pragma -fno-exceptions -D__llvm__ -w C:/Users/mazzo/Desktop/Sistemi-Digitali-M/Progetto/HLS/OV7670_INTERFACE/solution1/.autopilot/db/ov7670_interface.pragma.2.cpp -fno-math-errno -c -emit-llvm -O0 -mllvm -disable-llvm-optzns -fno-threadsafe-statics -fno-use-cxa-atexit -DAESL_SYN -D__SYNTHESIS__ -D__HLS_SYN__ -I C:/Xilinx/Vivado/2019.1/common/technology/autopilot -I C:/Xilinx/Vivado/2019.1/common/technology/autopilot/ap_sysc -include etc/autopilot_ssdm_op.h -D__DSP48E1__ -g -o C:/Users/mazzo/Desktop/Sistemi-Digitali-M/Progetto/HLS/OV7670_INTERFACE/solution1/.autopilot/db/ov7670_interface.bc
Command       clang done; 3.832 sec.
INFO-FLOW: Linking Debug ...
Execute       llvm-ld C:/Users/mazzo/Desktop/Sistemi-Digitali-M/Progetto/HLS/OV7670_INTERFACE/solution1/.autopilot/db/ov7670_interface.g.bc -hls-opt -except-internalize ov7670_interface -LC:/Xilinx/Vivado/2019.1/win64/lib -lhlsm -lhlsmc++ -o C:/Users/mazzo/Desktop/Sistemi-Digitali-M/Progetto/HLS/OV7670_INTERFACE/solution1/.autopilot/db/a.g 
Command       llvm-ld done; 4.934 sec.
INFO: [HLS 200-111] Finished Linking Time (s): cpu = 00:00:02 ; elapsed = 00:00:27 . Memory (MB): peak = 165.602 ; gain = 74.812
INFO: [HLS 200-111] Finished Checking Pragmas Time (s): cpu = 00:00:02 ; elapsed = 00:00:27 . Memory (MB): peak = 165.602 ; gain = 74.812
Execute       get_config_sdx -target 
Execute       opt_and_import_c a -opt_level=2 -skip_syncheck=0 -ng=0 -keep_printf=0 
Execute         cleanup_all_models 
INFO: [HLS 200-10] Starting code transformations ...
Execute         transform -promote-dbg-pointer C:/Users/mazzo/Desktop/Sistemi-Digitali-M/Progetto/HLS/OV7670_INTERFACE/solution1/.autopilot/db/a.pp.bc -o C:/Users/mazzo/Desktop/Sistemi-Digitali-M/Progetto/HLS/OV7670_INTERFACE/solution1/.autopilot/db/a.pp.0.bc -f 
Command         transform done; 0.113 sec.
Execute         llvm-ld C:/Users/mazzo/Desktop/Sistemi-Digitali-M/Progetto/HLS/OV7670_INTERFACE/solution1/.autopilot/db/a.pp.0.bc -disable-opt -LC:/Xilinx/Vivado/2019.1/win64/lib -lfloatconversion -o C:/Users/mazzo/Desktop/Sistemi-Digitali-M/Progetto/HLS/OV7670_INTERFACE/solution1/.autopilot/db/a.g.0 
Command         llvm-ld done; 1.01 sec.
INFO-FLOW: Running Standard Transforms...
Execute         transform -hls -share-std-xform -demangle-name -inline-byval-memcpy -always-inline -promote-dbg-pointer -interface-preproc -mem2reg -scalarrepl -mem2reg -keep-read-access -instcombine -dce -promote-dbg-pointer -bitop-raise -loop-simplify -indvarspre -indvars -loop-simplify -xunroll -constprop -instcombine -simplifycfg -indvars -simplifycfg -dce -globaldce -basicaa -simplifycfg -mem2reg -globalopt -global-constprop -deadargelim -instcombine -simplifycfg -prune-eh -simplifycfg -scalarrepl -instcombine -reassociate -licm -simplifycfg -loop-simplify -indvars -instcombine -simplifycfg -mem2reg -loop-simplify -indvars -instcombine -gvn -gvn -instcombine -adce -break-crit-edges -simplifycfg -loop-delete -global-array-opt -dce -dse -adce -find-syn-modules -top ov7670_interface -deadargelim -mem2reg -instcombine -dce -presyn-prepare -auto-rom-infer -interface-preproc -syn-check -check-rec-only -find-region -simplifycfg -func-extr -function-inline -globaldce -mem2reg -instcombine -dce -gvn -globaldce -adce -adse -constprop -instcombine -bit-constprop -instcombine -dce -simplifycfg -bitop-raise -simplifycfg -dce -loop-delete -reassociate -globalopt -global-privatize -mem2reg -dce -global-constprop -pointer-simplify -constprop -dce -func-inst -deadargelim -auto-shift-reg-idiom -promote-dbg-pointer -norm-name C:/Users/mazzo/Desktop/Sistemi-Digitali-M/Progetto/HLS/OV7670_INTERFACE/solution1/.autopilot/db/a.g.0.bc -o C:/Users/mazzo/Desktop/Sistemi-Digitali-M/Progetto/HLS/OV7670_INTERFACE/solution1/.autopilot/db/a.g.1.bc -f -phase std-opt 
INFO: [HLS 200-111] Finished Standard Transforms Time (s): cpu = 00:00:02 ; elapsed = 00:00:28 . Memory (MB): peak = 165.602 ; gain = 74.812
INFO: [HLS 200-10] Checking synthesizability ...
INFO-FLOW: Checking Synthesizability 1/2..
Execute         transform -hls -syn-check -check-rec-only -disaggr -scalarrepl -norm-name -dce -mem2reg -instcombine -function-uniquify -directive-preproc -mem2reg -dse -dce -auto-rom-infer -dce -pag -array-normalize -instcombine -dce -warn-fifo-pointer -array-seg-normalize -instcombine -dce -array-flatten -instcombine -dce -array-burst -dce -deadargelim -promote-global-argument -simplifycfg -mem2reg -globaldce -dce -deadargelim -dce -instcombine -function-inline -globaldce -dce -doublePtrSimplify -doublePtrElim -dce -doublePtrSimplify -promote-dbg-pointer -dce -scalarrepl -dse -adse -instcombine -ptrLegalization -simplifycfg -dce -instcombine -pointer-simplify -ptrArgReplace -dce -instcombine -resolve-double-ptr -disaggr -scalarrepl -norm-name -dce -mem2reg -instcombine -ptrLegalization -simplifycfg -deadargelim -instcombine -dce -inst-simplify -function-uniquify -directive-preproc -mem2reg -dse -dce -globaldce -check-dspbuiltin C:/Users/mazzo/Desktop/Sistemi-Digitali-M/Progetto/HLS/OV7670_INTERFACE/solution1/.autopilot/db/a.g.1.bc -o C:/Users/mazzo/Desktop/Sistemi-Digitali-M/Progetto/HLS/OV7670_INTERFACE/solution1/.autopilot/db/a.g.2.prechk.bc -f 
INFO-FLOW: Checking Synthesizability 2/2..
Execute         transform -syn-check C:/Users/mazzo/Desktop/Sistemi-Digitali-M/Progetto/HLS/OV7670_INTERFACE/solution1/.autopilot/db/a.g.2.prechk.bc -o C:/Users/mazzo/Desktop/Sistemi-Digitali-M/Progetto/HLS/OV7670_INTERFACE/solution1/.autopilot/db/a.g.2.bc -f -phase syn-check 
INFO: [HLS 200-111] Finished Checking Synthesizability Time (s): cpu = 00:00:02 ; elapsed = 00:00:28 . Memory (MB): peak = 165.602 ; gain = 74.812
INFO-FLOW: Compiler optimizing ...
INFO-FLOW: Share syncheck's 1.bc for syn flow: copy C:/Users/mazzo/Desktop/Sistemi-Digitali-M/Progetto/HLS/OV7670_INTERFACE/solution1/.autopilot/db/a.g.1.bc to C:/Users/mazzo/Desktop/Sistemi-Digitali-M/Progetto/HLS/OV7670_INTERFACE/solution1/.autopilot/db/a.o.1.bc
INFO-FLOW: Presyn 1...
Execute         transform -hls -tmp C:/Users/mazzo/Desktop/Sistemi-Digitali-M/Progetto/HLS/OV7670_INTERFACE/solution1/.autopilot/db -interface-port-rename -type-info -function-uniquify -directive-preproc -mem2reg -dse -dce -disaggr -scalarrepl -norm-name -deadargelim -mem2reg -instcombine -dce -simplifycfg -auto-rom-infer -dce -function-uniquify -resource-proc -clib-intrinsic-prepare -dce -func-buffer -dce -pag -array-normalize -func-legal -instcombine -gvn -constprop -dce -simplifycfg -mem2reg -globaldce -resolve-double-ptr -dce -deadargelim -dce -instcombine -ptrArgReplace -mem2reg -dce -array-seg-normalize -deadargelim -instcombine -dce -pointer-simplify -dce -port-alignment -dce -interface-preproc -data-pack -instcombine -dce -basicaa -aggr-aa -aggrmodref-aa -aggr-aa -gvn -gvn -basicaa -aggr-aa -aggrmodref-aa -aggr-aa -dse -adse -adce -loop-simplify -indvars -instcombine -gvn -loop-simplify -mem2reg -dce -find-region -instcombine -auto-loop-pipeline -inst-simplify -interface-preproc -cfgopt -instcombine -indvars -auto-loop-unroll -loop-simplify -loop-bound -xunroll -constprop -instcombine -simplifycfg -indvars -simplifycfg -dce -globaldce -clean-region -attach-range -gvn -inst-simplify -constprop -simplifycfg -dce -pointer-simplify -dce -globalopt -constprop -dce -array-promote -constprop -dce -ptrArgReplace -mem2reg -simplifycfg -dce -auto-par -instcombine -dce -array-transform-check -array-reshape -instcombine -simplifycfg -dce -ptrArgReplace -deadargelim -mem2reg -instcombine -simplifycfg -dce -indvars -loop-simplify -loop-bound -xunroll -constprop -instcombine -simplifycfg -indvars -simplifycfg -dce -globaldce -basicaa -aggr-aa -aggrmodref-aa -aggr-aa -dse -duplicate-dataflow-processes -globaldce -instcombine -array-partition -instcombine -simplifycfg -dce -ptrArgReplace -global-constprop -deadargelim -mem2reg -func-legal -dce -global-constprop -deadargelim -mem2reg -simplifycfg -dce -merge-param -deadargelim -globalopt -constprop -dce -array-promote -constprop -dce -ptrArgReplace -mem2reg -simplifycfg -dce -mem-intrinsic-preproc -dce -global-internalize -global-privatize -mem2reg -globaldce -promote-global-argument -ptrArgReplace -mem2reg -dce -globalopt -mergereturn -simplify-global-access -mem2reg -dce -pointer-simplify -dce -functionattrs -basicaa -aggr-aa -aggrmodref-aa -aggr-aa -gvn -gvn -basicaa -aggr-aa -aggrmodref-aa -aggr-aa -dse -adse -adce -dce -norm-name -function-inline -complex-op-raise -inst-simplify -globaldce -func-inst -constprop -instcombine -simplifycfg -dce -func-legal -dce -loop-bound -arraycheck -bitwidthmin -on-by-dataflow -loop-delete -instcombine -simplifycfg -globaldce -dce -gvn -deadargelim -dce -loop-simplify -clean-region -simplifycfg -propagate-stable-arguments -loop-stream -instcombine -simplifycfg -dce -globaldce -duplicate-dataflow-processes -stream-intrinsic-preproc -dce -check-ap-stream -loop-simplify -eliminate-keepreads -extract-dataflow-in-loop -loop-simplify -dce -gvn -deadargelim -dse -check-dataflow-syntax -legalize-stream-variable -legalize-global -extract-subproc -dce -dead-channel-elimination -canonicalize-gep -globaldce -dce -gvn -deadargelim -annotate-dataflow-channels -scalar-propagation -deadargelim -globaldce -mem2reg -check-dataflow-channels -function-stream -dce -globaldce -prop-fifo-spec -internal-stream-gen -canonicalize-gep -globaldce -dce -gvn -deadargelim -mergereturn -indvars -loop-simplify -instcombine -array-stream -array-seg-normalize -array-partition -func-legal -instcombine -simplifycfg -dce -bundle-memfifo-ops -deadargelim -function-uniquify -directive-preproc -mem2reg -dse -dce -group-axi-access -licm -simplifycfg -dce -loop-delete -norm-name C:/Users/mazzo/Desktop/Sistemi-Digitali-M/Progetto/HLS/OV7670_INTERFACE/solution1/.autopilot/db/a.o.1.bc -o C:/Users/mazzo/Desktop/Sistemi-Digitali-M/Progetto/HLS/OV7670_INTERFACE/solution1/.autopilot/db/a.o.1.tmp.bc -f 
Command         transform done; 0.242 sec.
INFO-FLOW: Presyn 2...
Execute         transform -hls -keep-callgraph -scalarrepl -mem2reg -port-alignment -attach-range -dce -pipe-mux-gen -indvars -loop-bound -inst-simplify -instcombine -dce -merge-array-access -mem2reg -dce -clean-region -mergereturn -if-conv -instcombine -dce -constprop -basicaa -aggr-aa -aggrmodref-aa -aggr-aa -gvn -gvn -basicaa -aggr-aa -aggrmodref-aa -aggr-aa -dse -adse -adce -scalarrepl -mem2reg -global-constprop -deadargelim -deadargelim -instcombine -dce -simplifycfg -ptrArgReplace -mem2reg -function-inline -globaldce -mem2reg -instcombine -dce -expr-balance -instcombine -dce -bitwidthmin -interface-preproc -directive-preproc -inst-rectify -instcombine -dce -functionattrs -constprop -instcombine -bit-constprop -simplify-global-access -globalopt -globaldce -inst-simplify -instcombine -elimdeaddata -dce -loop-delete -simplifycfg -loop-simplify -auto-burst -norm-name C:/Users/mazzo/Desktop/Sistemi-Digitali-M/Progetto/HLS/OV7670_INTERFACE/solution1/.autopilot/db/a.o.1.tmp.bc -o C:/Users/mazzo/Desktop/Sistemi-Digitali-M/Progetto/HLS/OV7670_INTERFACE/solution1/.autopilot/db/a.o.2.bc -f -phase presyn 
Command         transform done; 0.149 sec.
INFO: [HLS 200-111] Finished Pre-synthesis Time (s): cpu = 00:00:02 ; elapsed = 00:00:28 . Memory (MB): peak = 165.602 ; gain = 74.812
INFO-FLOW: Building ssdm...
Execute         transform -hls -function-uniquify -auto-function-inline -globaldce -ptrArgReplace -mem2reg -dce -reset-lda -loop-simplify -indvars -licm -loop-dep -loop-bound -licm -loop-simplify -flattenloopnest -array-flatten -gvn -instcombine -dce -array-map -dce -func-legal -gvn -adce -instcombine -cfgopt -simplifycfg -loop-simplify -array-burst -promote-global-argument -dce -ptrLegalization -axi4-lower -array-seg-normalize -basicaa -aggrmodref-aa -globalsmodref-aa -aggr-aa -gvn -gvn -basicaa -aggrmodref-aa -globalsmodref-aa -aggr-aa -dse -adse -adce -licm -inst-simplify -dce -globaldce -instcombine -array-stream -eliminate-keepreads -instcombine -dce -deadargelim -doublePtrSimplify -doublePtrElim -dce -doublePtrSimplify -promote-dbg-pointer -dce -scalarrepl -mem2reg -disaggr -norm-name -mem2reg -instcombine -dse -adse -adce -ptrLegalization -dce -auto-rom-infer -array-flatten -dce -instcombine -check-doubleptr -loop-rot -constprop -cfgopt -simplifycfg -loop-simplify -indvars -pointer-simplify -dce -loop-bound -loop-simplify -loop-preproc -constprop -global-constprop -gvn -mem2reg -instcombine -dce -loop-bound -loop-merge -dce -bitwidthmin -deadargelim -dce -canonicalize-dataflow -dce -scalar-propagation -deadargelim -globaldce -mem2reg -read-loop-dep -interface-preproc -directive-preproc -interface-gen -bram-byte-enable -deadargelim -inst-simplify -dce -gvn -mem2reg -instcombine -dce -adse -loop-bound -instcombine -cfgopt -simplifycfg -loop-simplify -clean-region -io-protocol -find-region -mem2reg -bitop-raise -complex-op-raise -inst-simplify -inst-rectify -instcombine -adce -deadargelim -loop-simplify -phi-opt -bitop-raise -cfgopt -simplifycfg -strip-dead-prototypes -interface-lower -bitop-lower -intrinsic-lower -auto-function-inline -basicaa -aggrmodref-aa -globalsmodref-aa -aggr-aa -inst-simplify -simplifycfg -loop-simplify -mergereturn -inst-simplify -inst-rectify -dce -load-elim -bitop-lower -loop-rewind -pointer-simplify -dce -cfgopt -dce -loop-bound -loop-dep -read-loop-dep -dce -check-stream -norm-name -legalize -validate-dataflow -inst-clarity -bitwidth -dump-loop-dep-to-ir -check-all-ssdm -cdfg-build C:/Users/mazzo/Desktop/Sistemi-Digitali-M/Progetto/HLS/OV7670_INTERFACE/solution1/.autopilot/db/a.o.2.bc -o C:/Users/mazzo/Desktop/Sistemi-Digitali-M/Progetto/HLS/OV7670_INTERFACE/solution1/.autopilot/db/a.o.3.bc -f -phase build-ssdm 
Command         transform done; 0.258 sec.
INFO: [HLS 200-111] Finished Architecture Synthesis Time (s): cpu = 00:00:03 ; elapsed = 00:00:29 . Memory (MB): peak = 165.602 ; gain = 74.812
INFO-FLOW: Finish building internal data model.
Command       opt_and_import_c done; 2.055 sec.
Command     elaborate done; 26.408 sec.
Execute     autosyn -from_csynth_design=1 
INFO: [HLS 200-10] Starting hardware synthesis ...
INFO-FLOW: Synthesizing C/C++ design ...
INFO: [HLS 200-10] Synthesizing 'ov7670_interface' ...
Execute       ap_set_top_model ov7670_interface 
Execute       get_model_list ov7670_interface -filter all-wo-channel -topdown 
Execute       preproc_iomode -model ov7670_interface 
Execute       get_model_list ov7670_interface -filter all-wo-channel 
INFO-FLOW: Model list for configure: ov7670_interface
INFO-FLOW: Configuring Module : ov7670_interface ...
Execute       set_default_model ov7670_interface 
Execute       apply_spec_resource_limit ov7670_interface 
INFO-FLOW: Model list for preprocess: ov7670_interface
INFO-FLOW: Preprocessing Module: ov7670_interface ...
Execute       set_default_model ov7670_interface 
Execute       cdfg_preprocess -model ov7670_interface 
Execute       rtl_gen_preprocess ov7670_interface 
INFO-FLOW: Model list for synthesis: ov7670_interface
INFO: [HLS 200-10] ----------------------------------------------------------------
INFO: [HLS 200-42] -- Implementing module 'ov7670_interface' 
INFO: [HLS 200-10] ----------------------------------------------------------------
Execute       set_default_model ov7670_interface 
Execute       schedule -model ov7670_interface 
INFO: [SCHED 204-11] Starting scheduling ...
INFO: [SCHED 204-11] Finished scheduling.
INFO: [HLS 200-111]  Elapsed time: 28.913 seconds; current allocated memory: 89.578 MB.
Execute       syn_report -verbosereport -o C:/Users/mazzo/Desktop/Sistemi-Digitali-M/Progetto/HLS/OV7670_INTERFACE/solution1/.autopilot/db/ov7670_interface.verbose.sched.rpt 
Execute       db_write -o C:/Users/mazzo/Desktop/Sistemi-Digitali-M/Progetto/HLS/OV7670_INTERFACE/solution1/.autopilot/db/ov7670_interface.sched.adb -f 
INFO-FLOW: Finish scheduling ov7670_interface.
Execute       set_default_model ov7670_interface 
Execute       bind -model ov7670_interface 
BIND OPTION: model=ov7670_interface
INFO: [BIND 205-100] Starting micro-architecture generation ...
INFO: [BIND 205-101] Performing variable lifetime analysis.
INFO: [BIND 205-101] Exploring resource sharing.
INFO: [BIND 205-101] Binding ...
INFO: [BIND 205-100] Finished micro-architecture generation.
INFO: [HLS 200-111]  Elapsed time: 0.134 seconds; current allocated memory: 89.773 MB.
Execute       syn_report -verbosereport -o C:/Users/mazzo/Desktop/Sistemi-Digitali-M/Progetto/HLS/OV7670_INTERFACE/solution1/.autopilot/db/ov7670_interface.verbose.bind.rpt 
Execute       db_write -o C:/Users/mazzo/Desktop/Sistemi-Digitali-M/Progetto/HLS/OV7670_INTERFACE/solution1/.autopilot/db/ov7670_interface.bind.adb -f 
INFO-FLOW: Finish binding ov7670_interface.
Execute       get_model_list ov7670_interface -filter all-wo-channel 
INFO-FLOW: Preprocessing for RTLGen ...
Execute       rtl_gen_preprocess ov7670_interface 
INFO-FLOW: Model list for RTL generation: ov7670_interface
INFO: [HLS 200-10] ----------------------------------------------------------------
INFO: [HLS 200-10] -- Generating RTL for module 'ov7670_interface' 
INFO: [HLS 200-10] ----------------------------------------------------------------
Execute       get_config_rtl -module_prefix 
Execute       get_config_rtl -module_auto_prefix 
Execute       create_rtl_model ov7670_interface -vendor xilinx -mg_file C:/Users/mazzo/Desktop/Sistemi-Digitali-M/Progetto/HLS/OV7670_INTERFACE/solution1/.autopilot/db/ov7670_interface.compgen.tcl 
INFO: [RTGEN 206-500] Setting interface mode on port 'ov7670_interface/data_in_V' to 'ap_none'.
INFO: [RTGEN 206-500] Setting interface mode on port 'ov7670_interface/href_V' to 'ap_none'.
INFO: [RTGEN 206-500] Setting interface mode on port 'ov7670_interface/vsync_V' to 'ap_none'.
INFO: [RTGEN 206-500] Setting interface mode on port 'ov7670_interface/data_out_V' to 'ap_none'.
WARNING: [RTGEN 206-101] Port 'data_out_V' with mode 'ap_none' may require an associated data valid signal to correctly communicate with other blocks or a test bench; automatic C/RTL co-simulation may not be able to verify such a port.
INFO: [RTGEN 206-500] Setting interface mode on port 'ov7670_interface/line_valid_V' to 'ap_none'.
WARNING: [RTGEN 206-101] Port 'line_valid_V' with mode 'ap_none' may require an associated data valid signal to correctly communicate with other blocks or a test bench; automatic C/RTL co-simulation may not be able to verify such a port.
INFO: [RTGEN 206-500] Setting interface mode on port 'ov7670_interface/frame_valid_V' to 'ap_none'.
WARNING: [RTGEN 206-101] Port 'frame_valid_V' with mode 'ap_none' may require an associated data valid signal to correctly communicate with other blocks or a test bench; automatic C/RTL co-simulation may not be able to verify such a port.
INFO: [RTGEN 206-500] Setting interface mode on function 'ov7670_interface' to 'ap_ctrl_hs'.
WARNING: [RTGEN 206-101] Register 'first' is power-on initialization.
WARNING: [RTGEN 206-101] Register 'count_lines' is power-on initialization.
WARNING: [RTGEN 206-101] Register 'count_readings' is power-on initialization.
INFO: [RTGEN 206-100] Finished creating RTL model for 'ov7670_interface'.
Command       create_rtl_model done; 0.463 sec.
INFO: [HLS 200-111]  Elapsed time: 0.634 seconds; current allocated memory: 90.052 MB.
Execute       source C:/Users/mazzo/Desktop/Sistemi-Digitali-M/Progetto/HLS/OV7670_INTERFACE/solution1/.autopilot/db/ov7670_interface.rtl_wrap.cfg.tcl 
Execute       gen_rtl ov7670_interface -istop -style xilinx -tracefl mytrace -tracefmt vcd -traceopt all -f -lang sc -o C:/Users/mazzo/Desktop/Sistemi-Digitali-M/Progetto/HLS/OV7670_INTERFACE/solution1/syn/systemc/ov7670_interface -synmodules ov7670_interface 
Execute       gen_rtl ov7670_interface -istop -style xilinx -f -lang vhdl -o C:/Users/mazzo/Desktop/Sistemi-Digitali-M/Progetto/HLS/OV7670_INTERFACE/solution1/syn/vhdl/ov7670_interface 
Execute       gen_rtl ov7670_interface -istop -style xilinx -f -lang vlog -o C:/Users/mazzo/Desktop/Sistemi-Digitali-M/Progetto/HLS/OV7670_INTERFACE/solution1/syn/verilog/ov7670_interface 
Execute       syn_report -csynth -model ov7670_interface -o C:/Users/mazzo/Desktop/Sistemi-Digitali-M/Progetto/HLS/OV7670_INTERFACE/solution1/syn/report/ov7670_interface_csynth.rpt 
Execute       syn_report -rtlxml -model ov7670_interface -o C:/Users/mazzo/Desktop/Sistemi-Digitali-M/Progetto/HLS/OV7670_INTERFACE/solution1/syn/report/ov7670_interface_csynth.xml 
Execute       syn_report -verbosereport -model ov7670_interface -o C:/Users/mazzo/Desktop/Sistemi-Digitali-M/Progetto/HLS/OV7670_INTERFACE/solution1/.autopilot/db/ov7670_interface.verbose.rpt 
Execute       db_write -model ov7670_interface -f -o C:/Users/mazzo/Desktop/Sistemi-Digitali-M/Progetto/HLS/OV7670_INTERFACE/solution1/.autopilot/db/ov7670_interface.adb 
Execute       gen_tb_info ov7670_interface -p C:/Users/mazzo/Desktop/Sistemi-Digitali-M/Progetto/HLS/OV7670_INTERFACE/solution1/.autopilot/db -o C:/Users/mazzo/Desktop/Sistemi-Digitali-M/Progetto/HLS/OV7670_INTERFACE/solution1/.autopilot/db/ov7670_interface 
Execute       export_constraint_db -f -tool general -o C:/Users/mazzo/Desktop/Sistemi-Digitali-M/Progetto/HLS/OV7670_INTERFACE/solution1/.autopilot/db/ov7670_interface.constraint.tcl 
Execute       syn_report -designview -model ov7670_interface -o C:/Users/mazzo/Desktop/Sistemi-Digitali-M/Progetto/HLS/OV7670_INTERFACE/solution1/.autopilot/db/ov7670_interface.design.xml 
Execute       get_config_rtl -disable_wave_debug 
Execute       syn_report -wcfg -model ov7670_interface -o C:/Users/mazzo/Desktop/Sistemi-Digitali-M/Progetto/HLS/OV7670_INTERFACE/solution1/.autopilot/db/ov7670_interface_dataflow_ana.wcfg 
Execute       syn_report -protoinst -model ov7670_interface -o C:/Users/mazzo/Desktop/Sistemi-Digitali-M/Progetto/HLS/OV7670_INTERFACE/solution1/.autopilot/db/ov7670_interface.protoinst 
Command       syn_report done; 0.117 sec.
Execute       get_config_debug -directory 
Execute       sc_get_clocks ov7670_interface 
Execute       get_config_export -vivado_clock 
Execute       sc_get_portdomain ov7670_interface 
INFO-FLOW: Model list for RTL component generation: ov7670_interface
INFO-FLOW: Handling components in module [ov7670_interface] ... 
Execute       source C:/Users/mazzo/Desktop/Sistemi-Digitali-M/Progetto/HLS/OV7670_INTERFACE/solution1/.autopilot/db/ov7670_interface.compgen.tcl 
INFO-FLOW: Append model ov7670_interface
INFO-FLOW: Generating RTL model list ...
INFO-FLOW: All models in this session: ov7670_interface
INFO-FLOW: To file: write model ov7670_interface
INFO-FLOW: Finished generating RTL model list.


INFO-FLOW: RTL Generation done.
INFO-FLOW: CAS Generation done.
INFO-FLOW: CBC Generation done.
INFO-FLOW: DBG:CMD: auto_generate_csynth_design
INFO-FLOW: DBG:CMD:     auto_generate --sim-model -phase csynth_design -d C:/Users/mazzo/Desktop/Sistemi-Digitali-M/Progetto/HLS/OV7670_INTERFACE/solution1
Execute       source C:/Users/mazzo/Desktop/Sistemi-Digitali-M/Progetto/HLS/OV7670_INTERFACE/solution1/.autopilot/db/global.setting.tcl 
INFO-FLOW: DBG:CMD: read_platform_lib C:/Users/mazzo/Desktop/Sistemi-Digitali-M/Progetto/HLS/OV7670_INTERFACE/solution1/.autopilot/db/global.setting.tcl
Execute       source C:/Xilinx/Vivado/2019.1/common/technology/generic/autopilot/common.gen 
Execute         source C:/Xilinx/Vivado/2019.1/common/technology/generic/autopilot/APCoreGen.gen 
Execute       source C:/Xilinx/Vivado/2019.1/common/technology/generic/autopilot/op.gen 
Execute       source C:/Xilinx/Vivado/2019.1/common/technology/generic/autopilot/op_simcore.gen 
Execute       source C:/Xilinx/Vivado/2019.1/common/technology/generic/autopilot/interface.gen 
Execute       source C:/Users/mazzo/Desktop/Sistemi-Digitali-M/Progetto/HLS/OV7670_INTERFACE/solution1/.autopilot/db/global.setting.tcl 
Execute       source C:/Xilinx/Vivado/2019.1/common/technology/xilinx/zynq/zynq.gen 
Execute         source C:/Xilinx/Vivado/2019.1/common/technology/xilinx/common/xilinx.gen 
Execute           source C:/Xilinx/Vivado/2019.1/common/technology/xilinx/interface/plb46.gen 
Execute           source C:/Xilinx/Vivado/2019.1/common/technology/xilinx/interface/fsl.gen 
Execute           source C:/Xilinx/Vivado/2019.1/common/technology/xilinx/interface/axi4.gen 
Execute           source C:/Xilinx/Vivado/2019.1/common/technology/xilinx/interface/nativeAXI4.gen 
Execute             source C:/Xilinx/Vivado/2019.1/common/technology/xilinx/interface/saxilite.gen 
Execute             source C:/Xilinx/Vivado/2019.1/common/technology/xilinx/interface/maxi.gen 
Execute           source C:/Xilinx/Vivado/2019.1/common/technology/xilinx/scripts/xilinxcoregen.gen 
Execute           source C:/Xilinx/Vivado/2019.1/common/technology/xilinx/interface/XilEDKCoreGen.gen 
Execute           source C:/Xilinx/Vivado/2019.1/common/technology/xilinx/ip/dds_compiler.gen 
Execute           source C:/Xilinx/Vivado/2019.1/common/technology/xilinx/ip/util.gen 
Execute           source C:/Xilinx/Vivado/2019.1/common/technology/xilinx/ip/xfft.gen 
Command           ap_source done; 0.167 sec.
Execute           source C:/Xilinx/Vivado/2019.1/common/technology/xilinx/ip/xfir.gen 
Execute           source C:/Xilinx/Vivado/2019.1/common/technology/xilinx/common/dsp48.gen 
Command         ap_source done; 0.243 sec.
Command       ap_source done; 0.244 sec.
Execute       source C:/Xilinx/Vivado/2019.1/common/technology/xilinx/zynq/zynq_fpv6.gen 
Execute         source C:/Xilinx/Vivado/2019.1/common/technology/xilinx/common/xilinx_fp.gen 
INFO-FLOW: DBG:CMD:   using AESL_AUTOCG::g_clock_period=10.000 (was NA)
INFO-FLOW: DBG:CMD:       generate_ip_cores sim=1 export=0 expOnly=0 dstVlogDir=syn/verilog
Execute       source C:/Users/mazzo/Desktop/Sistemi-Digitali-M/Progetto/HLS/OV7670_INTERFACE/solution1/.autopilot/db/global.setting.tcl 
Execute       ap_part_info -name xc7z020-clg400-1 -data names -quiet 
Execute       ap_part_info -name xc7z020-clg400-1 -data info -quiet 
Execute       source C:/Users/mazzo/Desktop/Sistemi-Digitali-M/Progetto/HLS/OV7670_INTERFACE/solution1/.autopilot/db/global.setting.tcl 
Execute       source C:/Users/mazzo/Desktop/Sistemi-Digitali-M/Progetto/HLS/OV7670_INTERFACE/solution1/.autopilot/db/global.setting.tcl 
Execute       source C:/Users/mazzo/Desktop/Sistemi-Digitali-M/Progetto/HLS/OV7670_INTERFACE/solution1/.autopilot/db/ov7670_interface.compgen.tcl 
INFO-FLOW: DBG:CMD:     auto_generate -export -impltomg_flag -rtl both -tool Vivado -pcore_version 1.00.a -phase csynth_design -d C:/Users/mazzo/Desktop/Sistemi-Digitali-M/Progetto/HLS/OV7670_INTERFACE/solution1
Execute       source C:/Users/mazzo/Desktop/Sistemi-Digitali-M/Progetto/HLS/OV7670_INTERFACE/solution1/.autopilot/db/global.setting.tcl 
INFO-FLOW: DBG:CMD: read_platform_lib C:/Users/mazzo/Desktop/Sistemi-Digitali-M/Progetto/HLS/OV7670_INTERFACE/solution1/.autopilot/db/global.setting.tcl
Execute       source C:/Xilinx/Vivado/2019.1/common/technology/generic/autopilot/common.gen 
Execute         source C:/Xilinx/Vivado/2019.1/common/technology/generic/autopilot/APCoreGen.gen 
Execute       source C:/Xilinx/Vivado/2019.1/common/technology/generic/autopilot/op.gen 
Execute       source C:/Xilinx/Vivado/2019.1/common/technology/generic/autopilot/op_simcore.gen 
Execute       source C:/Xilinx/Vivado/2019.1/common/technology/generic/autopilot/interface.gen 
Execute       source C:/Users/mazzo/Desktop/Sistemi-Digitali-M/Progetto/HLS/OV7670_INTERFACE/solution1/.autopilot/db/global.setting.tcl 
Execute       source C:/Xilinx/Vivado/2019.1/common/technology/xilinx/zynq/zynq.gen 
Execute         source C:/Xilinx/Vivado/2019.1/common/technology/xilinx/common/xilinx.gen 
Execute           source C:/Xilinx/Vivado/2019.1/common/technology/xilinx/interface/plb46.gen 
Execute           source C:/Xilinx/Vivado/2019.1/common/technology/xilinx/interface/fsl.gen 
Execute           source C:/Xilinx/Vivado/2019.1/common/technology/xilinx/interface/axi4.gen 
Execute           source C:/Xilinx/Vivado/2019.1/common/technology/xilinx/interface/nativeAXI4.gen 
Execute             source C:/Xilinx/Vivado/2019.1/common/technology/xilinx/interface/saxilite.gen 
Execute             source C:/Xilinx/Vivado/2019.1/common/technology/xilinx/interface/maxi.gen 
Execute           source C:/Xilinx/Vivado/2019.1/common/technology/xilinx/scripts/xilinxcoregen.gen 
Execute           source C:/Xilinx/Vivado/2019.1/common/technology/xilinx/interface/XilEDKCoreGen.gen 
Execute           source C:/Xilinx/Vivado/2019.1/common/technology/xilinx/ip/dds_compiler.gen 
Execute           source C:/Xilinx/Vivado/2019.1/common/technology/xilinx/ip/util.gen 
Execute           source C:/Xilinx/Vivado/2019.1/common/technology/xilinx/ip/xfft.gen 
Command           ap_source done; 0.255 sec.
Execute           source C:/Xilinx/Vivado/2019.1/common/technology/xilinx/ip/xfir.gen 
Execute           source C:/Xilinx/Vivado/2019.1/common/technology/xilinx/common/dsp48.gen 
Command         ap_source done; 0.341 sec.
Command       ap_source done; 0.341 sec.
Execute       source C:/Xilinx/Vivado/2019.1/common/technology/xilinx/zynq/zynq_fpv6.gen 
Execute         source C:/Xilinx/Vivado/2019.1/common/technology/xilinx/common/xilinx_fp.gen 
INFO-FLOW: DBG:CMD:       initCTypeInfo top_module=ov7670_interface xml_exists=0
Execute       source C:/Users/mazzo/Desktop/Sistemi-Digitali-M/Progetto/HLS/OV7670_INTERFACE/solution1/.autopilot/db/ov7670_interface.rtl_wrap.cfg.tcl 
Execute       source C:/Users/mazzo/Desktop/Sistemi-Digitali-M/Progetto/HLS/OV7670_INTERFACE/solution1/.autopilot/db/ov7670_interface.rtl_wrap.cfg.tcl 
Execute       source C:/Users/mazzo/Desktop/Sistemi-Digitali-M/Progetto/HLS/OV7670_INTERFACE/solution1/.autopilot/db/ov7670_interface.rtl_wrap.cfg.tcl 
Execute       source C:/Users/mazzo/Desktop/Sistemi-Digitali-M/Progetto/HLS/OV7670_INTERFACE/solution1/.autopilot/db/ov7670_interface.tbgen.tcl 
Execute       source C:/Users/mazzo/Desktop/Sistemi-Digitali-M/Progetto/HLS/OV7670_INTERFACE/solution1/.autopilot/db/ov7670_interface.tbgen.tcl 
INFO-FLOW: DBG:CMD:       export_impl_rtl
INFO-FLOW: DBG:CMD:       generate_ip_cores sim=0 export=0 expOnly=0 dstVlogDir=impl/.verilog
Execute       source C:/Users/mazzo/Desktop/Sistemi-Digitali-M/Progetto/HLS/OV7670_INTERFACE/solution1/.autopilot/db/global.setting.tcl 
Execute       source C:/Users/mazzo/Desktop/Sistemi-Digitali-M/Progetto/HLS/OV7670_INTERFACE/solution1/.autopilot/db/ov7670_interface.compgen.tcl 
INFO-FLOW: DBG:CMD:       generate_ip_cores sim=0 export=1 expOnly=1 dstVlogDir=impl/.pcores/verilog
Execute       source C:/Users/mazzo/Desktop/Sistemi-Digitali-M/Progetto/HLS/OV7670_INTERFACE/solution1/.autopilot/db/global.setting.tcl 
Execute       source C:/Users/mazzo/Desktop/Sistemi-Digitali-M/Progetto/HLS/OV7670_INTERFACE/solution1/.autopilot/db/ov7670_interface.compgen.tcl 
Execute         ap_part_info -name xc7z020-clg400-1 -data names -quiet 
Execute         ap_part_info -name xc7z020-clg400-1 -data info -quiet 
Execute         ap_part_info -name xc7z020-clg400-1 -data names -quiet 
Execute         ap_part_info -name xc7z020-clg400-1 -data info -quiet 
Execute         ap_part_info -name xc7z020-clg400-1 -data names -quiet 
Execute         ap_part_info -name xc7z020-clg400-1 -data info -quiet 
Execute         ap_part_info -name xc7z020-clg400-1 -data names -quiet 
Execute         ap_part_info -name xc7z020-clg400-1 -data info -quiet 
Execute         ap_part_info -name xc7z020-clg400-1 -data names -quiet 
Execute         ap_part_info -name xc7z020-clg400-1 -data info -quiet 
Execute         ap_part_info -name xc7z020-clg400-1 -data names -quiet 
Execute         ap_part_info -name xc7z020-clg400-1 -data info -quiet 
Execute         ap_part_info -name xc7z020-clg400-1 -data names -quiet 
Execute         ap_part_info -name xc7z020-clg400-1 -data info -quiet 
Execute         ap_part_info -name xc7z020-clg400-1 -data names -quiet 
Execute         ap_part_info -name xc7z020-clg400-1 -data info -quiet 
Execute         ap_part_info -name xc7z020-clg400-1 -data names -quiet 
Execute         ap_part_info -name xc7z020-clg400-1 -data info -quiet 
Execute         ap_part_info -name xc7z020-clg400-1 -data names -quiet 
Execute         ap_part_info -name xc7z020-clg400-1 -data info -quiet 
Execute         ap_part_info -name xc7z020-clg400-1 -data names -quiet 
Execute         ap_part_info -name xc7z020-clg400-1 -data info -quiet 
Execute         ap_part_info -name xc7z020-clg400-1 -data names -quiet 
Execute         ap_part_info -name xc7z020-clg400-1 -data info -quiet 
Execute         ap_part_info -name xc7z020-clg400-1 -data names -quiet 
Execute         ap_part_info -name xc7z020-clg400-1 -data info -quiet 
Execute       ap_part_info -name xc7z020-clg400-1 -data names -quiet 
Execute       ap_part_info -name xc7z020-clg400-1 -data info -quiet 
INFO-FLOW: DBG:CMD:       generate_ip_cores sim=0 export=0 expOnly=0 dstVlogDir=impl/.pcores/verilog_sim
Execute       source C:/Users/mazzo/Desktop/Sistemi-Digitali-M/Progetto/HLS/OV7670_INTERFACE/solution1/.autopilot/db/global.setting.tcl 
Execute       source C:/Users/mazzo/Desktop/Sistemi-Digitali-M/Progetto/HLS/OV7670_INTERFACE/solution1/.autopilot/db/ov7670_interface.compgen.tcl 
Execute       ap_part_info -name xc7z020-clg400-1 -data names -quiet 
Execute       ap_part_info -name xc7z020-clg400-1 -data info -quiet 
Execute       ap_part_info -name xc7z020-clg400-1 -data names -quiet 
Execute       ap_part_info -name xc7z020-clg400-1 -data info -quiet 
Execute       source C:/Users/mazzo/Desktop/Sistemi-Digitali-M/Progetto/HLS/OV7670_INTERFACE/solution1/.autopilot/db/global.setting.tcl 
Execute       ap_part_info -name xc7z020-clg400-1 -data names -quiet 
Execute       ap_part_info -name xc7z020-clg400-1 -data info -quiet 
Execute       source C:/Users/mazzo/Desktop/Sistemi-Digitali-M/Progetto/HLS/OV7670_INTERFACE/solution1/.autopilot/db/ov7670_interface.constraint.tcl 
Execute       source C:/Users/mazzo/Desktop/Sistemi-Digitali-M/Progetto/HLS/OV7670_INTERFACE/solution1/.autopilot/db/ov7670_interface.tbgen.tcl 
INFO-FLOW: DBG:CMD:       hasPcoreIpAdapter=false #gSsdmPorts=14
INFO-FLOW: DBG:CMD: Skipping loadAnalyze_DB, #g_database=6
INFO-FLOW: DBG:CMD:       generate_json is_phase_csynth=1 g_has_adaptors=false generate_bd_files=0 #modelList=1 #gSsdmPorts=14
Execute       source C:/Xilinx/Vivado/2019.1/tps/tcl/tcllib1.11.1/fileutil/fileutil.tcl 
Execute         source C:/Xilinx/Vivado/2019.1/tps/tcl/tcllib1.11.1/cmdline/cmdline.tcl 
Execute       source C:/Users/mazzo/Desktop/Sistemi-Digitali-M/Progetto/HLS/OV7670_INTERFACE/solution1/.autopilot/db/global.setting.tcl 
Execute       source C:/Users/mazzo/Desktop/Sistemi-Digitali-M/Progetto/HLS/OV7670_INTERFACE/solution1/.autopilot/db/global.setting.tcl 
Execute       get_config_export -xo 
Execute       source C:/Users/mazzo/Desktop/Sistemi-Digitali-M/Progetto/HLS/OV7670_INTERFACE/solution1/.autopilot/db/ov7670_interface.tbgen.tcl 
Execute       source C:/Users/mazzo/Desktop/Sistemi-Digitali-M/Progetto/HLS/OV7670_INTERFACE/solution1/.autopilot/db/ov7670_interface.tbgen.tcl 
Execute       source C:/Users/mazzo/Desktop/Sistemi-Digitali-M/Progetto/HLS/OV7670_INTERFACE/solution1/.autopilot/db/ov7670_interface.tbgen.tcl 
Execute       source C:/Users/mazzo/Desktop/Sistemi-Digitali-M/Progetto/HLS/OV7670_INTERFACE/solution1/.autopilot/db/ov7670_interface.tbgen.tcl 
Execute       source C:/Users/mazzo/Desktop/Sistemi-Digitali-M/Progetto/HLS/OV7670_INTERFACE/solution1/.autopilot/db/ov7670_interface.tbgen.tcl 
Execute       source C:/Users/mazzo/Desktop/Sistemi-Digitali-M/Progetto/HLS/OV7670_INTERFACE/solution1/.autopilot/db/global.setting.tcl 
Execute       get_config_sdx -target 
Execute       source C:/Users/mazzo/Desktop/Sistemi-Digitali-M/Progetto/HLS/OV7670_INTERFACE/solution1/.autopilot/db/ov7670_interface.rtl_wrap.cfg.tcl 
Execute       source C:/Users/mazzo/Desktop/Sistemi-Digitali-M/Progetto/HLS/OV7670_INTERFACE/solution1/.autopilot/db/ov7670_interface.compgen.dataonly.tcl 
Execute       source C:/Users/mazzo/Desktop/Sistemi-Digitali-M/Progetto/HLS/OV7670_INTERFACE/solution1/.autopilot/db/global.setting.tcl 
Execute       ap_part_info -name xc7z020-clg400-1 -data names -quiet 
Execute       ap_part_info -name xc7z020-clg400-1 -data info -quiet 
Execute       source C:/Users/mazzo/Desktop/Sistemi-Digitali-M/Progetto/HLS/OV7670_INTERFACE/solution1/.autopilot/db/ov7670_interface.constraint.tcl 
Execute       sc_get_clocks ov7670_interface 
Execute       ap_part_info -name xc7z020-clg400-1 -data names -quiet 
Execute       ap_part_info -name xc7z020-clg400-1 -data info -quiet 
Execute       source C:/Users/mazzo/Desktop/Sistemi-Digitali-M/Progetto/HLS/OV7670_INTERFACE/solution1/.autopilot/db/global.setting.tcl 
Execute       get_config_debug -directory 
Execute       source C:/Users/mazzo/Desktop/Sistemi-Digitali-M/Progetto/HLS/OV7670_INTERFACE/solution1/.autopilot/db/ov7670_interface.tbgen.tcl 
Execute       get_config_sdx -target 
Execute       get_config_sdx -profile 
Execute       get_config_rtl -kernel_profile 
Execute       get_config_rtl -stall_sig_gen 
Execute       get_config_rtl -profile 
INFO-FLOW: DBG:CMD: add_json_sdx_info kernel file does not exist, skipping opencl info: C:/Users/mazzo/Desktop/Sistemi-Digitali-M/Progetto/HLS/OV7670_INTERFACE/solution1/.autopilot/db/kernel.internal.xml
INFO-FLOW: DBG:CMD:       delete-temp-dirs (skipped for debug)
INFO: [HLS 200-111] Finished generating all RTL models Time (s): cpu = 00:00:04 ; elapsed = 00:00:32 . Memory (MB): peak = 165.602 ; gain = 74.812
INFO: [VHDL 208-304] Generating VHDL RTL for ov7670_interface.
INFO: [VLOG 209-307] Generating Verilog RTL for ov7670_interface.
Command     autosyn done; 3.202 sec.
Command   csynth_design done; 29.636 sec.
Command ap_source done; 31.07 sec.
Execute cleanup_all 
INFO-FLOW: Workspace C:/Users/mazzo/Desktop/Sistemi-Digitali-M/Progetto/HLS/OV7670_INTERFACE/solution1 opened at Wed Apr 07 00:55:26 +0200 2021
Execute     config_clock -quiet -name default -period 10 -default=false 
INFO: [SYN 201-201] Setting up clock 'default' with a period of 10ns.
Execute     config_clock -quiet -name default -uncertainty 1.25 -unit % 
INFO: [SYN 201-201] Setting up clock 'default' with an uncertainty of 1.25ns.
Execute     open_platform DefaultPlatform 
Execute     import_lib C:/Xilinx/Vivado/2019.1/common/technology/xilinx/zynq/zynq 
Execute       source C:/Xilinx/Vivado/2019.1/common/technology/xilinx/common/xilinx.lib 
Execute         source C:/Xilinx/Vivado/2019.1/common/technology/xilinx/interface/xilinx_interface.lib 
Execute           source C:/Xilinx/Vivado/2019.1/common/technology/xilinx/interface/plb46.lib 
Execute           source C:/Xilinx/Vivado/2019.1/common/technology/xilinx/interface/fsl.lib 
Execute           source C:/Xilinx/Vivado/2019.1/common/technology/xilinx/interface/axi4.lib 
Execute           source C:/Xilinx/Vivado/2019.1/common/technology/xilinx/interface/maxi.lib 
Execute           source C:/Xilinx/Vivado/2019.1/common/technology/xilinx/interface/saxilite.lib 
Execute         source C:/Xilinx/Vivado/2019.1/common/technology/xilinx/common/dsp48.lib 
Execute         source C:/Xilinx/Vivado/2019.1/common/technology/xilinx/ip/dds_compiler.lib 
Execute         source C:/Xilinx/Vivado/2019.1/common/technology/xilinx/ip/xfft.lib 
Execute         source C:/Xilinx/Vivado/2019.1/common/technology/xilinx/ip/xfir.lib 
Execute       source C:/Xilinx/Vivado/2019.1/common/technology/xilinx/common/xilinx.hlp 
Execute         source C:/Xilinx/Vivado/2019.1/common/technology/xilinx/common/target_info.tcl 
Execute         source C:/Xilinx/Vivado/2019.1/common/technology/xilinx/interface/xilinx_interface.hlp 
Execute           source C:/Xilinx/Vivado/2019.1/common/technology/xilinx/interface/maxi.hlp 
Execute           source C:/Xilinx/Vivado/2019.1/common/technology/xilinx/interface/saxilite.hlp 
Execute         source C:/Xilinx/Vivado/2019.1/common/technology/xilinx/common/dsp48.hlp 
Execute       source C:/Xilinx/Vivado/2019.1/common/technology/xilinx/zynq/dsp48e1.hlp 
Execute       source C:/Xilinx/Vivado/2019.1/common/technology/xilinx/common/xilinx.hlp 
Execute         source C:/Xilinx/Vivado/2019.1/common/technology/xilinx/common/target_info.tcl 
Execute         source C:/Xilinx/Vivado/2019.1/common/technology/xilinx/interface/xilinx_interface.hlp 
Execute           source C:/Xilinx/Vivado/2019.1/common/technology/xilinx/interface/maxi.hlp 
Execute           source C:/Xilinx/Vivado/2019.1/common/technology/xilinx/interface/saxilite.hlp 
Execute         source C:/Xilinx/Vivado/2019.1/common/technology/xilinx/common/dsp48.hlp 
Execute     source C:/Xilinx/Vivado/2019.1/common/technology/xilinx/zynq/zynq.gen 
Execute       source C:/Xilinx/Vivado/2019.1/common/technology/xilinx/common/xilinx.gen 
Execute         source C:/Xilinx/Vivado/2019.1/common/technology/xilinx/interface/plb46.gen 
Execute         source C:/Xilinx/Vivado/2019.1/common/technology/xilinx/interface/fsl.gen 
Execute         source C:/Xilinx/Vivado/2019.1/common/technology/xilinx/interface/axi4.gen 
Execute         source C:/Xilinx/Vivado/2019.1/common/technology/xilinx/interface/nativeAXI4.gen 
Execute           source C:/Xilinx/Vivado/2019.1/common/technology/xilinx/interface/saxilite.gen 
Execute           source C:/Xilinx/Vivado/2019.1/common/technology/xilinx/interface/maxi.gen 
Execute         source C:/Xilinx/Vivado/2019.1/common/technology/xilinx/scripts/xilinxcoregen.gen 
Execute         source C:/Xilinx/Vivado/2019.1/common/technology/xilinx/interface/XilEDKCoreGen.gen 
Execute         source C:/Xilinx/Vivado/2019.1/common/technology/xilinx/ip/dds_compiler.gen 
Execute         source C:/Xilinx/Vivado/2019.1/common/technology/xilinx/ip/util.gen 
Execute         source C:/Xilinx/Vivado/2019.1/common/technology/xilinx/ip/xfft.gen 
Command         ap_source done; 0.156 sec.
Execute         source C:/Xilinx/Vivado/2019.1/common/technology/xilinx/ip/xfir.gen 
Execute         source C:/Xilinx/Vivado/2019.1/common/technology/xilinx/common/dsp48.gen 
Command       ap_source done; 0.238 sec.
Command     ap_source done; 0.239 sec.
Execute     open_platform DefaultPlatform 
Execute     import_lib C:/Xilinx/Vivado/2019.1/common/technology/xilinx/zynq/zynq_fpv6 
Execute       source C:/Xilinx/Vivado/2019.1/common/technology/xilinx/common/xilinx_fp.lib 
Execute       source C:/Xilinx/Vivado/2019.1/common/technology/xilinx/common/xilinx_fp.hlp 
Execute         source C:/Xilinx/Vivado/2019.1/common/technology/xilinx/common/xilinx.hlp 
Execute           source C:/Xilinx/Vivado/2019.1/common/technology/xilinx/common/target_info.tcl 
Execute           source C:/Xilinx/Vivado/2019.1/common/technology/xilinx/interface/xilinx_interface.hlp 
Execute             source C:/Xilinx/Vivado/2019.1/common/technology/xilinx/interface/maxi.hlp 
Execute             source C:/Xilinx/Vivado/2019.1/common/technology/xilinx/interface/saxilite.hlp 
Execute           source C:/Xilinx/Vivado/2019.1/common/technology/xilinx/common/dsp48.hlp 
Execute     source C:/Xilinx/Vivado/2019.1/common/technology/xilinx/zynq/zynq_fpv6.gen 
Execute       source C:/Xilinx/Vivado/2019.1/common/technology/xilinx/common/xilinx_fp.gen 
Execute     set_part xc7z020-clg400-1 
Execute       ap_part_info -name xc7z020-clg400-1 -data single -quiet 
Command       ap_part_info done; 0.365 sec.
Execute       ap_part_info -name xc7z020-clg400-1 -data info 
Execute       add_library xilinx/zynq/zynq:xc7z020:-clg400:-1 
Execute         get_default_platform 
Execute         license_isbetapart xc7z020 
Command         license_isbetapart done; error code: 1; 
Execute         ap_part_info -data single -name xc7z020-clg400-1 
Execute         ap_part_info -name xc7z020-clg400-1 -data resources 
Execute         ap_part_info -name xc7z020-clg400-1 -data info 
Execute         ap_part_info -name xc7z020-clg400-1 -data info 
Execute         config_chip_info -quiet -resource {SLICE 13300} {LUT 53200} {FF 106400} {DSP48E 220} {BRAM 280} {URAM 0} 
Execute         ap_part_info -name xc7z020-clg400-1 -data info 
Execute         config_chip_info -quiet -speed slow 
Execute       add_library xilinx/zynq/zynq_fpv6 
Execute         get_default_platform 
INFO: [HLS 200-10] Setting target device to 'xc7z020-clg400-1'
Execute       ap_part_info -name xc7z020-clg400-1 -data info 
Execute       get_default_platform 
Command     set_part done; 0.539 sec.
Execute     ap_part_info -data single -name xc7z020-clg400-1 
Execute     ap_part_info -name xc7z020-clg400-1 -data resources 
Execute     ap_part_info -name xc7z020-clg400-1 -data info 
Execute     ap_part_info -name xc7z020-clg400-1 -data info 
Execute     config_chip_info -quiet -resource {SLICE 13300} {LUT 53200} {FF 106400} {DSP48E 220} {BRAM 280} {URAM 0} 
Execute     ap_part_info -name xc7z020-clg400-1 -data info 
Execute     config_chip_info -quiet -speed slow 
Execute     config_sdx -optimization_level=none 
Execute       send_msg_by_id INFO @200-435@%s%s 'config_sdx -optimization_level' config_export -vivado_optimization_level=2 
INFO: [HLS 200-435] Setting 'config_sdx -optimization_level' configuration: config_export -vivado_optimization_level=2
Execute       config_export -vivado_optimization_level=2 
Execute         get_config_export -vivado_impl_strategy 
Execute         get_config_export -vivado_phys_opt 
Execute     config_sdx -target=none 
Execute       send_msg_by_id INFO @200-435@%s%s 'config_sdx -target' config_export -vivado_optimization_level=2 
INFO: [HLS 200-435] Setting 'config_sdx -target' configuration: config_export -vivado_optimization_level=2
Execute       config_export -vivado_optimization_level=2 
Execute         get_config_export -vivado_impl_strategy 
Execute         get_config_export -vivado_phys_opt 
Execute       get_config_compile -pipeline_loops 
Execute       get_config_compile -name_max_length 
Execute       get_config_schedule -enable_dsp_full_reg 
Execute       get_config_rtl -register_reset_num 
Execute       get_config_rtl -module_auto_prefix 
Execute       get_config_interface -m_axi_addr64 
Execute       send_msg_by_id INFO @200-435@%s%s 'config_sdx -target' set_clock_uncertainty default 
INFO: [HLS 200-435] Setting 'config_sdx -target' configuration: set_clock_uncertainty default
Execute       set_clock_uncertainty default 
Execute     config_export -format=ip_catalog 
Execute     config_export -rtl=verilog 
Execute     config_export -vivado_optimization_level=2 
Execute       get_config_export -vivado_impl_strategy 
Execute       get_config_export -vivado_phys_opt 
Command   open_solution done; 0.933 sec.
Execute   export_design -rtl verilog -format ip_catalog 
Execute     get_config_export -acc 
Execute     get_config_export -clock_margin 
Execute     get_config_export -custom_script 
Execute     get_config_export -description 
Execute     get_config_export -display_name 
Execute     get_config_export -driver_input_dir 
Execute     get_config_export -ipname 
Execute     get_config_export -kernel_drc 
Execute     get_config_export -library 
Execute     get_config_export -qor_test 
Execute     get_config_export -sdaccel 
Execute     get_config_export -sim 
Execute     get_config_export -taxonomy 
Execute     get_config_export -use_ip 
Execute     get_config_export -use_netlist 
Execute     get_config_export -vendor 
Execute     get_config_export -version 
Execute     get_config_export -xo 
Execute     config_export -format=ip_catalog -rtl=verilog 
INFO-FLOW: DBG:CMD: export_design_wrap: -format ip_catalog -rtl verilog
Execute     source C:/Users/mazzo/Desktop/Sistemi-Digitali-M/Progetto/HLS/OV7670_INTERFACE/solution1/.autopilot/db/global.setting.tcl 
Execute     get_config_export -vivado_clock 
Execute     get_top 
Execute     get_config_sdx -target 
Execute     get_config_rtl -module_auto_prefix 
Execute     get_config_sdx -target 
Execute     get_config_sdx -target 
INFO-FLOW: DBG:CMD:   auto_impl: pack: -export -tool vivado -rtl verilog -sdx-target none
Execute     source C:/Users/mazzo/Desktop/Sistemi-Digitali-M/Progetto/HLS/OV7670_INTERFACE/solution1/.autopilot/db/global.setting.tcl 
INFO-FLOW: DBG:CMD: read_platform_lib C:/Users/mazzo/Desktop/Sistemi-Digitali-M/Progetto/HLS/OV7670_INTERFACE/solution1/.autopilot/db/global.setting.tcl
Execute     source C:/Xilinx/Vivado/2019.1/common/technology/generic/autopilot/common.gen 
Execute       source C:/Xilinx/Vivado/2019.1/common/technology/generic/autopilot/APCoreGen.gen 
Execute     source C:/Xilinx/Vivado/2019.1/common/technology/generic/autopilot/op.gen 
Execute     source C:/Xilinx/Vivado/2019.1/common/technology/generic/autopilot/op_simcore.gen 
Execute     source C:/Xilinx/Vivado/2019.1/common/technology/generic/autopilot/interface.gen 
Execute     source C:/Users/mazzo/Desktop/Sistemi-Digitali-M/Progetto/HLS/OV7670_INTERFACE/solution1/.autopilot/db/global.setting.tcl 
Execute     source C:/Xilinx/Vivado/2019.1/common/technology/xilinx/zynq/zynq.gen 
Execute       source C:/Xilinx/Vivado/2019.1/common/technology/xilinx/common/xilinx.gen 
Execute         source C:/Xilinx/Vivado/2019.1/common/technology/xilinx/interface/plb46.gen 
Execute         source C:/Xilinx/Vivado/2019.1/common/technology/xilinx/interface/fsl.gen 
Execute         source C:/Xilinx/Vivado/2019.1/common/technology/xilinx/interface/axi4.gen 
Execute         source C:/Xilinx/Vivado/2019.1/common/technology/xilinx/interface/nativeAXI4.gen 
Execute           source C:/Xilinx/Vivado/2019.1/common/technology/xilinx/interface/saxilite.gen 
Execute           source C:/Xilinx/Vivado/2019.1/common/technology/xilinx/interface/maxi.gen 
Execute         source C:/Xilinx/Vivado/2019.1/common/technology/xilinx/scripts/xilinxcoregen.gen 
Execute         source C:/Xilinx/Vivado/2019.1/common/technology/xilinx/interface/XilEDKCoreGen.gen 
Execute         source C:/Xilinx/Vivado/2019.1/common/technology/xilinx/ip/dds_compiler.gen 
Execute         source C:/Xilinx/Vivado/2019.1/common/technology/xilinx/ip/util.gen 
Execute         source C:/Xilinx/Vivado/2019.1/common/technology/xilinx/ip/xfft.gen 
Command         ap_source done; 0.131 sec.
Execute         source C:/Xilinx/Vivado/2019.1/common/technology/xilinx/ip/xfir.gen 
Execute         source C:/Xilinx/Vivado/2019.1/common/technology/xilinx/common/dsp48.gen 
Command       ap_source done; 0.201 sec.
Command     ap_source done; 0.201 sec.
Execute     source C:/Xilinx/Vivado/2019.1/common/technology/xilinx/zynq/zynq_fpv6.gen 
Execute       source C:/Xilinx/Vivado/2019.1/common/technology/xilinx/common/xilinx_fp.gen 
INFO-FLOW: DBG:CMD:   using AESL_AUTOCG::g_clock_period=10.000 (was NA)
Execute     ap_part_info -name xc7z020-clg400-1 -data names -quiet 
Execute     ap_part_info -name xc7z020-clg400-1 -data info -quiet 
Execute     source C:/Users/mazzo/Desktop/Sistemi-Digitali-M/Progetto/HLS/OV7670_INTERFACE/solution1/.autopilot/db/global.setting.tcl 
INFO: [IMPL 213-8] Exporting RTL as a Vivado IP.
Execute     source C:/Users/mazzo/Desktop/Sistemi-Digitali-M/Progetto/HLS/OV7670_INTERFACE/solution1/.autopilot/db/global.setting.tcl 
INFO-FLOW: DBG:CMD: automg_wrap -export -pcore_version 1.00.a -rtl vlog -sdx-target none -tool Vivado -impltomg_flag
INFO-FLOW: DBG:CMD:     auto_generate -export -pcore_version 1.00.a -rtl vlog -sdx-target none -tool Vivado -impltomg_flag
Execute     source C:/Users/mazzo/Desktop/Sistemi-Digitali-M/Progetto/HLS/OV7670_INTERFACE/solution1/.autopilot/db/global.setting.tcl 
INFO-FLOW: DBG:CMD: read_platform_lib C:/Users/mazzo/Desktop/Sistemi-Digitali-M/Progetto/HLS/OV7670_INTERFACE/solution1/.autopilot/db/global.setting.tcl
Execute     source C:/Xilinx/Vivado/2019.1/common/technology/generic/autopilot/common.gen 
Execute       source C:/Xilinx/Vivado/2019.1/common/technology/generic/autopilot/APCoreGen.gen 
Execute     source C:/Xilinx/Vivado/2019.1/common/technology/generic/autopilot/op.gen 
Execute     source C:/Xilinx/Vivado/2019.1/common/technology/generic/autopilot/op_simcore.gen 
Execute     source C:/Xilinx/Vivado/2019.1/common/technology/generic/autopilot/interface.gen 
Execute     source C:/Users/mazzo/Desktop/Sistemi-Digitali-M/Progetto/HLS/OV7670_INTERFACE/solution1/.autopilot/db/global.setting.tcl 
Execute     source C:/Xilinx/Vivado/2019.1/common/technology/xilinx/zynq/zynq.gen 
Execute       source C:/Xilinx/Vivado/2019.1/common/technology/xilinx/common/xilinx.gen 
Execute         source C:/Xilinx/Vivado/2019.1/common/technology/xilinx/interface/plb46.gen 
Execute         source C:/Xilinx/Vivado/2019.1/common/technology/xilinx/interface/fsl.gen 
Execute         source C:/Xilinx/Vivado/2019.1/common/technology/xilinx/interface/axi4.gen 
Execute         source C:/Xilinx/Vivado/2019.1/common/technology/xilinx/interface/nativeAXI4.gen 
Execute           source C:/Xilinx/Vivado/2019.1/common/technology/xilinx/interface/saxilite.gen 
Execute           source C:/Xilinx/Vivado/2019.1/common/technology/xilinx/interface/maxi.gen 
Execute         source C:/Xilinx/Vivado/2019.1/common/technology/xilinx/scripts/xilinxcoregen.gen 
Execute         source C:/Xilinx/Vivado/2019.1/common/technology/xilinx/interface/XilEDKCoreGen.gen 
Execute         source C:/Xilinx/Vivado/2019.1/common/technology/xilinx/ip/dds_compiler.gen 
Execute         source C:/Xilinx/Vivado/2019.1/common/technology/xilinx/ip/util.gen 
Execute         source C:/Xilinx/Vivado/2019.1/common/technology/xilinx/ip/xfft.gen 
Command         ap_source done; 0.15 sec.
Execute         source C:/Xilinx/Vivado/2019.1/common/technology/xilinx/ip/xfir.gen 
Execute         source C:/Xilinx/Vivado/2019.1/common/technology/xilinx/common/dsp48.gen 
Command       ap_source done; 0.224 sec.
Command     ap_source done; 0.224 sec.
Execute     source C:/Xilinx/Vivado/2019.1/common/technology/xilinx/zynq/zynq_fpv6.gen 
Execute       source C:/Xilinx/Vivado/2019.1/common/technology/xilinx/common/xilinx_fp.gen 
INFO-FLOW: DBG:CMD:       initCTypeInfo top_module=ov7670_interface xml_exists=1
Execute     source C:/Users/mazzo/Desktop/Sistemi-Digitali-M/Progetto/HLS/OV7670_INTERFACE/solution1/.autopilot/db/ov7670_interface.rtl_wrap.cfg.tcl 
Execute     source C:/Users/mazzo/Desktop/Sistemi-Digitali-M/Progetto/HLS/OV7670_INTERFACE/solution1/.autopilot/db/ov7670_interface.rtl_wrap.cfg.tcl 
Execute     source C:/Users/mazzo/Desktop/Sistemi-Digitali-M/Progetto/HLS/OV7670_INTERFACE/solution1/.autopilot/db/ov7670_interface.rtl_wrap.cfg.tcl 
Execute     source C:/Users/mazzo/Desktop/Sistemi-Digitali-M/Progetto/HLS/OV7670_INTERFACE/solution1/.autopilot/db/ov7670_interface.tbgen.tcl 
Execute     source C:/Users/mazzo/Desktop/Sistemi-Digitali-M/Progetto/HLS/OV7670_INTERFACE/solution1/.autopilot/db/ov7670_interface.tbgen.tcl 
INFO-FLOW: DBG:CMD:       export_impl_rtl
INFO-FLOW: DBG:CMD:       generate_ip_cores sim=0 export=0 expOnly=0 dstVlogDir=impl/.verilog
Execute     source C:/Users/mazzo/Desktop/Sistemi-Digitali-M/Progetto/HLS/OV7670_INTERFACE/solution1/.autopilot/db/global.setting.tcl 
Execute     source C:/Users/mazzo/Desktop/Sistemi-Digitali-M/Progetto/HLS/OV7670_INTERFACE/solution1/.autopilot/db/ov7670_interface.compgen.tcl 
INFO-FLOW: DBG:CMD:       generate_ip_cores sim=0 export=1 expOnly=1 dstVlogDir=impl/.pcores/verilog
Execute     source C:/Users/mazzo/Desktop/Sistemi-Digitali-M/Progetto/HLS/OV7670_INTERFACE/solution1/.autopilot/db/global.setting.tcl 
Execute     source C:/Users/mazzo/Desktop/Sistemi-Digitali-M/Progetto/HLS/OV7670_INTERFACE/solution1/.autopilot/db/ov7670_interface.compgen.tcl 
Execute       ap_part_info -name xc7z020-clg400-1 -data names -quiet 
Execute       ap_part_info -name xc7z020-clg400-1 -data info -quiet 
Execute       ap_part_info -name xc7z020-clg400-1 -data names -quiet 
Execute       ap_part_info -name xc7z020-clg400-1 -data info -quiet 
Execute       ap_part_info -name xc7z020-clg400-1 -data names -quiet 
Execute       ap_part_info -name xc7z020-clg400-1 -data info -quiet 
Execute       ap_part_info -name xc7z020-clg400-1 -data names -quiet 
Execute       ap_part_info -name xc7z020-clg400-1 -data info -quiet 
Execute       ap_part_info -name xc7z020-clg400-1 -data names -quiet 
Execute       ap_part_info -name xc7z020-clg400-1 -data info -quiet 
Execute       ap_part_info -name xc7z020-clg400-1 -data names -quiet 
Execute       ap_part_info -name xc7z020-clg400-1 -data info -quiet 
Execute       ap_part_info -name xc7z020-clg400-1 -data names -quiet 
Execute       ap_part_info -name xc7z020-clg400-1 -data info -quiet 
Execute       ap_part_info -name xc7z020-clg400-1 -data names -quiet 
Execute       ap_part_info -name xc7z020-clg400-1 -data info -quiet 
Execute       ap_part_info -name xc7z020-clg400-1 -data names -quiet 
Execute       ap_part_info -name xc7z020-clg400-1 -data info -quiet 
Execute       ap_part_info -name xc7z020-clg400-1 -data names -quiet 
Execute       ap_part_info -name xc7z020-clg400-1 -data info -quiet 
Execute       ap_part_info -name xc7z020-clg400-1 -data names -quiet 
Execute       ap_part_info -name xc7z020-clg400-1 -data info -quiet 
Execute       ap_part_info -name xc7z020-clg400-1 -data names -quiet 
Execute       ap_part_info -name xc7z020-clg400-1 -data info -quiet 
Execute       ap_part_info -name xc7z020-clg400-1 -data names -quiet 
Execute       ap_part_info -name xc7z020-clg400-1 -data info -quiet 
Execute     ap_part_info -name xc7z020-clg400-1 -data names -quiet 
Execute     ap_part_info -name xc7z020-clg400-1 -data info -quiet 
INFO-FLOW: DBG:CMD:       generate_ip_cores sim=0 export=0 expOnly=0 dstVlogDir=impl/.pcores/verilog_sim
Execute     source C:/Users/mazzo/Desktop/Sistemi-Digitali-M/Progetto/HLS/OV7670_INTERFACE/solution1/.autopilot/db/global.setting.tcl 
Execute     source C:/Users/mazzo/Desktop/Sistemi-Digitali-M/Progetto/HLS/OV7670_INTERFACE/solution1/.autopilot/db/ov7670_interface.compgen.tcl 
Execute     ap_part_info -name xc7z020-clg400-1 -data names -quiet 
Execute     ap_part_info -name xc7z020-clg400-1 -data info -quiet 
Execute     ap_part_info -name xc7z020-clg400-1 -data names -quiet 
Execute     ap_part_info -name xc7z020-clg400-1 -data info -quiet 
Execute     source C:/Users/mazzo/Desktop/Sistemi-Digitali-M/Progetto/HLS/OV7670_INTERFACE/solution1/.autopilot/db/global.setting.tcl 
Execute     ap_part_info -name xc7z020-clg400-1 -data names -quiet 
Execute     ap_part_info -name xc7z020-clg400-1 -data info -quiet 
Execute     source C:/Users/mazzo/Desktop/Sistemi-Digitali-M/Progetto/HLS/OV7670_INTERFACE/solution1/.autopilot/db/ov7670_interface.constraint.tcl 
Execute     source C:/Users/mazzo/Desktop/Sistemi-Digitali-M/Progetto/HLS/OV7670_INTERFACE/solution1/.autopilot/db/ov7670_interface.tbgen.tcl 
INFO-FLOW: DBG:CMD:       hasPcoreIpAdapter=false #gSsdmPorts=14
INFO-FLOW: DBG:CMD:       copying IP vlog from C:/Users/mazzo/Desktop/Sistemi-Digitali-M/Progetto/HLS/OV7670_INTERFACE/solution1/impl/verilog
INFO-FLOW: DBG:CMD:       copying IP vhdl from C:/Users/mazzo/Desktop/Sistemi-Digitali-M/Progetto/HLS/OV7670_INTERFACE/solution1/impl/vhdl
INFO-FLOW: DBG:CMD:       generate_ip_script #gSsdmPorts=14
Execute     ap_part_info -name xc7z020-clg400-1 -data names -quiet 
Execute     ap_part_info -name xc7z020-clg400-1 -data info -quiet 
Execute     ap_part_info -name xc7z020-clg400-1 -data names -quiet 
Execute     ap_part_info -name xc7z020-clg400-1 -data info -quiet 
Execute     source C:/Users/mazzo/Desktop/Sistemi-Digitali-M/Progetto/HLS/OV7670_INTERFACE/solution1/.autopilot/db/ov7670_interface.tbgen.tcl 
Execute     source C:/Users/mazzo/Desktop/Sistemi-Digitali-M/Progetto/HLS/OV7670_INTERFACE/solution1/.autopilot/db/ov7670_interface.tbgen.tcl 
Execute     source C:/Users/mazzo/Desktop/Sistemi-Digitali-M/Progetto/HLS/OV7670_INTERFACE/solution1/.autopilot/db/ov7670_interface.tbgen.tcl 
Execute     source C:/Users/mazzo/Desktop/Sistemi-Digitali-M/Progetto/HLS/OV7670_INTERFACE/solution1/.autopilot/db/ov7670_interface.tbgen.tcl 
Execute     source C:/Users/mazzo/Desktop/Sistemi-Digitali-M/Progetto/HLS/OV7670_INTERFACE/solution1/.autopilot/db/global.setting.tcl 
Execute     get_config_sdx -target 
Execute     get_config_debug -directory 
INFO-FLOW: DBG:CMD:       generate_ip_auxiliary
Execute     ap_part_info -name xc7z020-clg400-1 -data names -quiet 
Execute     ap_part_info -name xc7z020-clg400-1 -data info -quiet 
Execute     source C:/Users/mazzo/Desktop/Sistemi-Digitali-M/Progetto/HLS/OV7670_INTERFACE/solution1/.autopilot/db/global.setting.tcl 
INFO-FLOW: DBG:CMD:       prepArgInfo -> loadAnalyze_DB top_module=ov7670_interface
Execute     source C:/Users/mazzo/Desktop/Sistemi-Digitali-M/Progetto/HLS/OV7670_INTERFACE/solution1/.autopilot/db/ov7670_interface.rtl_wrap.cfg.tcl 
Execute     source C:/Users/mazzo/Desktop/Sistemi-Digitali-M/Progetto/HLS/OV7670_INTERFACE/solution1/.autopilot/db/ov7670_interface.rtl_wrap.cfg.tcl 
Execute     source C:/Users/mazzo/Desktop/Sistemi-Digitali-M/Progetto/HLS/OV7670_INTERFACE/solution1/.autopilot/db/ov7670_interface.rtl_wrap.cfg.tcl 
Execute     source C:/Users/mazzo/Desktop/Sistemi-Digitali-M/Progetto/HLS/OV7670_INTERFACE/solution1/.autopilot/db/ov7670_interface.tbgen.tcl 
Execute     source C:/Users/mazzo/Desktop/Sistemi-Digitali-M/Progetto/HLS/OV7670_INTERFACE/solution1/.autopilot/db/ov7670_interface.tbgen.tcl 
Execute     source C:/Users/mazzo/Desktop/Sistemi-Digitali-M/Progetto/HLS/OV7670_INTERFACE/solution1/.autopilot/db/ov7670_interface.tbgen.tcl 
INFO-FLOW: DBG:CMD:       generate_top_info
INFO-FLOW: DBG:CMD:       prepArgInfo -> loadAnalyze_DB top_module=ov7670_interface
Execute     source C:/Users/mazzo/Desktop/Sistemi-Digitali-M/Progetto/HLS/OV7670_INTERFACE/solution1/.autopilot/db/ov7670_interface.rtl_wrap.cfg.tcl 
Execute     source C:/Users/mazzo/Desktop/Sistemi-Digitali-M/Progetto/HLS/OV7670_INTERFACE/solution1/.autopilot/db/ov7670_interface.rtl_wrap.cfg.tcl 
Execute     source C:/Users/mazzo/Desktop/Sistemi-Digitali-M/Progetto/HLS/OV7670_INTERFACE/solution1/.autopilot/db/ov7670_interface.rtl_wrap.cfg.tcl 
Execute     source C:/Users/mazzo/Desktop/Sistemi-Digitali-M/Progetto/HLS/OV7670_INTERFACE/solution1/.autopilot/db/ov7670_interface.tbgen.tcl 
Execute     source C:/Users/mazzo/Desktop/Sistemi-Digitali-M/Progetto/HLS/OV7670_INTERFACE/solution1/.autopilot/db/ov7670_interface.tbgen.tcl 
Execute     ap_part_info -name xc7z020-clg400-1 -data names -quiet 
Execute     ap_part_info -name xc7z020-clg400-1 -data info -quiet 
Execute     ap_part_info -name xc7z020-clg400-1 -data names -quiet 
Execute     ap_part_info -name xc7z020-clg400-1 -data info -quiet 
Execute     source C:/Users/mazzo/Desktop/Sistemi-Digitali-M/Progetto/HLS/OV7670_INTERFACE/solution1/.autopilot/db/ov7670_interface.tbgen.tcl 
Execute     source C:/Users/mazzo/Desktop/Sistemi-Digitali-M/Progetto/HLS/OV7670_INTERFACE/solution1/.autopilot/db/global.setting.tcl 
Execute     source C:/Users/mazzo/Desktop/Sistemi-Digitali-M/Progetto/HLS/OV7670_INTERFACE/solution1/.autopilot/db/ov7670_interface.constraint.tcl 
INFO-FLOW: DBG:CMD:       generate_ipi_example_script
Execute     ap_part_info -name xc7z020-clg400-1 -data names -quiet 
Execute     ap_part_info -name xc7z020-clg400-1 -data info -quiet 
Execute     ap_part_info -name xc7z020-clg400-1 -data names -quiet 
Execute     ap_part_info -name xc7z020-clg400-1 -data info -quiet 
INFO-FLOW: DBG:CMD:       generate_syn_sh
Execute     ap_part_info -name xc7z020-clg400-1 -data names -quiet 
Execute     ap_part_info -name xc7z020-clg400-1 -data info -quiet 
Execute     source C:/Users/mazzo/Desktop/Sistemi-Digitali-M/Progetto/HLS/OV7670_INTERFACE/solution1/.autopilot/db/global.setting.tcl 
INFO-FLOW: DBG:CMD:       generate_imp_constraints
Execute     ap_part_info -name xc7z020-clg400-1 -data names -quiet 
Execute     ap_part_info -name xc7z020-clg400-1 -data info -quiet 
Execute     source C:/Users/mazzo/Desktop/Sistemi-Digitali-M/Progetto/HLS/OV7670_INTERFACE/solution1/.autopilot/db/ov7670_interface.constraint.tcl 
Execute     source C:/Users/mazzo/Desktop/Sistemi-Digitali-M/Progetto/HLS/OV7670_INTERFACE/solution1/.autopilot/db/ov7670_interface.tbgen.tcl 
INFO-FLOW: DBG:CMD:       delete-temp-dirs (skipped for debug)
Execute     ap_part_info -name xc7z020-clg400-1 -data names -quiet 
Execute     ap_part_info -name xc7z020-clg400-1 -data info -quiet 
INFO-FLOW: DBG:CMD: read_platform_lib C:/Users/mazzo/Desktop/Sistemi-Digitali-M/Progetto/HLS/OV7670_INTERFACE/solution1/.autopilot/db/global.setting.tcl
Execute     source C:/Xilinx/Vivado/2019.1/common/technology/generic/autopilot/common.gen 
Execute       source C:/Xilinx/Vivado/2019.1/common/technology/generic/autopilot/APCoreGen.gen 
Execute     source C:/Xilinx/Vivado/2019.1/common/technology/generic/autopilot/op.gen 
Execute     source C:/Xilinx/Vivado/2019.1/common/technology/generic/autopilot/op_simcore.gen 
Execute     source C:/Xilinx/Vivado/2019.1/common/technology/generic/autopilot/interface.gen 
Execute     source C:/Users/mazzo/Desktop/Sistemi-Digitali-M/Progetto/HLS/OV7670_INTERFACE/solution1/.autopilot/db/global.setting.tcl 
Execute     source C:/Xilinx/Vivado/2019.1/common/technology/xilinx/zynq/zynq.gen 
Execute       source C:/Xilinx/Vivado/2019.1/common/technology/xilinx/common/xilinx.gen 
Execute         source C:/Xilinx/Vivado/2019.1/common/technology/xilinx/interface/plb46.gen 
Execute         source C:/Xilinx/Vivado/2019.1/common/technology/xilinx/interface/fsl.gen 
Execute         source C:/Xilinx/Vivado/2019.1/common/technology/xilinx/interface/axi4.gen 
Execute         source C:/Xilinx/Vivado/2019.1/common/technology/xilinx/interface/nativeAXI4.gen 
Execute           source C:/Xilinx/Vivado/2019.1/common/technology/xilinx/interface/saxilite.gen 
Execute           source C:/Xilinx/Vivado/2019.1/common/technology/xilinx/interface/maxi.gen 
Execute         source C:/Xilinx/Vivado/2019.1/common/technology/xilinx/scripts/xilinxcoregen.gen 
Execute         source C:/Xilinx/Vivado/2019.1/common/technology/xilinx/interface/XilEDKCoreGen.gen 
Execute         source C:/Xilinx/Vivado/2019.1/common/technology/xilinx/ip/dds_compiler.gen 
Execute         source C:/Xilinx/Vivado/2019.1/common/technology/xilinx/ip/util.gen 
Execute         source C:/Xilinx/Vivado/2019.1/common/technology/xilinx/ip/xfft.gen 
Command         ap_source done; 0.179 sec.
Execute         source C:/Xilinx/Vivado/2019.1/common/technology/xilinx/ip/xfir.gen 
Execute         source C:/Xilinx/Vivado/2019.1/common/technology/xilinx/common/dsp48.gen 
Command       ap_source done; 0.266 sec.
Command     ap_source done; 0.267 sec.
Execute     source C:/Xilinx/Vivado/2019.1/common/technology/xilinx/zynq/zynq_fpv6.gen 
Execute       source C:/Xilinx/Vivado/2019.1/common/technology/xilinx/common/xilinx_fp.gen 
Execute     ap_part_info -name xc7z020-clg400-1 -data names -quiet 
Execute     ap_part_info -name xc7z020-clg400-1 -data info -quiet 
INFO-FLOW: DBG:CMD:     exec C:/Users/mazzo/Desktop/Sistemi-Digitali-M/Progetto/HLS/OV7670_INTERFACE/solution1/impl/ip/pack.bat
Command   export_design done; 12.751 sec.
Command ap_source done; 13.697 sec.
Execute cleanup_all 
