

================================================================
== Vivado HLS Report for 'Mat2AXIvideo'
================================================================
* Date:           Wed Apr 13 17:44:09 2022

* Version:        2019.1 (Build 2552052 on Fri May 24 15:28:33 MDT 2019)
* Project:        resize_image
* Solution:       solution1
* Product family: zynq
* Target device:  xc7z020-clg400-1


================================================================
== Performance Estimates
================================================================
+ Timing (ns): 
    * Summary: 
    +--------+-------+----------+------------+
    |  Clock | Target| Estimated| Uncertainty|
    +--------+-------+----------+------------+
    |ap_clk  |  10.00|     6.186|        1.25|
    +--------+-------+----------+------------+

+ Latency (clock cycles): 
    * Summary: 
    +-----+--------+-----+--------+---------+
    |    Latency   |   Interval   | Pipeline|
    | min |   max  | min |   max  |   Type  |
    +-----+--------+-----+--------+---------+
    |    1|  482401|    1|  482401|   none  |
    +-----+--------+-----+--------+---------+

    + Detail: 
        * Instance: 
        N/A

        * Loop: 
        +---------------+-----+--------+----------+-----------+-----------+---------+----------+
        |               |    Latency   | Iteration|  Initiation Interval  |   Trip  |          |
        |   Loop Name   | min |   max  |  Latency |  achieved |   target  |  Count  | Pipelined|
        +---------------+-----+--------+----------+-----------+-----------+---------+----------+
        |- loop_height  |    0|  482400|  3 ~ 804 |          -|          -| 0 ~ 600 |    no    |
        | + loop_width  |    0|     801|         3|          1|          1| 0 ~ 800 |    yes   |
        +---------------+-----+--------+----------+-----------+-----------+---------+----------+



================================================================
== Utilization Estimates
================================================================
* Summary: 
+-----------------+---------+-------+--------+-------+-----+
|       Name      | BRAM_18K| DSP48E|   FF   |  LUT  | URAM|
+-----------------+---------+-------+--------+-------+-----+
|DSP              |        -|      -|       -|      -|    -|
|Expression       |        -|      -|       0|    229|    -|
|FIFO             |        -|      -|       -|      -|    -|
|Instance         |        -|      -|       -|      -|    -|
|Memory           |        -|      -|       -|      -|    -|
|Multiplexer      |        -|      -|       -|    240|    -|
|Register         |        -|      -|     249|      -|    -|
+-----------------+---------+-------+--------+-------+-----+
|Total            |        0|      0|     249|    469|    0|
+-----------------+---------+-------+--------+-------+-----+
|Available        |      280|    220|  106400|  53200|    0|
+-----------------+---------+-------+--------+-------+-----+
|Utilization (%)  |        0|      0|   ~0   |   ~0  |    0|
+-----------------+---------+-------+--------+-------+-----+

+ Detail: 
    * Instance: 
    N/A

    * DSP48E: 
    N/A

    * Memory: 
    N/A

    * FIFO: 
    N/A

    * Expression: 
    +------------------------------------------+----------+-------+---+----+------------+------------+
    |               Variable Name              | Operation| DSP48E| FF| LUT| Bitwidth P0| Bitwidth P1|
    +------------------------------------------+----------+-------+---+----+------------+------------+
    |i_V_fu_214_p2                             |     +    |      0|  0|  39|          32|           1|
    |j_V_fu_225_p2                             |     +    |      0|  0|  39|          32|           1|
    |ret_V_fu_198_p2                           |     +    |      0|  0|  40|          33|           2|
    |AXI_video_strm_V_data_V_1_load_A          |    and   |      0|  0|   2|           1|           1|
    |AXI_video_strm_V_data_V_1_load_B          |    and   |      0|  0|   2|           1|           1|
    |AXI_video_strm_V_last_V_1_load_A          |    and   |      0|  0|   2|           1|           1|
    |AXI_video_strm_V_last_V_1_load_B          |    and   |      0|  0|   2|           1|           1|
    |AXI_video_strm_V_user_V_1_load_A          |    and   |      0|  0|   2|           1|           1|
    |AXI_video_strm_V_user_V_1_load_B          |    and   |      0|  0|   2|           1|           1|
    |ap_block_pp0_stage0_01001                 |    and   |      0|  0|   2|           1|           1|
    |ap_block_state4_io                        |    and   |      0|  0|   2|           1|           1|
    |ap_block_state4_pp0_stage0_iter1          |    and   |      0|  0|   2|           1|           1|
    |ap_block_state5_io                        |    and   |      0|  0|   2|           1|           1|
    |AXI_video_strm_V_data_V_1_state_cmp_full  |   icmp   |      0|  0|   8|           2|           1|
    |AXI_video_strm_V_last_V_1_state_cmp_full  |   icmp   |      0|  0|   8|           2|           1|
    |AXI_video_strm_V_user_V_1_state_cmp_full  |   icmp   |      0|  0|   8|           2|           1|
    |axi_last_V_fu_235_p2                      |   icmp   |      0|  0|  21|          33|          33|
    |icmp_ln125_fu_209_p2                      |   icmp   |      0|  0|  18|          32|          32|
    |icmp_ln126_fu_220_p2                      |   icmp   |      0|  0|  18|          32|          32|
    |ap_block_pp0_stage0_11001                 |    or    |      0|  0|   2|           1|           1|
    |ap_block_state1                           |    or    |      0|  0|   2|           1|           1|
    |ap_block_state2                           |    or    |      0|  0|   2|           1|           1|
    |ap_enable_pp0                             |    xor   |      0|  0|   2|           1|           2|
    |ap_enable_reg_pp0_iter1                   |    xor   |      0|  0|   2|           2|           1|
    +------------------------------------------+----------+-------+---+----+------------+------------+
    |Total                                     |          |      0|  0| 229|         216|         120|
    +------------------------------------------+----------+-------+---+----+------------+------------+

    * Multiplexer: 
    +------------------------------------+----+-----------+-----+-----------+
    |                Name                | LUT| Input Size| Bits| Total Bits|
    +------------------------------------+----+-----------+-----+-----------+
    |AXI_video_strm_V_data_V_1_data_out  |   9|          2|    8|         16|
    |AXI_video_strm_V_data_V_1_state     |  15|          3|    2|          6|
    |AXI_video_strm_V_dest_V_1_state     |  15|          3|    2|          6|
    |AXI_video_strm_V_id_V_1_state       |  15|          3|    2|          6|
    |AXI_video_strm_V_keep_V_1_state     |  15|          3|    2|          6|
    |AXI_video_strm_V_last_V_1_data_out  |   9|          2|    1|          2|
    |AXI_video_strm_V_last_V_1_state     |  15|          3|    2|          6|
    |AXI_video_strm_V_strb_V_1_state     |  15|          3|    2|          6|
    |AXI_video_strm_V_user_V_1_data_out  |   9|          2|    1|          2|
    |AXI_video_strm_V_user_V_1_state     |  15|          3|    2|          6|
    |ap_NS_fsm                           |  27|          5|    1|          5|
    |ap_done                             |   9|          2|    1|          2|
    |ap_enable_reg_pp0_iter1             |   9|          2|    1|          2|
    |ap_enable_reg_pp0_iter2             |   9|          2|    1|          2|
    |img_cols_V_blk_n                    |   9|          2|    1|          2|
    |img_data_stream_V_blk_n             |   9|          2|    1|          2|
    |img_rows_V_blk_n                    |   9|          2|    1|          2|
    |outStream_TDATA_blk_n               |   9|          2|    1|          2|
    |t_V_4_reg_175                       |   9|          2|   32|         64|
    |t_V_reg_164                         |   9|          2|   32|         64|
    +------------------------------------+----+-----------+-----+-----------+
    |Total                               | 240|         50|   96|        209|
    +------------------------------------+----+-----------+-----+-----------+

    * Register: 
    +-------------------------------------+----+----+-----+-----------+
    |                 Name                | FF | LUT| Bits| Const Bits|
    +-------------------------------------+----+----+-----+-----------+
    |AXI_video_strm_V_data_V_1_payload_A  |   8|   0|    8|          0|
    |AXI_video_strm_V_data_V_1_payload_B  |   8|   0|    8|          0|
    |AXI_video_strm_V_data_V_1_sel_rd     |   1|   0|    1|          0|
    |AXI_video_strm_V_data_V_1_sel_wr     |   1|   0|    1|          0|
    |AXI_video_strm_V_data_V_1_state      |   2|   0|    2|          0|
    |AXI_video_strm_V_dest_V_1_sel_rd     |   1|   0|    1|          0|
    |AXI_video_strm_V_dest_V_1_state      |   2|   0|    2|          0|
    |AXI_video_strm_V_id_V_1_sel_rd       |   1|   0|    1|          0|
    |AXI_video_strm_V_id_V_1_state        |   2|   0|    2|          0|
    |AXI_video_strm_V_keep_V_1_sel_rd     |   1|   0|    1|          0|
    |AXI_video_strm_V_keep_V_1_state      |   2|   0|    2|          0|
    |AXI_video_strm_V_last_V_1_payload_A  |   1|   0|    1|          0|
    |AXI_video_strm_V_last_V_1_payload_B  |   1|   0|    1|          0|
    |AXI_video_strm_V_last_V_1_sel_rd     |   1|   0|    1|          0|
    |AXI_video_strm_V_last_V_1_sel_wr     |   1|   0|    1|          0|
    |AXI_video_strm_V_last_V_1_state      |   2|   0|    2|          0|
    |AXI_video_strm_V_strb_V_1_sel_rd     |   1|   0|    1|          0|
    |AXI_video_strm_V_strb_V_1_state      |   2|   0|    2|          0|
    |AXI_video_strm_V_user_V_1_payload_A  |   1|   0|    1|          0|
    |AXI_video_strm_V_user_V_1_payload_B  |   1|   0|    1|          0|
    |AXI_video_strm_V_user_V_1_sel_rd     |   1|   0|    1|          0|
    |AXI_video_strm_V_user_V_1_sel_wr     |   1|   0|    1|          0|
    |AXI_video_strm_V_user_V_1_state      |   2|   0|    2|          0|
    |ap_CS_fsm                            |   4|   0|    4|          0|
    |ap_done_reg                          |   1|   0|    1|          0|
    |ap_enable_reg_pp0_iter0              |   1|   0|    1|          0|
    |ap_enable_reg_pp0_iter1              |   1|   0|    1|          0|
    |ap_enable_reg_pp0_iter2              |   1|   0|    1|          0|
    |axi_last_V_reg_289                   |   1|   0|    1|          0|
    |cols_V_reg_261                       |  32|   0|   32|          0|
    |i_V_reg_275                          |  32|   0|   32|          0|
    |icmp_ln126_reg_280                   |   1|   0|    1|          0|
    |icmp_ln126_reg_280_pp0_iter1_reg     |   1|   0|    1|          0|
    |ret_V_reg_266                        |  33|   0|   33|          0|
    |rows_V_reg_256                       |  32|   0|   32|          0|
    |t_V_4_reg_175                        |  32|   0|   32|          0|
    |t_V_reg_164                          |  32|   0|   32|          0|
    |tmp_user_V_fu_112                    |   1|   0|    1|          0|
    +-------------------------------------+----+----+-----+-----------+
    |Total                                | 249|   0|  249|          0|
    +-------------------------------------+----+----+-----+-----------+



================================================================
== Interface
================================================================
* Summary: 
+---------------------------+-----+-----+------------+-------------------------+--------------+
|         RTL Ports         | Dir | Bits|  Protocol  |      Source Object      |    C Type    |
+---------------------------+-----+-----+------------+-------------------------+--------------+
|ap_clk                     |  in |    1| ap_ctrl_hs |       Mat2AXIvideo      | return value |
|ap_rst                     |  in |    1| ap_ctrl_hs |       Mat2AXIvideo      | return value |
|ap_start                   |  in |    1| ap_ctrl_hs |       Mat2AXIvideo      | return value |
|ap_done                    | out |    1| ap_ctrl_hs |       Mat2AXIvideo      | return value |
|ap_continue                |  in |    1| ap_ctrl_hs |       Mat2AXIvideo      | return value |
|ap_idle                    | out |    1| ap_ctrl_hs |       Mat2AXIvideo      | return value |
|ap_ready                   | out |    1| ap_ctrl_hs |       Mat2AXIvideo      | return value |
|img_rows_V_dout            |  in |   11|   ap_fifo  |        img_rows_V       |    pointer   |
|img_rows_V_empty_n         |  in |    1|   ap_fifo  |        img_rows_V       |    pointer   |
|img_rows_V_read            | out |    1|   ap_fifo  |        img_rows_V       |    pointer   |
|img_cols_V_dout            |  in |   11|   ap_fifo  |        img_cols_V       |    pointer   |
|img_cols_V_empty_n         |  in |    1|   ap_fifo  |        img_cols_V       |    pointer   |
|img_cols_V_read            | out |    1|   ap_fifo  |        img_cols_V       |    pointer   |
|img_data_stream_V_dout     |  in |    8|   ap_fifo  |    img_data_stream_V    |    pointer   |
|img_data_stream_V_empty_n  |  in |    1|   ap_fifo  |    img_data_stream_V    |    pointer   |
|img_data_stream_V_read     | out |    1|   ap_fifo  |    img_data_stream_V    |    pointer   |
|outStream_TDATA            | out |    8|    axis    | AXI_video_strm_V_data_V |    pointer   |
|outStream_TREADY           |  in |    1|    axis    | AXI_video_strm_V_data_V |    pointer   |
|outStream_TVALID           | out |    1|    axis    | AXI_video_strm_V_dest_V |    pointer   |
|outStream_TDEST            | out |    1|    axis    | AXI_video_strm_V_dest_V |    pointer   |
|outStream_TKEEP            | out |    1|    axis    | AXI_video_strm_V_keep_V |    pointer   |
|outStream_TSTRB            | out |    1|    axis    | AXI_video_strm_V_strb_V |    pointer   |
|outStream_TUSER            | out |    1|    axis    | AXI_video_strm_V_user_V |    pointer   |
|outStream_TLAST            | out |    1|    axis    | AXI_video_strm_V_last_V |    pointer   |
|outStream_TID              | out |    1|    axis    |  AXI_video_strm_V_id_V  |    pointer   |
+---------------------------+-----+-----+------------+-------------------------+--------------+

