

================================================================
== Vivado HLS Report for 'Mat2AXIvideo'
================================================================
* Date:           Wed Apr 13 17:44:01 2022

* Version:        2019.1 (Build 2552052 on Fri May 24 15:28:33 MDT 2019)
* Project:        resize_image
* Solution:       solution1
* Product family: zynq
* Target device:  xc7z020-clg400-1


================================================================
== Performance Estimates
================================================================
+ Timing (ns): 
    * Summary: 
    +--------+-------+----------+------------+
    |  Clock | Target| Estimated| Uncertainty|
    +--------+-------+----------+------------+
    |ap_clk  |  10.00|     6.186|        1.25|
    +--------+-------+----------+------------+

+ Latency (clock cycles): 
    * Summary: 
    +-----+--------+-----+--------+---------+
    |    Latency   |   Interval   | Pipeline|
    | min |   max  | min |   max  |   Type  |
    +-----+--------+-----+--------+---------+
    |    1|  482401|    1|  482401|   none  |
    +-----+--------+-----+--------+---------+

    + Detail: 
        * Instance: 
        N/A

        * Loop: 
        +---------------+-----+--------+----------+-----------+-----------+---------+----------+
        |               |    Latency   | Iteration|  Initiation Interval  |   Trip  |          |
        |   Loop Name   | min |   max  |  Latency |  achieved |   target  |  Count  | Pipelined|
        +---------------+-----+--------+----------+-----------+-----------+---------+----------+
        |- loop_height  |    0|  482400|  3 ~ 804 |          -|          -| 0 ~ 600 |    no    |
        | + loop_width  |    0|     801|         3|          1|          1| 0 ~ 800 |    yes   |
        +---------------+-----+--------+----------+-----------+-----------+---------+----------+

============================================================
+ Verbose Summary: Synthesis Manager
============================================================
InlineROM: 1
ExposeGlobal: 0
============================================================
+ Verbose Summary: CDFG Model
============================================================
IsTopModel: 0
ResetActiveHigh: 1
IsCombinational: 2
IsDatapathOnly: 0
HasWiredReturn: 1
HasMFsm: 0
HasVarLatency: 1
IsPipeline: 0
IsRtlPipelined: 0
IsInstanceOverlapped: 0
IsDontTouch: 0
HasImplIP: 0
IsGatedGlobalClock: 0

+ Individual pipeline summary: 
  * Pipeline-0: initiation interval (II) = 1, depth = 3


============================================================
+ Verbose Summary: Schedule
============================================================
* Number of FSM states : 6
* Pipeline : 1
  Pipeline-0 : II = 1, D = 3, States = { 3 4 5 }
* Dataflow Pipeline: 0

* FSM state transitions: 
1 --> 2 
2 --> 3 
3 --> 6 4 
4 --> 5 
5 --> 3 
6 --> 2 

* FSM state operations: 

State 1 <SV = 0> <Delay = 6.18>
ST_1 : Operation 7 [1/1] (0.00ns)   --->   "%tmp_user_V = alloca i1"   --->   Operation 7 'alloca' 'tmp_user_V' <Predicate = true> <Delay = 0.00>
ST_1 : Operation 8 [1/1] (0.00ns)   --->   "call void (...)* @_ssdm_op_SpecInterface(i8* %img_data_stream_V, [8 x i8]* @ap_fifo_str, i32 0, i32 0, [1 x i8]* @p_str69, i32 0, i32 0, [1 x i8]* @p_str70, [1 x i8]* @p_str71, [1 x i8]* @p_str72, i32 2, i32 2, i32 16, i32 16, [1 x i8]* @p_str73, [1 x i8]* @p_str74)"   --->   Operation 8 'specinterface' <Predicate = true> <Delay = 0.00>
ST_1 : Operation 9 [1/1] (0.00ns)   --->   "call void (...)* @_ssdm_op_SpecInterface(i8* %AXI_video_strm_V_data_V, i1* %AXI_video_strm_V_keep_V, i1* %AXI_video_strm_V_strb_V, i1* %AXI_video_strm_V_user_V, i1* %AXI_video_strm_V_last_V, i1* %AXI_video_strm_V_id_V, i1* %AXI_video_strm_V_dest_V, [5 x i8]* @p_str, i32 1, i32 1, [5 x i8]* @p_str1, i32 0, i32 0, [1 x i8]* @p_str2, [1 x i8]* @p_str2, [1 x i8]* @p_str2, i32 0, i32 0, i32 0, i32 0, [1 x i8]* @p_str2, [1 x i8]* @p_str2) nounwind"   --->   Operation 9 'specinterface' <Predicate = true> <Delay = 0.00>
ST_1 : Operation 10 [1/1] (0.00ns)   --->   "call void (...)* @_ssdm_op_SpecInterface(i8* %AXI_video_strm_V_data_V, i1* %AXI_video_strm_V_keep_V, i1* %AXI_video_strm_V_strb_V, i1* %AXI_video_strm_V_user_V, i1* %AXI_video_strm_V_last_V, i1* %AXI_video_strm_V_id_V, i1* %AXI_video_strm_V_dest_V, [5 x i8]* @p_str, i32 1, i32 1, [5 x i8]* @p_str1, i32 0, i32 0, [1 x i8]* @p_str2, [1 x i8]* @p_str2, [1 x i8]* @p_str2, i32 0, i32 0, i32 0, i32 0, [1 x i8]* @p_str2, [1 x i8]* @p_str2) nounwind"   --->   Operation 10 'specinterface' <Predicate = true> <Delay = 0.00>
ST_1 : Operation 11 [1/1] (0.00ns)   --->   "call void (...)* @_ssdm_op_SpecInterface(i8* %AXI_video_strm_V_data_V, i1* %AXI_video_strm_V_keep_V, i1* %AXI_video_strm_V_strb_V, i1* %AXI_video_strm_V_user_V, i1* %AXI_video_strm_V_last_V, i1* %AXI_video_strm_V_id_V, i1* %AXI_video_strm_V_dest_V, [5 x i8]* @p_str, i32 1, i32 1, [5 x i8]* @p_str1, i32 0, i32 0, [1 x i8]* @p_str2, [1 x i8]* @p_str2, [1 x i8]* @p_str2, i32 0, i32 0, i32 0, i32 0, [1 x i8]* @p_str2, [1 x i8]* @p_str2) nounwind"   --->   Operation 11 'specinterface' <Predicate = true> <Delay = 0.00>
ST_1 : Operation 12 [1/1] (0.00ns)   --->   "call void (...)* @_ssdm_op_SpecInterface(i8* %AXI_video_strm_V_data_V, i1* %AXI_video_strm_V_keep_V, i1* %AXI_video_strm_V_strb_V, i1* %AXI_video_strm_V_user_V, i1* %AXI_video_strm_V_last_V, i1* %AXI_video_strm_V_id_V, i1* %AXI_video_strm_V_dest_V, [5 x i8]* @p_str, i32 1, i32 1, [5 x i8]* @p_str1, i32 0, i32 0, [1 x i8]* @p_str2, [1 x i8]* @p_str2, [1 x i8]* @p_str2, i32 0, i32 0, i32 0, i32 0, [1 x i8]* @p_str2, [1 x i8]* @p_str2) nounwind"   --->   Operation 12 'specinterface' <Predicate = true> <Delay = 0.00>
ST_1 : Operation 13 [1/1] (0.00ns)   --->   "call void (...)* @_ssdm_op_SpecInterface(i8* %AXI_video_strm_V_data_V, i1* %AXI_video_strm_V_keep_V, i1* %AXI_video_strm_V_strb_V, i1* %AXI_video_strm_V_user_V, i1* %AXI_video_strm_V_last_V, i1* %AXI_video_strm_V_id_V, i1* %AXI_video_strm_V_dest_V, [5 x i8]* @p_str, i32 1, i32 1, [5 x i8]* @p_str1, i32 0, i32 0, [1 x i8]* @p_str2, [1 x i8]* @p_str2, [1 x i8]* @p_str2, i32 0, i32 0, i32 0, i32 0, [1 x i8]* @p_str2, [1 x i8]* @p_str2) nounwind"   --->   Operation 13 'specinterface' <Predicate = true> <Delay = 0.00>
ST_1 : Operation 14 [1/1] (0.00ns)   --->   "call void (...)* @_ssdm_op_SpecInterface(i8* %AXI_video_strm_V_data_V, i1* %AXI_video_strm_V_keep_V, i1* %AXI_video_strm_V_strb_V, i1* %AXI_video_strm_V_user_V, i1* %AXI_video_strm_V_last_V, i1* %AXI_video_strm_V_id_V, i1* %AXI_video_strm_V_dest_V, [5 x i8]* @p_str, i32 1, i32 1, [5 x i8]* @p_str1, i32 0, i32 0, [1 x i8]* @p_str2, [1 x i8]* @p_str2, [1 x i8]* @p_str2, i32 0, i32 0, i32 0, i32 0, [1 x i8]* @p_str2, [1 x i8]* @p_str2) nounwind"   --->   Operation 14 'specinterface' <Predicate = true> <Delay = 0.00>
ST_1 : Operation 15 [1/1] (0.00ns)   --->   "call void (...)* @_ssdm_op_SpecInterface(i8* %AXI_video_strm_V_data_V, i1* %AXI_video_strm_V_keep_V, i1* %AXI_video_strm_V_strb_V, i1* %AXI_video_strm_V_user_V, i1* %AXI_video_strm_V_last_V, i1* %AXI_video_strm_V_id_V, i1* %AXI_video_strm_V_dest_V, [5 x i8]* @p_str, i32 1, i32 1, [5 x i8]* @p_str1, i32 0, i32 0, [1 x i8]* @p_str2, [1 x i8]* @p_str2, [1 x i8]* @p_str2, i32 0, i32 0, i32 0, i32 0, [1 x i8]* @p_str2, [1 x i8]* @p_str2) nounwind"   --->   Operation 15 'specinterface' <Predicate = true> <Delay = 0.00>
ST_1 : Operation 16 [1/1] (0.00ns)   --->   "call void (...)* @_ssdm_op_SpecInterface(i11* %img_rows_V, [8 x i8]* @ap_fifo_str, i32 0, i32 0, [1 x i8]* @p_str209, i32 0, i32 0, [1 x i8]* @p_str210, [1 x i8]* @p_str211, [1 x i8]* @p_str212, i32 2, i32 2, i32 16, i32 16, [1 x i8]* @p_str213, [11 x i8]* @ScalarProp_str)"   --->   Operation 16 'specinterface' <Predicate = true> <Delay = 0.00>
ST_1 : Operation 17 [1/1] (0.00ns)   --->   "call void (...)* @_ssdm_op_SpecInterface(i11* %img_cols_V, [8 x i8]* @ap_fifo_str, i32 0, i32 0, [1 x i8]* @p_str214, i32 0, i32 0, [1 x i8]* @p_str215, [1 x i8]* @p_str216, [1 x i8]* @p_str217, i32 2, i32 2, i32 16, i32 16, [1 x i8]* @p_str218, [11 x i8]* @ScalarProp_str)"   --->   Operation 17 'specinterface' <Predicate = true> <Delay = 0.00>
ST_1 : Operation 18 [1/1] (0.00ns)   --->   "call void (...)* @_ssdm_op_SpecInterface(i8* %AXI_video_strm_V_data_V, i1* %AXI_video_strm_V_keep_V, i1* %AXI_video_strm_V_strb_V, i1* %AXI_video_strm_V_user_V, i1* %AXI_video_strm_V_last_V, i1* %AXI_video_strm_V_id_V, i1* %AXI_video_strm_V_dest_V, [5 x i8]* @p_str, i32 1, i32 1, [5 x i8]* @p_str1, i32 0, i32 0, [1 x i8]* @p_str2, [1 x i8]* @p_str2, [1 x i8]* @p_str2, i32 0, i32 0, i32 0, i32 0, [1 x i8]* @p_str2, [1 x i8]* @p_str2) nounwind"   --->   Operation 18 'specinterface' <Predicate = true> <Delay = 0.00>
ST_1 : Operation 19 [1/1] (3.63ns)   --->   "%img_rows_V_read = call i11 @_ssdm_op_Read.ap_fifo.i11P(i11* %img_rows_V)" [C:/Xilinx/Vivado/2019.1/common/technology/autopilot/hls/hls_video_io.h:120]   --->   Operation 19 'read' 'img_rows_V_read' <Predicate = true> <Delay = 3.63> <Core = "FIFO">   --->   Core 32 'FIFO' <Latency = 0> <II = 1> <Delay = 3.63> <Storage> <Opcode : 'read' 'write' 'nbread' 'nbwrite'> <Ports = 0> <Width = 11> <Depth = 2> <FIFO>
ST_1 : Operation 20 [1/1] (0.00ns)   --->   "%rows_V = sext i11 %img_rows_V_read to i32" [C:/Xilinx/Vivado/2019.1/common/technology/autopilot/hls/hls_video_io.h:120]   --->   Operation 20 'sext' 'rows_V' <Predicate = true> <Delay = 0.00>
ST_1 : Operation 21 [1/1] (3.63ns)   --->   "%img_cols_V_read = call i11 @_ssdm_op_Read.ap_fifo.i11P(i11* %img_cols_V)" [C:/Xilinx/Vivado/2019.1/common/technology/autopilot/hls/hls_video_io.h:121]   --->   Operation 21 'read' 'img_cols_V_read' <Predicate = true> <Delay = 3.63> <Core = "FIFO">   --->   Core 32 'FIFO' <Latency = 0> <II = 1> <Delay = 3.63> <Storage> <Opcode : 'read' 'write' 'nbread' 'nbwrite'> <Ports = 0> <Width = 11> <Depth = 2> <FIFO>
ST_1 : Operation 22 [1/1] (0.00ns)   --->   "%cols_V = sext i11 %img_cols_V_read to i32" [C:/Xilinx/Vivado/2019.1/common/technology/autopilot/hls/hls_video_io.h:121]   --->   Operation 22 'sext' 'cols_V' <Predicate = true> <Delay = 0.00>
ST_1 : Operation 23 [1/1] (0.00ns)   --->   "%zext_ln1354 = zext i32 %cols_V to i33" [C:/Xilinx/Vivado/2019.1/common/technology/autopilot/hls/hls_video_io.h:135]   --->   Operation 23 'zext' 'zext_ln1354' <Predicate = true> <Delay = 0.00>
ST_1 : Operation 24 [1/1] (2.55ns)   --->   "%ret_V = add i33 %zext_ln1354, -1" [C:/Xilinx/Vivado/2019.1/common/technology/autopilot/hls/hls_video_io.h:135]   --->   Operation 24 'add' 'ret_V' <Predicate = true> <Delay = 2.55> <Core = "AddSub">   --->   Core 14 'AddSub' <Latency = 0> <II = 1> <Delay = 2.55> <FuncUnit> <Opcode : 'add' 'sub'> <InPorts = 2> <OutPorts = 1>
ST_1 : Operation 25 [1/1] (1.76ns)   --->   "store i1 true, i1* %tmp_user_V" [C:/Xilinx/Vivado/2019.1/common/technology/autopilot/hls/hls_video_io.h:125]   --->   Operation 25 'store' <Predicate = true> <Delay = 1.76>
ST_1 : Operation 26 [1/1] (1.76ns)   --->   "br label %0" [C:/Xilinx/Vivado/2019.1/common/technology/autopilot/hls/hls_video_io.h:125]   --->   Operation 26 'br' <Predicate = true> <Delay = 1.76>

State 2 <SV = 1> <Delay = 3.45>
ST_2 : Operation 27 [1/1] (0.00ns)   --->   "%t_V = phi i32 [ 0, %entry ], [ %i_V, %loop_height_end ]"   --->   Operation 27 'phi' 't_V' <Predicate = true> <Delay = 0.00>
ST_2 : Operation 28 [1/1] (2.47ns)   --->   "%icmp_ln125 = icmp eq i32 %t_V, %rows_V" [C:/Xilinx/Vivado/2019.1/common/technology/autopilot/hls/hls_video_io.h:125]   --->   Operation 28 'icmp' 'icmp_ln125' <Predicate = true> <Delay = 2.47> <Core = "Cmp">   --->   Core 25 'Cmp' <Latency = 0> <II = 1> <Delay = 2.48> <FuncUnit> <Opcode : 'icmp'> <InPorts = 2> <OutPorts = 1>
ST_2 : Operation 29 [1/1] (0.00ns)   --->   "call void (...)* @_ssdm_op_SpecLoopTripCount(i64 0, i64 600, i64 0)"   --->   Operation 29 'speclooptripcount' <Predicate = true> <Delay = 0.00>
ST_2 : Operation 30 [1/1] (2.55ns)   --->   "%i_V = add i32 %t_V, 1" [C:/Xilinx/Vivado/2019.1/common/technology/autopilot/hls/hls_video_io.h:125]   --->   Operation 30 'add' 'i_V' <Predicate = true> <Delay = 2.55> <Core = "AddSub">   --->   Core 14 'AddSub' <Latency = 0> <II = 1> <Delay = 2.55> <FuncUnit> <Opcode : 'add' 'sub'> <InPorts = 2> <OutPorts = 1>
ST_2 : Operation 31 [1/1] (0.00ns)   --->   "br i1 %icmp_ln125, label %.exit, label %loop_height_begin" [C:/Xilinx/Vivado/2019.1/common/technology/autopilot/hls/hls_video_io.h:125]   --->   Operation 31 'br' <Predicate = true> <Delay = 0.00>
ST_2 : Operation 32 [1/1] (0.00ns)   --->   "call void (...)* @_ssdm_op_SpecLoopName([12 x i8]* @p_str7) nounwind" [C:/Xilinx/Vivado/2019.1/common/technology/autopilot/hls/hls_video_io.h:125]   --->   Operation 32 'specloopname' <Predicate = (!icmp_ln125)> <Delay = 0.00>
ST_2 : Operation 33 [1/1] (0.00ns)   --->   "%tmp_6_i = call i32 (...)* @_ssdm_op_SpecRegionBegin([12 x i8]* @p_str7)" [C:/Xilinx/Vivado/2019.1/common/technology/autopilot/hls/hls_video_io.h:125]   --->   Operation 33 'specregionbegin' 'tmp_6_i' <Predicate = (!icmp_ln125)> <Delay = 0.00>
ST_2 : Operation 34 [1/1] (1.76ns)   --->   "br label %1" [C:/Xilinx/Vivado/2019.1/common/technology/autopilot/hls/hls_video_io.h:126]   --->   Operation 34 'br' <Predicate = (!icmp_ln125)> <Delay = 1.76>
ST_2 : Operation 35 [1/1] (0.00ns)   --->   "ret void"   --->   Operation 35 'ret' <Predicate = (icmp_ln125)> <Delay = 0.00>

State 3 <SV = 2> <Delay = 3.45>
ST_3 : Operation 36 [1/1] (0.00ns)   --->   "%t_V_4 = phi i32 [ 0, %loop_height_begin ], [ %j_V, %loop_width_begin ]"   --->   Operation 36 'phi' 't_V_4' <Predicate = true> <Delay = 0.00>
ST_3 : Operation 37 [1/1] (2.47ns)   --->   "%icmp_ln126 = icmp eq i32 %t_V_4, %cols_V" [C:/Xilinx/Vivado/2019.1/common/technology/autopilot/hls/hls_video_io.h:126]   --->   Operation 37 'icmp' 'icmp_ln126' <Predicate = true> <Delay = 2.47> <Core = "Cmp">   --->   Core 25 'Cmp' <Latency = 0> <II = 1> <Delay = 2.48> <FuncUnit> <Opcode : 'icmp'> <InPorts = 2> <OutPorts = 1>
ST_3 : Operation 38 [1/1] (0.00ns)   --->   "call void (...)* @_ssdm_op_SpecLoopTripCount(i64 0, i64 800, i64 0)"   --->   Operation 38 'speclooptripcount' <Predicate = true> <Delay = 0.00>
ST_3 : Operation 39 [1/1] (2.55ns)   --->   "%j_V = add i32 %t_V_4, 1" [C:/Xilinx/Vivado/2019.1/common/technology/autopilot/hls/hls_video_io.h:126]   --->   Operation 39 'add' 'j_V' <Predicate = true> <Delay = 2.55> <Core = "AddSub">   --->   Core 14 'AddSub' <Latency = 0> <II = 1> <Delay = 2.55> <FuncUnit> <Opcode : 'add' 'sub'> <InPorts = 2> <OutPorts = 1>
ST_3 : Operation 40 [1/1] (0.00ns)   --->   "br i1 %icmp_ln126, label %loop_height_end, label %loop_width_begin" [C:/Xilinx/Vivado/2019.1/common/technology/autopilot/hls/hls_video_io.h:126]   --->   Operation 40 'br' <Predicate = true> <Delay = 0.00>
ST_3 : Operation 41 [1/1] (0.00ns)   --->   "%zext_ln879 = zext i32 %t_V_4 to i33" [C:/Xilinx/Vivado/2019.1/common/technology/autopilot/hls/hls_video_io.h:135]   --->   Operation 41 'zext' 'zext_ln879' <Predicate = (!icmp_ln126)> <Delay = 0.00>
ST_3 : Operation 42 [1/1] (2.48ns)   --->   "%axi_last_V = icmp eq i33 %zext_ln879, %ret_V" [C:/Xilinx/Vivado/2019.1/common/technology/autopilot/hls/hls_video_io.h:135]   --->   Operation 42 'icmp' 'axi_last_V' <Predicate = (!icmp_ln126)> <Delay = 2.48> <Core = "Cmp">   --->   Core 25 'Cmp' <Latency = 0> <II = 1> <Delay = 2.48> <FuncUnit> <Opcode : 'icmp'> <InPorts = 2> <OutPorts = 1>

State 4 <SV = 3> <Delay = 3.63>
ST_4 : Operation 43 [1/1] (0.00ns)   --->   "%tmp_user_V_load = load i1* %tmp_user_V" [C:/Xilinx/Vivado/2019.1/common/technology/autopilot/hls/hls_video_io.h:146]   --->   Operation 43 'load' 'tmp_user_V_load' <Predicate = (!icmp_ln126)> <Delay = 0.00>
ST_4 : Operation 44 [1/1] (0.00ns)   --->   "%tmp_8_i = call i32 (...)* @_ssdm_op_SpecRegionBegin([12 x i8]* @p_str12)" [C:/Xilinx/Vivado/2019.1/common/technology/autopilot/hls/hls_video_core.h:672->C:/Xilinx/Vivado/2019.1/common/technology/autopilot/hls/hls_video_core.h:711->C:/Xilinx/Vivado/2019.1/common/technology/autopilot/hls/hls_video_io.h:140]   --->   Operation 44 'specregionbegin' 'tmp_8_i' <Predicate = (!icmp_ln126)> <Delay = 0.00>
ST_4 : Operation 45 [1/1] (0.00ns)   --->   "call void (...)* @_ssdm_op_SpecProtocol(i32 0, [1 x i8]* @p_str2) nounwind" [C:/Xilinx/Vivado/2019.1/common/technology/autopilot/hls/hls_video_core.h:676->C:/Xilinx/Vivado/2019.1/common/technology/autopilot/hls/hls_video_core.h:711->C:/Xilinx/Vivado/2019.1/common/technology/autopilot/hls/hls_video_io.h:140]   --->   Operation 45 'specprotocol' <Predicate = (!icmp_ln126)> <Delay = 0.00>
ST_4 : Operation 46 [1/1] (3.63ns)   --->   "%tmp = call i8 @_ssdm_op_Read.ap_fifo.volatile.i8P(i8* %img_data_stream_V)" [C:/Xilinx/Vivado/2019.1/common/technology/autopilot/hls/hls_video_core.h:679->C:/Xilinx/Vivado/2019.1/common/technology/autopilot/hls/hls_video_core.h:711->C:/Xilinx/Vivado/2019.1/common/technology/autopilot/hls/hls_video_io.h:140]   --->   Operation 46 'read' 'tmp' <Predicate = (!icmp_ln126)> <Delay = 3.63> <Core = "FIFO">   --->   Core 32 'FIFO' <Latency = 0> <II = 1> <Delay = 3.63> <Storage> <Opcode : 'read' 'write' 'nbread' 'nbwrite'> <Ports = 0> <Width = 11> <Depth = 2> <FIFO>
ST_4 : Operation 47 [1/1] (0.00ns)   --->   "%empty = call i32 (...)* @_ssdm_op_SpecRegionEnd([12 x i8]* @p_str12, i32 %tmp_8_i)" [C:/Xilinx/Vivado/2019.1/common/technology/autopilot/hls/hls_video_core.h:681->C:/Xilinx/Vivado/2019.1/common/technology/autopilot/hls/hls_video_core.h:711->C:/Xilinx/Vivado/2019.1/common/technology/autopilot/hls/hls_video_io.h:140]   --->   Operation 47 'specregionend' 'empty' <Predicate = (!icmp_ln126)> <Delay = 0.00>
ST_4 : Operation 48 [2/2] (0.00ns)   --->   "call void @_ssdm_op_Write.axis.volatile.i8P.i1P.i1P.i1P.i1P.i1P.i1P(i8* %AXI_video_strm_V_data_V, i1* %AXI_video_strm_V_keep_V, i1* %AXI_video_strm_V_strb_V, i1* %AXI_video_strm_V_user_V, i1* %AXI_video_strm_V_last_V, i1* %AXI_video_strm_V_id_V, i1* %AXI_video_strm_V_dest_V, i8 %tmp, i1 true, i1 undef, i1 %tmp_user_V_load, i1 %axi_last_V, i1 undef, i1 undef)" [C:/Xilinx/Vivado/2019.1/common/technology/autopilot/hls/hls_video_io.h:146]   --->   Operation 48 'write' <Predicate = (!icmp_ln126)> <Delay = 0.00> <Core = "AXI4Stream">   --->   Core 5 'AXI4Stream' <Latency = 0> <II = 1> <Delay = 1.00> <Adapter> <Opcode : >
ST_4 : Operation 49 [1/1] (1.76ns)   --->   "store i1 false, i1* %tmp_user_V" [C:/Xilinx/Vivado/2019.1/common/technology/autopilot/hls/hls_video_io.h:126]   --->   Operation 49 'store' <Predicate = (!icmp_ln126)> <Delay = 1.76>

State 5 <SV = 4> <Delay = 0.00>
ST_5 : Operation 50 [1/1] (0.00ns)   --->   "call void (...)* @_ssdm_op_SpecLoopName([11 x i8]* @p_str8) nounwind" [C:/Xilinx/Vivado/2019.1/common/technology/autopilot/hls/hls_video_io.h:126]   --->   Operation 50 'specloopname' <Predicate = (!icmp_ln126)> <Delay = 0.00>
ST_5 : Operation 51 [1/1] (0.00ns)   --->   "%tmp_7_i = call i32 (...)* @_ssdm_op_SpecRegionBegin([11 x i8]* @p_str8)" [C:/Xilinx/Vivado/2019.1/common/technology/autopilot/hls/hls_video_io.h:126]   --->   Operation 51 'specregionbegin' 'tmp_7_i' <Predicate = (!icmp_ln126)> <Delay = 0.00>
ST_5 : Operation 52 [1/1] (0.00ns)   --->   "call void (...)* @_ssdm_op_SpecPipeline(i32 1, i32 1, i32 1, i32 0, [1 x i8]* @p_str2) nounwind" [C:/Xilinx/Vivado/2019.1/common/technology/autopilot/hls/hls_video_io.h:128]   --->   Operation 52 'specpipeline' <Predicate = (!icmp_ln126)> <Delay = 0.00>
ST_5 : Operation 53 [1/1] (0.00ns)   --->   "call void (...)* @_ssdm_op_SpecLoopName([14 x i8]* @p_str9) nounwind" [C:/Xilinx/Vivado/2019.1/common/technology/autopilot/hls/hls_video_io.h:142]   --->   Operation 53 'specloopname' <Predicate = (!icmp_ln126)> <Delay = 0.00>
ST_5 : Operation 54 [1/2] (0.00ns)   --->   "call void @_ssdm_op_Write.axis.volatile.i8P.i1P.i1P.i1P.i1P.i1P.i1P(i8* %AXI_video_strm_V_data_V, i1* %AXI_video_strm_V_keep_V, i1* %AXI_video_strm_V_strb_V, i1* %AXI_video_strm_V_user_V, i1* %AXI_video_strm_V_last_V, i1* %AXI_video_strm_V_id_V, i1* %AXI_video_strm_V_dest_V, i8 %tmp, i1 true, i1 undef, i1 %tmp_user_V_load, i1 %axi_last_V, i1 undef, i1 undef)" [C:/Xilinx/Vivado/2019.1/common/technology/autopilot/hls/hls_video_io.h:146]   --->   Operation 54 'write' <Predicate = (!icmp_ln126)> <Delay = 0.00> <Core = "AXI4Stream">   --->   Core 5 'AXI4Stream' <Latency = 0> <II = 1> <Delay = 1.00> <Adapter> <Opcode : >
ST_5 : Operation 55 [1/1] (0.00ns)   --->   "%empty_87 = call i32 (...)* @_ssdm_op_SpecRegionEnd([11 x i8]* @p_str8, i32 %tmp_7_i)" [C:/Xilinx/Vivado/2019.1/common/technology/autopilot/hls/hls_video_io.h:147]   --->   Operation 55 'specregionend' 'empty_87' <Predicate = (!icmp_ln126)> <Delay = 0.00>
ST_5 : Operation 56 [1/1] (0.00ns)   --->   "br label %1" [C:/Xilinx/Vivado/2019.1/common/technology/autopilot/hls/hls_video_io.h:126]   --->   Operation 56 'br' <Predicate = (!icmp_ln126)> <Delay = 0.00>

State 6 <SV = 3> <Delay = 0.00>
ST_6 : Operation 57 [1/1] (0.00ns)   --->   "%empty_88 = call i32 (...)* @_ssdm_op_SpecRegionEnd([12 x i8]* @p_str7, i32 %tmp_6_i)" [C:/Xilinx/Vivado/2019.1/common/technology/autopilot/hls/hls_video_io.h:148]   --->   Operation 57 'specregionend' 'empty_88' <Predicate = true> <Delay = 0.00>
ST_6 : Operation 58 [1/1] (0.00ns)   --->   "br label %0" [C:/Xilinx/Vivado/2019.1/common/technology/autopilot/hls/hls_video_io.h:125]   --->   Operation 58 'br' <Predicate = true> <Delay = 0.00>


============================================================
+ Verbose Summary: Binding
============================================================
STG Binding: 
---------------- STG Properties BEGIN ----------------
- Is combinational: 0
- Is one-state seq: 0
- Is datapath-only: 0
- Is pipelined: 0
- Is top level: 0
Port [ Return ] is wired: 1; IO mode=ap_ctrl_hs:ce=0
Port [ img_rows_V]:  wired=1; compound=1; hidden=0; nouse=0; global=0; static=0; extern=0; dir=0; type=3; pingpong=0; private_global=0; IO mode=ap_fifo:ce=0
Port [ img_cols_V]:  wired=1; compound=1; hidden=0; nouse=0; global=0; static=0; extern=0; dir=0; type=3; pingpong=0; private_global=0; IO mode=ap_fifo:ce=0
Port [ img_data_stream_V]:  wired=1; compound=1; hidden=0; nouse=0; global=0; static=0; extern=0; dir=0; type=3; pingpong=0; private_global=0; IO mode=ap_fifo:ce=0
Port [ AXI_video_strm_V_data_V]:  wired=1; compound=1; hidden=0; nouse=0; global=0; static=0; extern=0; dir=1; type=0; pingpong=0; private_global=0; IO mode=axis:ce=0
Port [ AXI_video_strm_V_keep_V]:  wired=1; compound=1; hidden=0; nouse=0; global=0; static=0; extern=0; dir=1; type=0; pingpong=0; private_global=0; IO mode=axis:ce=0
Port [ AXI_video_strm_V_strb_V]:  wired=1; compound=1; hidden=0; nouse=0; global=0; static=0; extern=0; dir=1; type=0; pingpong=0; private_global=0; IO mode=axis:ce=0
Port [ AXI_video_strm_V_user_V]:  wired=1; compound=1; hidden=0; nouse=0; global=0; static=0; extern=0; dir=1; type=0; pingpong=0; private_global=0; IO mode=axis:ce=0
Port [ AXI_video_strm_V_last_V]:  wired=1; compound=1; hidden=0; nouse=0; global=0; static=0; extern=0; dir=1; type=0; pingpong=0; private_global=0; IO mode=axis:ce=0
Port [ AXI_video_strm_V_id_V]:  wired=1; compound=1; hidden=0; nouse=0; global=0; static=0; extern=0; dir=1; type=0; pingpong=0; private_global=0; IO mode=axis:ce=0
Port [ AXI_video_strm_V_dest_V]:  wired=1; compound=1; hidden=0; nouse=0; global=0; static=0; extern=0; dir=1; type=0; pingpong=0; private_global=0; IO mode=axis:ce=0
---------------- STG Properties END ------------------

---------------- Datapath Model BEGIN ----------------

<LifeTime>
<method=bitvector/>
tmp_user_V            (alloca           ) [ 0111111]
specinterface_ln0     (specinterface    ) [ 0000000]
specinterface_ln0     (specinterface    ) [ 0000000]
specinterface_ln0     (specinterface    ) [ 0000000]
specinterface_ln0     (specinterface    ) [ 0000000]
specinterface_ln0     (specinterface    ) [ 0000000]
specinterface_ln0     (specinterface    ) [ 0000000]
specinterface_ln0     (specinterface    ) [ 0000000]
specinterface_ln0     (specinterface    ) [ 0000000]
specinterface_ln0     (specinterface    ) [ 0000000]
specinterface_ln0     (specinterface    ) [ 0000000]
specinterface_ln0     (specinterface    ) [ 0000000]
img_rows_V_read       (read             ) [ 0000000]
rows_V                (sext             ) [ 0011111]
img_cols_V_read       (read             ) [ 0000000]
cols_V                (sext             ) [ 0011111]
zext_ln1354           (zext             ) [ 0000000]
ret_V                 (add              ) [ 0011111]
store_ln125           (store            ) [ 0000000]
br_ln125              (br               ) [ 0111111]
t_V                   (phi              ) [ 0010000]
icmp_ln125            (icmp             ) [ 0011111]
speclooptripcount_ln0 (speclooptripcount) [ 0000000]
i_V                   (add              ) [ 0111111]
br_ln125              (br               ) [ 0000000]
specloopname_ln125    (specloopname     ) [ 0000000]
tmp_6_i               (specregionbegin  ) [ 0001111]
br_ln126              (br               ) [ 0011111]
ret_ln0               (ret              ) [ 0000000]
t_V_4                 (phi              ) [ 0001000]
icmp_ln126            (icmp             ) [ 0011111]
speclooptripcount_ln0 (speclooptripcount) [ 0000000]
j_V                   (add              ) [ 0011111]
br_ln126              (br               ) [ 0000000]
zext_ln879            (zext             ) [ 0000000]
axi_last_V            (icmp             ) [ 0001110]
tmp_user_V_load       (load             ) [ 0001010]
tmp_8_i               (specregionbegin  ) [ 0000000]
specprotocol_ln676    (specprotocol     ) [ 0000000]
tmp                   (read             ) [ 0001010]
empty                 (specregionend    ) [ 0000000]
store_ln126           (store            ) [ 0000000]
specloopname_ln126    (specloopname     ) [ 0000000]
tmp_7_i               (specregionbegin  ) [ 0000000]
specpipeline_ln128    (specpipeline     ) [ 0000000]
specloopname_ln142    (specloopname     ) [ 0000000]
write_ln146           (write            ) [ 0000000]
empty_87              (specregionend    ) [ 0000000]
br_ln126              (br               ) [ 0011111]
empty_88              (specregionend    ) [ 0000000]
br_ln125              (br               ) [ 0111111]
</LifeTime>

<model>

<comp_list>
<comp id="0" class="1000" name="img_rows_V">
<pin_list>
<pin id="1" dir="1" index="0" bw="1" slack="0"/>
</pin_list>
<bind>
<StgValue><ssdm name="img_rows_V"/></StgValue>
</bind>
</comp>

<comp id="2" class="1000" name="img_cols_V">
<pin_list>
<pin id="3" dir="1" index="0" bw="1" slack="0"/>
</pin_list>
<bind>
<StgValue><ssdm name="img_cols_V"/></StgValue>
</bind>
</comp>

<comp id="4" class="1000" name="img_data_stream_V">
<pin_list>
<pin id="5" dir="1" index="0" bw="1" slack="0"/>
</pin_list>
<bind>
<StgValue><ssdm name="img_data_stream_V"/></StgValue>
</bind>
</comp>

<comp id="6" class="1000" name="AXI_video_strm_V_data_V">
<pin_list>
<pin id="7" dir="1" index="0" bw="1" slack="0"/>
</pin_list>
<bind>
<StgValue><ssdm name="AXI_video_strm_V_data_V"/></StgValue>
</bind>
</comp>

<comp id="8" class="1000" name="AXI_video_strm_V_keep_V">
<pin_list>
<pin id="9" dir="1" index="0" bw="1" slack="0"/>
</pin_list>
<bind>
<StgValue><ssdm name="AXI_video_strm_V_keep_V"/></StgValue>
</bind>
</comp>

<comp id="10" class="1000" name="AXI_video_strm_V_strb_V">
<pin_list>
<pin id="11" dir="1" index="0" bw="1" slack="0"/>
</pin_list>
<bind>
<StgValue><ssdm name="AXI_video_strm_V_strb_V"/></StgValue>
</bind>
</comp>

<comp id="12" class="1000" name="AXI_video_strm_V_user_V">
<pin_list>
<pin id="13" dir="1" index="0" bw="1" slack="0"/>
</pin_list>
<bind>
<StgValue><ssdm name="AXI_video_strm_V_user_V"/></StgValue>
</bind>
</comp>

<comp id="14" class="1000" name="AXI_video_strm_V_last_V">
<pin_list>
<pin id="15" dir="1" index="0" bw="1" slack="0"/>
</pin_list>
<bind>
<StgValue><ssdm name="AXI_video_strm_V_last_V"/></StgValue>
</bind>
</comp>

<comp id="16" class="1000" name="AXI_video_strm_V_id_V">
<pin_list>
<pin id="17" dir="1" index="0" bw="1" slack="0"/>
</pin_list>
<bind>
<StgValue><ssdm name="AXI_video_strm_V_id_V"/></StgValue>
</bind>
</comp>

<comp id="18" class="1000" name="AXI_video_strm_V_dest_V">
<pin_list>
<pin id="19" dir="1" index="0" bw="1" slack="0"/>
</pin_list>
<bind>
<StgValue><ssdm name="AXI_video_strm_V_dest_V"/></StgValue>
</bind>
</comp>

<comp id="20" class="1001" name="const_20">
<pin_list>
<pin id="21" dir="1" index="0" bw="1" slack="0"/>
</pin_list>
<bind>
<StgValue><ssdm name=""/></StgValue>
</bind>
</comp>

<comp id="22" class="1001" name="const_22">
<pin_list>
<pin id="23" dir="1" index="0" bw="1" slack="2147483647"/>
</pin_list>
<bind>
<StgValue><ssdm name="_ssdm_op_SpecInterface"/></StgValue>
</bind>
</comp>

<comp id="24" class="1001" name="const_24">
<pin_list>
<pin id="25" dir="1" index="0" bw="1" slack="2147483647"/>
</pin_list>
<bind>
<StgValue><ssdm name="ap_fifo_str"/></StgValue>
</bind>
</comp>

<comp id="26" class="1001" name="const_26">
<pin_list>
<pin id="27" dir="1" index="0" bw="1" slack="1"/>
</pin_list>
<bind>
<StgValue><ssdm name=""/></StgValue>
</bind>
</comp>

<comp id="28" class="1001" name="const_28">
<pin_list>
<pin id="29" dir="1" index="0" bw="1" slack="2147483647"/>
</pin_list>
<bind>
<StgValue><ssdm name="p_str69"/></StgValue>
</bind>
</comp>

<comp id="30" class="1001" name="const_30">
<pin_list>
<pin id="31" dir="1" index="0" bw="1" slack="2147483647"/>
</pin_list>
<bind>
<StgValue><ssdm name="p_str70"/></StgValue>
</bind>
</comp>

<comp id="32" class="1001" name="const_32">
<pin_list>
<pin id="33" dir="1" index="0" bw="1" slack="2147483647"/>
</pin_list>
<bind>
<StgValue><ssdm name="p_str71"/></StgValue>
</bind>
</comp>

<comp id="34" class="1001" name="const_34">
<pin_list>
<pin id="35" dir="1" index="0" bw="1" slack="2147483647"/>
</pin_list>
<bind>
<StgValue><ssdm name="p_str72"/></StgValue>
</bind>
</comp>

<comp id="36" class="1001" name="const_36">
<pin_list>
<pin id="37" dir="1" index="0" bw="1" slack="2147483647"/>
</pin_list>
<bind>
<StgValue><ssdm name=""/></StgValue>
</bind>
</comp>

<comp id="38" class="1001" name="const_38">
<pin_list>
<pin id="39" dir="1" index="0" bw="1" slack="2147483647"/>
</pin_list>
<bind>
<StgValue><ssdm name=""/></StgValue>
</bind>
</comp>

<comp id="40" class="1001" name="const_40">
<pin_list>
<pin id="41" dir="1" index="0" bw="1" slack="2147483647"/>
</pin_list>
<bind>
<StgValue><ssdm name="p_str73"/></StgValue>
</bind>
</comp>

<comp id="42" class="1001" name="const_42">
<pin_list>
<pin id="43" dir="1" index="0" bw="1" slack="2147483647"/>
</pin_list>
<bind>
<StgValue><ssdm name="p_str74"/></StgValue>
</bind>
</comp>

<comp id="44" class="1001" name="const_44">
<pin_list>
<pin id="45" dir="1" index="0" bw="1" slack="2147483647"/>
</pin_list>
<bind>
<StgValue><ssdm name="p_str"/></StgValue>
</bind>
</comp>

<comp id="46" class="1001" name="const_46">
<pin_list>
<pin id="47" dir="1" index="0" bw="1" slack="2147483647"/>
</pin_list>
<bind>
<StgValue><ssdm name="p_str1"/></StgValue>
</bind>
</comp>

<comp id="48" class="1001" name="const_48">
<pin_list>
<pin id="49" dir="1" index="0" bw="1" slack="2147483647"/>
</pin_list>
<bind>
<StgValue><ssdm name="p_str2"/></StgValue>
</bind>
</comp>

<comp id="50" class="1001" name="const_50">
<pin_list>
<pin id="51" dir="1" index="0" bw="1" slack="2147483647"/>
</pin_list>
<bind>
<StgValue><ssdm name="p_str209"/></StgValue>
</bind>
</comp>

<comp id="52" class="1001" name="const_52">
<pin_list>
<pin id="53" dir="1" index="0" bw="1" slack="2147483647"/>
</pin_list>
<bind>
<StgValue><ssdm name="p_str210"/></StgValue>
</bind>
</comp>

<comp id="54" class="1001" name="const_54">
<pin_list>
<pin id="55" dir="1" index="0" bw="1" slack="2147483647"/>
</pin_list>
<bind>
<StgValue><ssdm name="p_str211"/></StgValue>
</bind>
</comp>

<comp id="56" class="1001" name="const_56">
<pin_list>
<pin id="57" dir="1" index="0" bw="1" slack="2147483647"/>
</pin_list>
<bind>
<StgValue><ssdm name="p_str212"/></StgValue>
</bind>
</comp>

<comp id="58" class="1001" name="const_58">
<pin_list>
<pin id="59" dir="1" index="0" bw="1" slack="2147483647"/>
</pin_list>
<bind>
<StgValue><ssdm name="p_str213"/></StgValue>
</bind>
</comp>

<comp id="60" class="1001" name="const_60">
<pin_list>
<pin id="61" dir="1" index="0" bw="1" slack="2147483647"/>
</pin_list>
<bind>
<StgValue><ssdm name="ScalarProp_str"/></StgValue>
</bind>
</comp>

<comp id="62" class="1001" name="const_62">
<pin_list>
<pin id="63" dir="1" index="0" bw="1" slack="2147483647"/>
</pin_list>
<bind>
<StgValue><ssdm name="p_str214"/></StgValue>
</bind>
</comp>

<comp id="64" class="1001" name="const_64">
<pin_list>
<pin id="65" dir="1" index="0" bw="1" slack="2147483647"/>
</pin_list>
<bind>
<StgValue><ssdm name="p_str215"/></StgValue>
</bind>
</comp>

<comp id="66" class="1001" name="const_66">
<pin_list>
<pin id="67" dir="1" index="0" bw="1" slack="2147483647"/>
</pin_list>
<bind>
<StgValue><ssdm name="p_str216"/></StgValue>
</bind>
</comp>

<comp id="68" class="1001" name="const_68">
<pin_list>
<pin id="69" dir="1" index="0" bw="1" slack="2147483647"/>
</pin_list>
<bind>
<StgValue><ssdm name="p_str217"/></StgValue>
</bind>
</comp>

<comp id="70" class="1001" name="const_70">
<pin_list>
<pin id="71" dir="1" index="0" bw="1" slack="2147483647"/>
</pin_list>
<bind>
<StgValue><ssdm name="p_str218"/></StgValue>
</bind>
</comp>

<comp id="72" class="1001" name="const_72">
<pin_list>
<pin id="73" dir="1" index="0" bw="1" slack="0"/>
</pin_list>
<bind>
<StgValue><ssdm name="_ssdm_op_Read.ap_fifo.i11P"/></StgValue>
</bind>
</comp>

<comp id="74" class="1001" name="const_74">
<pin_list>
<pin id="75" dir="1" index="0" bw="1" slack="0"/>
</pin_list>
<bind>
<StgValue><ssdm name=""/></StgValue>
</bind>
</comp>

<comp id="76" class="1001" name="const_76">
<pin_list>
<pin id="77" dir="1" index="0" bw="1" slack="0"/>
</pin_list>
<bind>
<StgValue><ssdm name=""/></StgValue>
</bind>
</comp>

<comp id="78" class="1001" name="const_78">
<pin_list>
<pin id="79" dir="1" index="0" bw="1" slack="2147483647"/>
</pin_list>
<bind>
<StgValue><ssdm name="_ssdm_op_SpecLoopTripCount"/></StgValue>
</bind>
</comp>

<comp id="80" class="1001" name="const_80">
<pin_list>
<pin id="81" dir="1" index="0" bw="1" slack="2147483647"/>
</pin_list>
<bind>
<StgValue><ssdm name=""/></StgValue>
</bind>
</comp>

<comp id="82" class="1001" name="const_82">
<pin_list>
<pin id="83" dir="1" index="0" bw="1" slack="2147483647"/>
</pin_list>
<bind>
<StgValue><ssdm name=""/></StgValue>
</bind>
</comp>

<comp id="84" class="1001" name="const_84">
<pin_list>
<pin id="85" dir="1" index="0" bw="1" slack="2147483647"/>
</pin_list>
<bind>
<StgValue><ssdm name="_ssdm_op_SpecLoopName"/></StgValue>
</bind>
</comp>

<comp id="86" class="1001" name="const_86">
<pin_list>
<pin id="87" dir="1" index="0" bw="1" slack="2147483647"/>
</pin_list>
<bind>
<StgValue><ssdm name="p_str7"/></StgValue>
</bind>
</comp>

<comp id="88" class="1001" name="const_88">
<pin_list>
<pin id="89" dir="1" index="0" bw="1" slack="2147483647"/>
</pin_list>
<bind>
<StgValue><ssdm name="_ssdm_op_SpecRegionBegin"/></StgValue>
</bind>
</comp>

<comp id="90" class="1001" name="const_90">
<pin_list>
<pin id="91" dir="1" index="0" bw="1" slack="2147483647"/>
</pin_list>
<bind>
<StgValue><ssdm name=""/></StgValue>
</bind>
</comp>

<comp id="92" class="1001" name="const_92">
<pin_list>
<pin id="93" dir="1" index="0" bw="1" slack="2147483647"/>
</pin_list>
<bind>
<StgValue><ssdm name="p_str12"/></StgValue>
</bind>
</comp>

<comp id="94" class="1001" name="const_94">
<pin_list>
<pin id="95" dir="1" index="0" bw="1" slack="2147483647"/>
</pin_list>
<bind>
<StgValue><ssdm name="_ssdm_op_SpecProtocol"/></StgValue>
</bind>
</comp>

<comp id="96" class="1001" name="const_96">
<pin_list>
<pin id="97" dir="1" index="0" bw="1" slack="0"/>
</pin_list>
<bind>
<StgValue><ssdm name="_ssdm_op_Read.ap_fifo.volatile.i8P"/></StgValue>
</bind>
</comp>

<comp id="98" class="1001" name="const_98">
<pin_list>
<pin id="99" dir="1" index="0" bw="1" slack="2147483647"/>
</pin_list>
<bind>
<StgValue><ssdm name="_ssdm_op_SpecRegionEnd"/></StgValue>
</bind>
</comp>

<comp id="100" class="1001" name="const_100">
<pin_list>
<pin id="101" dir="1" index="0" bw="1" slack="0"/>
</pin_list>
<bind>
<StgValue><ssdm name="_ssdm_op_Write.axis.volatile.i8P.i1P.i1P.i1P.i1P.i1P.i1P"/></StgValue>
</bind>
</comp>

<comp id="102" class="1001" name="const_102">
<pin_list>
<pin id="103" dir="1" index="0" bw="1" slack="0"/>
</pin_list>
<bind>
<StgValue><ssdm name=""/></StgValue>
</bind>
</comp>

<comp id="104" class="1001" name="const_104">
<pin_list>
<pin id="105" dir="1" index="0" bw="1" slack="0"/>
</pin_list>
<bind>
<StgValue><ssdm name=""/></StgValue>
</bind>
</comp>

<comp id="106" class="1001" name="const_106">
<pin_list>
<pin id="107" dir="1" index="0" bw="1" slack="2147483647"/>
</pin_list>
<bind>
<StgValue><ssdm name="p_str8"/></StgValue>
</bind>
</comp>

<comp id="108" class="1001" name="const_108">
<pin_list>
<pin id="109" dir="1" index="0" bw="1" slack="2147483647"/>
</pin_list>
<bind>
<StgValue><ssdm name="_ssdm_op_SpecPipeline"/></StgValue>
</bind>
</comp>

<comp id="110" class="1001" name="const_110">
<pin_list>
<pin id="111" dir="1" index="0" bw="1" slack="2147483647"/>
</pin_list>
<bind>
<StgValue><ssdm name="p_str9"/></StgValue>
</bind>
</comp>

<comp id="112" class="1004" name="tmp_user_V_fu_112">
<pin_list>
<pin id="113" dir="0" index="0" bw="1" slack="0"/>
<pin id="114" dir="1" index="1" bw="1" slack="0"/>
</pin_list>
<bind>
<opcode="alloca(26) " fcode="alloca"/>
<opset="tmp_user_V/1 "/>
</bind>
</comp>

<comp id="116" class="1004" name="img_rows_V_read_read_fu_116">
<pin_list>
<pin id="117" dir="0" index="0" bw="11" slack="0"/>
<pin id="118" dir="0" index="1" bw="11" slack="0"/>
<pin id="119" dir="1" index="2" bw="11" slack="0"/>
</pin_list>
<bind>
<opcode="read(1150) " fcode="read"/>
<opset="img_rows_V_read/1 "/>
</bind>
</comp>

<comp id="122" class="1004" name="img_cols_V_read_read_fu_122">
<pin_list>
<pin id="123" dir="0" index="0" bw="11" slack="0"/>
<pin id="124" dir="0" index="1" bw="11" slack="0"/>
<pin id="125" dir="1" index="2" bw="11" slack="0"/>
</pin_list>
<bind>
<opcode="read(1150) " fcode="read"/>
<opset="img_cols_V_read/1 "/>
</bind>
</comp>

<comp id="128" class="1004" name="tmp_read_fu_128">
<pin_list>
<pin id="129" dir="0" index="0" bw="8" slack="0"/>
<pin id="130" dir="0" index="1" bw="8" slack="0"/>
<pin id="131" dir="1" index="2" bw="8" slack="0"/>
</pin_list>
<bind>
<opcode="read(1150) " fcode="read"/>
<opset="tmp/4 "/>
</bind>
</comp>

<comp id="134" class="1004" name="grp_write_fu_134">
<pin_list>
<pin id="135" dir="0" index="0" bw="0" slack="0"/>
<pin id="136" dir="0" index="1" bw="8" slack="0"/>
<pin id="137" dir="0" index="2" bw="1" slack="0"/>
<pin id="138" dir="0" index="3" bw="1" slack="0"/>
<pin id="139" dir="0" index="4" bw="1" slack="0"/>
<pin id="140" dir="0" index="5" bw="1" slack="0"/>
<pin id="141" dir="0" index="6" bw="1" slack="0"/>
<pin id="142" dir="0" index="7" bw="1" slack="0"/>
<pin id="143" dir="0" index="8" bw="8" slack="0"/>
<pin id="144" dir="0" index="9" bw="1" slack="0"/>
<pin id="145" dir="0" index="10" bw="1" slack="0"/>
<pin id="146" dir="0" index="11" bw="1" slack="0"/>
<pin id="147" dir="0" index="12" bw="1" slack="1"/>
<pin id="148" dir="0" index="13" bw="1" slack="0"/>
<pin id="149" dir="0" index="14" bw="1" slack="0"/>
<pin id="150" dir="1" index="15" bw="0" slack="2147483647"/>
</pin_list>
<bind>
<opcode="write(1151) " fcode="write"/>
<opset="write_ln146/4 "/>
</bind>
</comp>

<comp id="164" class="1005" name="t_V_reg_164">
<pin_list>
<pin id="165" dir="0" index="0" bw="32" slack="1"/>
<pin id="166" dir="1" index="1" bw="32" slack="1"/>
</pin_list>
<bind>
<opset="t_V (phireg) "/>
</bind>
</comp>

<comp id="168" class="1004" name="t_V_phi_fu_168">
<pin_list>
<pin id="169" dir="0" index="0" bw="1" slack="1"/>
<pin id="170" dir="0" index="1" bw="0" slack="2147483647"/>
<pin id="171" dir="0" index="2" bw="32" slack="0"/>
<pin id="172" dir="0" index="3" bw="0" slack="2147483647"/>
<pin id="173" dir="1" index="4" bw="32" slack="0"/>
</pin_list>
<bind>
<opcode="phi(47) " fcode="phi"/>
<opset="t_V/2 "/>
</bind>
</comp>

<comp id="175" class="1005" name="t_V_4_reg_175">
<pin_list>
<pin id="176" dir="0" index="0" bw="32" slack="1"/>
<pin id="177" dir="1" index="1" bw="32" slack="1"/>
</pin_list>
<bind>
<opset="t_V_4 (phireg) "/>
</bind>
</comp>

<comp id="179" class="1004" name="t_V_4_phi_fu_179">
<pin_list>
<pin id="180" dir="0" index="0" bw="1" slack="1"/>
<pin id="181" dir="0" index="1" bw="0" slack="2147483647"/>
<pin id="182" dir="0" index="2" bw="32" slack="0"/>
<pin id="183" dir="0" index="3" bw="0" slack="2147483647"/>
<pin id="184" dir="1" index="4" bw="32" slack="0"/>
</pin_list>
<bind>
<opcode="phi(47) " fcode="phi"/>
<opset="t_V_4/3 "/>
</bind>
</comp>

<comp id="186" class="1004" name="rows_V_fu_186">
<pin_list>
<pin id="187" dir="0" index="0" bw="11" slack="0"/>
<pin id="188" dir="1" index="1" bw="32" slack="1"/>
</pin_list>
<bind>
<opcode="sext(35) " fcode="sext"/>
<opset="rows_V/1 "/>
</bind>
</comp>

<comp id="190" class="1004" name="cols_V_fu_190">
<pin_list>
<pin id="191" dir="0" index="0" bw="11" slack="0"/>
<pin id="192" dir="1" index="1" bw="32" slack="0"/>
</pin_list>
<bind>
<opcode="sext(35) " fcode="sext"/>
<opset="cols_V/1 "/>
</bind>
</comp>

<comp id="194" class="1004" name="zext_ln1354_fu_194">
<pin_list>
<pin id="195" dir="0" index="0" bw="11" slack="0"/>
<pin id="196" dir="1" index="1" bw="33" slack="0"/>
</pin_list>
<bind>
<opcode="zext(34) " fcode="zext"/>
<opset="zext_ln1354/1 "/>
</bind>
</comp>

<comp id="198" class="1004" name="ret_V_fu_198">
<pin_list>
<pin id="199" dir="0" index="0" bw="32" slack="0"/>
<pin id="200" dir="0" index="1" bw="1" slack="0"/>
<pin id="201" dir="1" index="2" bw="33" slack="2"/>
</pin_list>
<bind>
<opcode="add(8) " fcode="add"/>
<opset="ret_V/1 "/>
</bind>
</comp>

<comp id="204" class="1004" name="store_ln125_store_fu_204">
<pin_list>
<pin id="205" dir="0" index="0" bw="1" slack="0"/>
<pin id="206" dir="0" index="1" bw="1" slack="0"/>
<pin id="207" dir="1" index="2" bw="0" slack="2147483647"/>
</pin_list>
<bind>
<opcode="store(28) " fcode="store"/>
<opset="store_ln125/1 "/>
</bind>
</comp>

<comp id="209" class="1004" name="icmp_ln125_fu_209">
<pin_list>
<pin id="210" dir="0" index="0" bw="32" slack="0"/>
<pin id="211" dir="0" index="1" bw="11" slack="1"/>
<pin id="212" dir="1" index="2" bw="1" slack="1"/>
</pin_list>
<bind>
<opcode="icmp(45) " fcode="icmp"/>
<opset="icmp_ln125/2 "/>
</bind>
</comp>

<comp id="214" class="1004" name="i_V_fu_214">
<pin_list>
<pin id="215" dir="0" index="0" bw="32" slack="0"/>
<pin id="216" dir="0" index="1" bw="1" slack="0"/>
<pin id="217" dir="1" index="2" bw="32" slack="0"/>
</pin_list>
<bind>
<opcode="add(8) " fcode="add"/>
<opset="i_V/2 "/>
</bind>
</comp>

<comp id="220" class="1004" name="icmp_ln126_fu_220">
<pin_list>
<pin id="221" dir="0" index="0" bw="32" slack="0"/>
<pin id="222" dir="0" index="1" bw="11" slack="2"/>
<pin id="223" dir="1" index="2" bw="1" slack="1"/>
</pin_list>
<bind>
<opcode="icmp(45) " fcode="icmp"/>
<opset="icmp_ln126/3 "/>
</bind>
</comp>

<comp id="225" class="1004" name="j_V_fu_225">
<pin_list>
<pin id="226" dir="0" index="0" bw="32" slack="0"/>
<pin id="227" dir="0" index="1" bw="1" slack="0"/>
<pin id="228" dir="1" index="2" bw="32" slack="0"/>
</pin_list>
<bind>
<opcode="add(8) " fcode="add"/>
<opset="j_V/3 "/>
</bind>
</comp>

<comp id="231" class="1004" name="zext_ln879_fu_231">
<pin_list>
<pin id="232" dir="0" index="0" bw="32" slack="0"/>
<pin id="233" dir="1" index="1" bw="33" slack="0"/>
</pin_list>
<bind>
<opcode="zext(34) " fcode="zext"/>
<opset="zext_ln879/3 "/>
</bind>
</comp>

<comp id="235" class="1004" name="axi_last_V_fu_235">
<pin_list>
<pin id="236" dir="0" index="0" bw="32" slack="0"/>
<pin id="237" dir="0" index="1" bw="33" slack="2"/>
<pin id="238" dir="1" index="2" bw="1" slack="1"/>
</pin_list>
<bind>
<opcode="icmp(45) " fcode="icmp"/>
<opset="axi_last_V/3 "/>
</bind>
</comp>

<comp id="240" class="1004" name="tmp_user_V_load_load_fu_240">
<pin_list>
<pin id="241" dir="0" index="0" bw="1" slack="3"/>
<pin id="242" dir="1" index="1" bw="1" slack="0"/>
</pin_list>
<bind>
<opcode="load(27) " fcode="load"/>
<opset="tmp_user_V_load/4 "/>
</bind>
</comp>

<comp id="244" class="1004" name="store_ln126_store_fu_244">
<pin_list>
<pin id="245" dir="0" index="0" bw="1" slack="0"/>
<pin id="246" dir="0" index="1" bw="1" slack="3"/>
<pin id="247" dir="1" index="2" bw="0" slack="2147483647"/>
</pin_list>
<bind>
<opcode="store(28) " fcode="store"/>
<opset="store_ln126/4 "/>
</bind>
</comp>

<comp id="249" class="1005" name="tmp_user_V_reg_249">
<pin_list>
<pin id="250" dir="0" index="0" bw="1" slack="0"/>
<pin id="251" dir="1" index="1" bw="1" slack="0"/>
</pin_list>
<bind>
<opset="tmp_user_V "/>
</bind>
</comp>

<comp id="256" class="1005" name="rows_V_reg_256">
<pin_list>
<pin id="257" dir="0" index="0" bw="32" slack="1"/>
<pin id="258" dir="1" index="1" bw="32" slack="1"/>
</pin_list>
<bind>
<opset="rows_V "/>
</bind>
</comp>

<comp id="261" class="1005" name="cols_V_reg_261">
<pin_list>
<pin id="262" dir="0" index="0" bw="32" slack="2"/>
<pin id="263" dir="1" index="1" bw="32" slack="2"/>
</pin_list>
<bind>
<opset="cols_V "/>
</bind>
</comp>

<comp id="266" class="1005" name="ret_V_reg_266">
<pin_list>
<pin id="267" dir="0" index="0" bw="33" slack="2"/>
<pin id="268" dir="1" index="1" bw="33" slack="2"/>
</pin_list>
<bind>
<opset="ret_V "/>
</bind>
</comp>

<comp id="271" class="1005" name="icmp_ln125_reg_271">
<pin_list>
<pin id="272" dir="0" index="0" bw="1" slack="1"/>
<pin id="273" dir="1" index="1" bw="1" slack="2147483647"/>
</pin_list>
<bind>
<opset="icmp_ln125 "/>
</bind>
</comp>

<comp id="275" class="1005" name="i_V_reg_275">
<pin_list>
<pin id="276" dir="0" index="0" bw="32" slack="0"/>
<pin id="277" dir="1" index="1" bw="32" slack="0"/>
</pin_list>
<bind>
<opset="i_V "/>
</bind>
</comp>

<comp id="280" class="1005" name="icmp_ln126_reg_280">
<pin_list>
<pin id="281" dir="0" index="0" bw="1" slack="1"/>
<pin id="282" dir="1" index="1" bw="1" slack="2147483647"/>
</pin_list>
<bind>
<opset="icmp_ln126 "/>
</bind>
</comp>

<comp id="284" class="1005" name="j_V_reg_284">
<pin_list>
<pin id="285" dir="0" index="0" bw="32" slack="0"/>
<pin id="286" dir="1" index="1" bw="32" slack="0"/>
</pin_list>
<bind>
<opset="j_V "/>
</bind>
</comp>

<comp id="289" class="1005" name="axi_last_V_reg_289">
<pin_list>
<pin id="290" dir="0" index="0" bw="1" slack="1"/>
<pin id="291" dir="1" index="1" bw="1" slack="1"/>
</pin_list>
<bind>
<opset="axi_last_V "/>
</bind>
</comp>

<comp id="294" class="1005" name="tmp_user_V_load_reg_294">
<pin_list>
<pin id="295" dir="0" index="0" bw="1" slack="1"/>
<pin id="296" dir="1" index="1" bw="1" slack="1"/>
</pin_list>
<bind>
<opset="tmp_user_V_load "/>
</bind>
</comp>

<comp id="299" class="1005" name="tmp_reg_299">
<pin_list>
<pin id="300" dir="0" index="0" bw="8" slack="1"/>
<pin id="301" dir="1" index="1" bw="8" slack="1"/>
</pin_list>
<bind>
<opset="tmp "/>
</bind>
</comp>

</comp_list>

<net_list>
<net id="115"><net_src comp="20" pin="0"/><net_sink comp="112" pin=0"/></net>

<net id="120"><net_src comp="72" pin="0"/><net_sink comp="116" pin=0"/></net>

<net id="121"><net_src comp="0" pin="0"/><net_sink comp="116" pin=1"/></net>

<net id="126"><net_src comp="72" pin="0"/><net_sink comp="122" pin=0"/></net>

<net id="127"><net_src comp="2" pin="0"/><net_sink comp="122" pin=1"/></net>

<net id="132"><net_src comp="96" pin="0"/><net_sink comp="128" pin=0"/></net>

<net id="133"><net_src comp="4" pin="0"/><net_sink comp="128" pin=1"/></net>

<net id="151"><net_src comp="100" pin="0"/><net_sink comp="134" pin=0"/></net>

<net id="152"><net_src comp="6" pin="0"/><net_sink comp="134" pin=1"/></net>

<net id="153"><net_src comp="8" pin="0"/><net_sink comp="134" pin=2"/></net>

<net id="154"><net_src comp="10" pin="0"/><net_sink comp="134" pin=3"/></net>

<net id="155"><net_src comp="12" pin="0"/><net_sink comp="134" pin=4"/></net>

<net id="156"><net_src comp="14" pin="0"/><net_sink comp="134" pin=5"/></net>

<net id="157"><net_src comp="16" pin="0"/><net_sink comp="134" pin=6"/></net>

<net id="158"><net_src comp="18" pin="0"/><net_sink comp="134" pin=7"/></net>

<net id="159"><net_src comp="128" pin="2"/><net_sink comp="134" pin=8"/></net>

<net id="160"><net_src comp="76" pin="0"/><net_sink comp="134" pin=9"/></net>

<net id="161"><net_src comp="102" pin="0"/><net_sink comp="134" pin=10"/></net>

<net id="162"><net_src comp="102" pin="0"/><net_sink comp="134" pin=13"/></net>

<net id="163"><net_src comp="102" pin="0"/><net_sink comp="134" pin=14"/></net>

<net id="167"><net_src comp="26" pin="0"/><net_sink comp="164" pin=0"/></net>

<net id="174"><net_src comp="164" pin="1"/><net_sink comp="168" pin=0"/></net>

<net id="178"><net_src comp="26" pin="0"/><net_sink comp="175" pin=0"/></net>

<net id="185"><net_src comp="175" pin="1"/><net_sink comp="179" pin=0"/></net>

<net id="189"><net_src comp="116" pin="2"/><net_sink comp="186" pin=0"/></net>

<net id="193"><net_src comp="122" pin="2"/><net_sink comp="190" pin=0"/></net>

<net id="197"><net_src comp="190" pin="1"/><net_sink comp="194" pin=0"/></net>

<net id="202"><net_src comp="194" pin="1"/><net_sink comp="198" pin=0"/></net>

<net id="203"><net_src comp="74" pin="0"/><net_sink comp="198" pin=1"/></net>

<net id="208"><net_src comp="76" pin="0"/><net_sink comp="204" pin=0"/></net>

<net id="213"><net_src comp="168" pin="4"/><net_sink comp="209" pin=0"/></net>

<net id="218"><net_src comp="168" pin="4"/><net_sink comp="214" pin=0"/></net>

<net id="219"><net_src comp="20" pin="0"/><net_sink comp="214" pin=1"/></net>

<net id="224"><net_src comp="179" pin="4"/><net_sink comp="220" pin=0"/></net>

<net id="229"><net_src comp="179" pin="4"/><net_sink comp="225" pin=0"/></net>

<net id="230"><net_src comp="20" pin="0"/><net_sink comp="225" pin=1"/></net>

<net id="234"><net_src comp="179" pin="4"/><net_sink comp="231" pin=0"/></net>

<net id="239"><net_src comp="231" pin="1"/><net_sink comp="235" pin=0"/></net>

<net id="243"><net_src comp="240" pin="1"/><net_sink comp="134" pin=11"/></net>

<net id="248"><net_src comp="104" pin="0"/><net_sink comp="244" pin=0"/></net>

<net id="252"><net_src comp="112" pin="1"/><net_sink comp="249" pin=0"/></net>

<net id="253"><net_src comp="249" pin="1"/><net_sink comp="204" pin=1"/></net>

<net id="254"><net_src comp="249" pin="1"/><net_sink comp="240" pin=0"/></net>

<net id="255"><net_src comp="249" pin="1"/><net_sink comp="244" pin=1"/></net>

<net id="259"><net_src comp="186" pin="1"/><net_sink comp="256" pin=0"/></net>

<net id="260"><net_src comp="256" pin="1"/><net_sink comp="209" pin=1"/></net>

<net id="264"><net_src comp="190" pin="1"/><net_sink comp="261" pin=0"/></net>

<net id="265"><net_src comp="261" pin="1"/><net_sink comp="220" pin=1"/></net>

<net id="269"><net_src comp="198" pin="2"/><net_sink comp="266" pin=0"/></net>

<net id="270"><net_src comp="266" pin="1"/><net_sink comp="235" pin=1"/></net>

<net id="274"><net_src comp="209" pin="2"/><net_sink comp="271" pin=0"/></net>

<net id="278"><net_src comp="214" pin="2"/><net_sink comp="275" pin=0"/></net>

<net id="279"><net_src comp="275" pin="1"/><net_sink comp="168" pin=2"/></net>

<net id="283"><net_src comp="220" pin="2"/><net_sink comp="280" pin=0"/></net>

<net id="287"><net_src comp="225" pin="2"/><net_sink comp="284" pin=0"/></net>

<net id="288"><net_src comp="284" pin="1"/><net_sink comp="179" pin=2"/></net>

<net id="292"><net_src comp="235" pin="2"/><net_sink comp="289" pin=0"/></net>

<net id="293"><net_src comp="289" pin="1"/><net_sink comp="134" pin=12"/></net>

<net id="297"><net_src comp="240" pin="1"/><net_sink comp="294" pin=0"/></net>

<net id="298"><net_src comp="294" pin="1"/><net_sink comp="134" pin=11"/></net>

<net id="302"><net_src comp="128" pin="2"/><net_sink comp="299" pin=0"/></net>

<net id="303"><net_src comp="299" pin="1"/><net_sink comp="134" pin=8"/></net>

</net_list>

</model> 
---------------- Datapath Model END ------------------

* FSMD analyzer results:
  - Output states:
	Port: AXI_video_strm_V_data_V | {5 }
	Port: AXI_video_strm_V_keep_V | {5 }
	Port: AXI_video_strm_V_strb_V | {5 }
	Port: AXI_video_strm_V_user_V | {5 }
	Port: AXI_video_strm_V_last_V | {5 }
	Port: AXI_video_strm_V_id_V | {5 }
	Port: AXI_video_strm_V_dest_V | {5 }
 - Input state : 
	Port: Mat2AXIvideo : img_rows_V | {1 }
	Port: Mat2AXIvideo : img_cols_V | {1 }
	Port: Mat2AXIvideo : img_data_stream_V | {4 }
  - Chain level:
	State 1
		zext_ln1354 : 1
		ret_V : 2
		store_ln125 : 1
	State 2
		icmp_ln125 : 1
		i_V : 1
		br_ln125 : 2
	State 3
		icmp_ln126 : 1
		j_V : 1
		br_ln126 : 2
		zext_ln879 : 1
		axi_last_V : 2
	State 4
		empty : 1
	State 5
		empty_87 : 1
	State 6


============================================================
+ Verbose Summary: Datapath Resource usage 
============================================================

* Functional unit list:
|----------|-----------------------------|---------|---------|
| Operation|       Functional Unit       |    FF   |   LUT   |
|----------|-----------------------------|---------|---------|
|          |         ret_V_fu_198        |    0    |    39   |
|    add   |          i_V_fu_214         |    0    |    39   |
|          |          j_V_fu_225         |    0    |    39   |
|----------|-----------------------------|---------|---------|
|          |      icmp_ln125_fu_209      |    0    |    18   |
|   icmp   |      icmp_ln126_fu_220      |    0    |    18   |
|          |      axi_last_V_fu_235      |    0    |    21   |
|----------|-----------------------------|---------|---------|
|          | img_rows_V_read_read_fu_116 |    0    |    0    |
|   read   | img_cols_V_read_read_fu_122 |    0    |    0    |
|          |       tmp_read_fu_128       |    0    |    0    |
|----------|-----------------------------|---------|---------|
|   write  |       grp_write_fu_134      |    0    |    0    |
|----------|-----------------------------|---------|---------|
|   sext   |        rows_V_fu_186        |    0    |    0    |
|          |        cols_V_fu_190        |    0    |    0    |
|----------|-----------------------------|---------|---------|
|   zext   |      zext_ln1354_fu_194     |    0    |    0    |
|          |      zext_ln879_fu_231      |    0    |    0    |
|----------|-----------------------------|---------|---------|
|   Total  |                             |    0    |   174   |
|----------|-----------------------------|---------|---------|

Memories:
N/A

* Register list:
+-----------------------+--------+
|                       |   FF   |
+-----------------------+--------+
|   axi_last_V_reg_289  |    1   |
|     cols_V_reg_261    |   32   |
|      i_V_reg_275      |   32   |
|   icmp_ln125_reg_271  |    1   |
|   icmp_ln126_reg_280  |    1   |
|      j_V_reg_284      |   32   |
|     ret_V_reg_266     |   33   |
|     rows_V_reg_256    |   32   |
|     t_V_4_reg_175     |   32   |
|      t_V_reg_164      |   32   |
|      tmp_reg_299      |    8   |
|tmp_user_V_load_reg_294|    1   |
|   tmp_user_V_reg_249  |    1   |
+-----------------------+--------+
|         Total         |   238  |
+-----------------------+--------+

* Multiplexer (MUX) list: 
|------------------|------|------|------|--------||---------||---------|
|       Comp       |  Pin | Size |  BW  | S x BW ||  Delay  ||   LUT   |
|------------------|------|------|------|--------||---------||---------|
| grp_write_fu_134 |  p8  |   2  |   8  |   16   ||    9    |
| grp_write_fu_134 |  p11 |   2  |   1  |    2   ||    9    |
|------------------|------|------|------|--------||---------||---------|
|       Total      |      |      |      |   18   ||  3.538  ||    18   |
|------------------|------|------|------|--------||---------||---------|



* Summary:
+-----------+--------+--------+--------+
|           |  Delay |   FF   |   LUT  |
+-----------+--------+--------+--------+
|  Function |    -   |    0   |   174  |
|   Memory  |    -   |    -   |    -   |
|Multiplexer|    3   |    -   |   18   |
|  Register |    -   |   238  |    -   |
+-----------+--------+--------+--------+
|   Total   |    3   |   238  |   192  |
+-----------+--------+--------+--------+
