

================================================================
== Vivado HLS Report for 'Mat2AXIvideo'
================================================================
* Date:           Wed Apr 13 17:44:01 2022

* Version:        2019.1 (Build 2552052 on Fri May 24 15:28:33 MDT 2019)
* Project:        resize_image
* Solution:       solution1
* Product family: zynq
* Target device:  xc7z020-clg400-1


================================================================
== Performance Estimates
================================================================
+ Timing (ns): 
    * Summary: 
    +--------+-------+----------+------------+
    |  Clock | Target| Estimated| Uncertainty|
    +--------+-------+----------+------------+
    |ap_clk  |  10.00|     6.186|        1.25|
    +--------+-------+----------+------------+

+ Latency (clock cycles): 
    * Summary: 
    +-----+--------+-----+--------+---------+
    |    Latency   |   Interval   | Pipeline|
    | min |   max  | min |   max  |   Type  |
    +-----+--------+-----+--------+---------+
    |    1|  482401|    1|  482401|   none  |
    +-----+--------+-----+--------+---------+

    + Detail: 
        * Instance: 
        N/A

        * Loop: 
        +---------------+-----+--------+----------+-----------+-----------+---------+----------+
        |               |    Latency   | Iteration|  Initiation Interval  |   Trip  |          |
        |   Loop Name   | min |   max  |  Latency |  achieved |   target  |  Count  | Pipelined|
        +---------------+-----+--------+----------+-----------+-----------+---------+----------+
        |- loop_height  |    0|  482400|  3 ~ 804 |          -|          -| 0 ~ 600 |    no    |
        | + loop_width  |    0|     801|         3|          1|          1| 0 ~ 800 |    yes   |
        +---------------+-----+--------+----------+-----------+-----------+---------+----------+

============================================================
+ Verbose Summary: Synthesis Manager
============================================================
InlineROM: 1
ExposeGlobal: 0
============================================================
+ Verbose Summary: CDFG Model
============================================================
IsTopModel: 0
ResetActiveHigh: 1
IsCombinational: 2
IsDatapathOnly: 0
HasWiredReturn: 1
HasMFsm: 0
HasVarLatency: 1
IsPipeline: 0
IsRtlPipelined: 0
IsInstanceOverlapped: 0
IsDontTouch: 0
HasImplIP: 0
IsGatedGlobalClock: 0

+ Individual pipeline summary: 
  * Pipeline-0: initiation interval (II) = 1, depth = 3


============================================================
+ Verbose Summary: Schedule
============================================================
* Number of FSM states : 6
* Pipeline : 1
  Pipeline-0 : II = 1, D = 3, States = { 3 4 5 }
* Dataflow Pipeline: 0

* FSM state transitions: 
1 --> 2 
2 --> 3 
3 --> 6 4 
4 --> 5 
5 --> 3 
6 --> 2 

* FSM state operations: 

State 1 <SV = 0> <Delay = 6.18>
ST_1 : Operation 7 [1/1] (0.00ns)   --->   "%tmp_user_V = alloca i1"   --->   Operation 7 'alloca' 'tmp_user_V' <Predicate = true> <Delay = 0.00>
ST_1 : Operation 8 [1/1] (0.00ns)   --->   "call void (...)* @_ssdm_op_SpecInterface(i8* %img_data_stream_V, [8 x i8]* @ap_fifo_str, i32 0, i32 0, [1 x i8]* @p_str69, i32 0, i32 0, [1 x i8]* @p_str70, [1 x i8]* @p_str71, [1 x i8]* @p_str72, i32 2, i32 2, i32 16, i32 16, [1 x i8]* @p_str73, [1 x i8]* @p_str74)"   --->   Operation 8 'specinterface' <Predicate = true> <Delay = 0.00>
ST_1 : Operation 9 [1/1] (0.00ns)   --->   "call void (...)* @_ssdm_op_SpecInterface(i8* %AXI_video_strm_V_data_V, i1* %AXI_video_strm_V_keep_V, i1* %AXI_video_strm_V_strb_V, i1* %AXI_video_strm_V_user_V, i1* %AXI_video_strm_V_last_V, i1* %AXI_video_strm_V_id_V, i1* %AXI_video_strm_V_dest_V, [5 x i8]* @p_str, i32 1, i32 1, [5 x i8]* @p_str1, i32 0, i32 0, [1 x i8]* @p_str2, [1 x i8]* @p_str2, [1 x i8]* @p_str2, i32 0, i32 0, i32 0, i32 0, [1 x i8]* @p_str2, [1 x i8]* @p_str2) nounwind"   --->   Operation 9 'specinterface' <Predicate = true> <Delay = 0.00>
ST_1 : Operation 10 [1/1] (0.00ns)   --->   "call void (...)* @_ssdm_op_SpecInterface(i8* %AXI_video_strm_V_data_V, i1* %AXI_video_strm_V_keep_V, i1* %AXI_video_strm_V_strb_V, i1* %AXI_video_strm_V_user_V, i1* %AXI_video_strm_V_last_V, i1* %AXI_video_strm_V_id_V, i1* %AXI_video_strm_V_dest_V, [5 x i8]* @p_str, i32 1, i32 1, [5 x i8]* @p_str1, i32 0, i32 0, [1 x i8]* @p_str2, [1 x i8]* @p_str2, [1 x i8]* @p_str2, i32 0, i32 0, i32 0, i32 0, [1 x i8]* @p_str2, [1 x i8]* @p_str2) nounwind"   --->   Operation 10 'specinterface' <Predicate = true> <Delay = 0.00>
ST_1 : Operation 11 [1/1] (0.00ns)   --->   "call void (...)* @_ssdm_op_SpecInterface(i8* %AXI_video_strm_V_data_V, i1* %AXI_video_strm_V_keep_V, i1* %AXI_video_strm_V_strb_V, i1* %AXI_video_strm_V_user_V, i1* %AXI_video_strm_V_last_V, i1* %AXI_video_strm_V_id_V, i1* %AXI_video_strm_V_dest_V, [5 x i8]* @p_str, i32 1, i32 1, [5 x i8]* @p_str1, i32 0, i32 0, [1 x i8]* @p_str2, [1 x i8]* @p_str2, [1 x i8]* @p_str2, i32 0, i32 0, i32 0, i32 0, [1 x i8]* @p_str2, [1 x i8]* @p_str2) nounwind"   --->   Operation 11 'specinterface' <Predicate = true> <Delay = 0.00>
ST_1 : Operation 12 [1/1] (0.00ns)   --->   "call void (...)* @_ssdm_op_SpecInterface(i8* %AXI_video_strm_V_data_V, i1* %AXI_video_strm_V_keep_V, i1* %AXI_video_strm_V_strb_V, i1* %AXI_video_strm_V_user_V, i1* %AXI_video_strm_V_last_V, i1* %AXI_video_strm_V_id_V, i1* %AXI_video_strm_V_dest_V, [5 x i8]* @p_str, i32 1, i32 1, [5 x i8]* @p_str1, i32 0, i32 0, [1 x i8]* @p_str2, [1 x i8]* @p_str2, [1 x i8]* @p_str2, i32 0, i32 0, i32 0, i32 0, [1 x i8]* @p_str2, [1 x i8]* @p_str2) nounwind"   --->   Operation 12 'specinterface' <Predicate = true> <Delay = 0.00>
ST_1 : Operation 13 [1/1] (0.00ns)   --->   "call void (...)* @_ssdm_op_SpecInterface(i8* %AXI_video_strm_V_data_V, i1* %AXI_video_strm_V_keep_V, i1* %AXI_video_strm_V_strb_V, i1* %AXI_video_strm_V_user_V, i1* %AXI_video_strm_V_last_V, i1* %AXI_video_strm_V_id_V, i1* %AXI_video_strm_V_dest_V, [5 x i8]* @p_str, i32 1, i32 1, [5 x i8]* @p_str1, i32 0, i32 0, [1 x i8]* @p_str2, [1 x i8]* @p_str2, [1 x i8]* @p_str2, i32 0, i32 0, i32 0, i32 0, [1 x i8]* @p_str2, [1 x i8]* @p_str2) nounwind"   --->   Operation 13 'specinterface' <Predicate = true> <Delay = 0.00>
ST_1 : Operation 14 [1/1] (0.00ns)   --->   "call void (...)* @_ssdm_op_SpecInterface(i8* %AXI_video_strm_V_data_V, i1* %AXI_video_strm_V_keep_V, i1* %AXI_video_strm_V_strb_V, i1* %AXI_video_strm_V_user_V, i1* %AXI_video_strm_V_last_V, i1* %AXI_video_strm_V_id_V, i1* %AXI_video_strm_V_dest_V, [5 x i8]* @p_str, i32 1, i32 1, [5 x i8]* @p_str1, i32 0, i32 0, [1 x i8]* @p_str2, [1 x i8]* @p_str2, [1 x i8]* @p_str2, i32 0, i32 0, i32 0, i32 0, [1 x i8]* @p_str2, [1 x i8]* @p_str2) nounwind"   --->   Operation 14 'specinterface' <Predicate = true> <Delay = 0.00>
ST_1 : Operation 15 [1/1] (0.00ns)   --->   "call void (...)* @_ssdm_op_SpecInterface(i8* %AXI_video_strm_V_data_V, i1* %AXI_video_strm_V_keep_V, i1* %AXI_video_strm_V_strb_V, i1* %AXI_video_strm_V_user_V, i1* %AXI_video_strm_V_last_V, i1* %AXI_video_strm_V_id_V, i1* %AXI_video_strm_V_dest_V, [5 x i8]* @p_str, i32 1, i32 1, [5 x i8]* @p_str1, i32 0, i32 0, [1 x i8]* @p_str2, [1 x i8]* @p_str2, [1 x i8]* @p_str2, i32 0, i32 0, i32 0, i32 0, [1 x i8]* @p_str2, [1 x i8]* @p_str2) nounwind"   --->   Operation 15 'specinterface' <Predicate = true> <Delay = 0.00>
ST_1 : Operation 16 [1/1] (0.00ns)   --->   "call void (...)* @_ssdm_op_SpecInterface(i11* %img_rows_V, [8 x i8]* @ap_fifo_str, i32 0, i32 0, [1 x i8]* @p_str209, i32 0, i32 0, [1 x i8]* @p_str210, [1 x i8]* @p_str211, [1 x i8]* @p_str212, i32 2, i32 2, i32 16, i32 16, [1 x i8]* @p_str213, [11 x i8]* @ScalarProp_str)"   --->   Operation 16 'specinterface' <Predicate = true> <Delay = 0.00>
ST_1 : Operation 17 [1/1] (0.00ns)   --->   "call void (...)* @_ssdm_op_SpecInterface(i11* %img_cols_V, [8 x i8]* @ap_fifo_str, i32 0, i32 0, [1 x i8]* @p_str214, i32 0, i32 0, [1 x i8]* @p_str215, [1 x i8]* @p_str216, [1 x i8]* @p_str217, i32 2, i32 2, i32 16, i32 16, [1 x i8]* @p_str218, [11 x i8]* @ScalarProp_str)"   --->   Operation 17 'specinterface' <Predicate = true> <Delay = 0.00>
ST_1 : Operation 18 [1/1] (0.00ns)   --->   "call void (...)* @_ssdm_op_SpecInterface(i8* %AXI_video_strm_V_data_V, i1* %AXI_video_strm_V_keep_V, i1* %AXI_video_strm_V_strb_V, i1* %AXI_video_strm_V_user_V, i1* %AXI_video_strm_V_last_V, i1* %AXI_video_strm_V_id_V, i1* %AXI_video_strm_V_dest_V, [5 x i8]* @p_str, i32 1, i32 1, [5 x i8]* @p_str1, i32 0, i32 0, [1 x i8]* @p_str2, [1 x i8]* @p_str2, [1 x i8]* @p_str2, i32 0, i32 0, i32 0, i32 0, [1 x i8]* @p_str2, [1 x i8]* @p_str2) nounwind"   --->   Operation 18 'specinterface' <Predicate = true> <Delay = 0.00>
ST_1 : Operation 19 [1/1] (3.63ns)   --->   "%img_rows_V_read = call i11 @_ssdm_op_Read.ap_fifo.i11P(i11* %img_rows_V)" [C:/Xilinx/Vivado/2019.1/common/technology/autopilot/hls/hls_video_io.h:120]   --->   Operation 19 'read' 'img_rows_V_read' <Predicate = true> <Delay = 3.63> <Core = "FIFO">   --->   Core 32 'FIFO' <Latency = 0> <II = 1> <Delay = 3.63> <Storage> <Opcode : 'read' 'write' 'nbread' 'nbwrite'> <Ports = 0> <Width = 11> <Depth = 2> <FIFO>
ST_1 : Operation 20 [1/1] (0.00ns)   --->   "%rows_V = sext i11 %img_rows_V_read to i32" [C:/Xilinx/Vivado/2019.1/common/technology/autopilot/hls/hls_video_io.h:120]   --->   Operation 20 'sext' 'rows_V' <Predicate = true> <Delay = 0.00>
ST_1 : Operation 21 [1/1] (3.63ns)   --->   "%img_cols_V_read = call i11 @_ssdm_op_Read.ap_fifo.i11P(i11* %img_cols_V)" [C:/Xilinx/Vivado/2019.1/common/technology/autopilot/hls/hls_video_io.h:121]   --->   Operation 21 'read' 'img_cols_V_read' <Predicate = true> <Delay = 3.63> <Core = "FIFO">   --->   Core 32 'FIFO' <Latency = 0> <II = 1> <Delay = 3.63> <Storage> <Opcode : 'read' 'write' 'nbread' 'nbwrite'> <Ports = 0> <Width = 11> <Depth = 2> <FIFO>
ST_1 : Operation 22 [1/1] (0.00ns)   --->   "%cols_V = sext i11 %img_cols_V_read to i32" [C:/Xilinx/Vivado/2019.1/common/technology/autopilot/hls/hls_video_io.h:121]   --->   Operation 22 'sext' 'cols_V' <Predicate = true> <Delay = 0.00>
ST_1 : Operation 23 [1/1] (0.00ns)   --->   "%zext_ln1354 = zext i32 %cols_V to i33" [C:/Xilinx/Vivado/2019.1/common/technology/autopilot/hls/hls_video_io.h:135]   --->   Operation 23 'zext' 'zext_ln1354' <Predicate = true> <Delay = 0.00>
ST_1 : Operation 24 [1/1] (2.55ns)   --->   "%ret_V = add i33 %zext_ln1354, -1" [C:/Xilinx/Vivado/2019.1/common/technology/autopilot/hls/hls_video_io.h:135]   --->   Operation 24 'add' 'ret_V' <Predicate = true> <Delay = 2.55> <Core = "AddSub">   --->   Core 14 'AddSub' <Latency = 0> <II = 1> <Delay = 2.55> <FuncUnit> <Opcode : 'add' 'sub'> <InPorts = 2> <OutPorts = 1>
ST_1 : Operation 25 [1/1] (1.76ns)   --->   "store i1 true, i1* %tmp_user_V" [C:/Xilinx/Vivado/2019.1/common/technology/autopilot/hls/hls_video_io.h:125]   --->   Operation 25 'store' <Predicate = true> <Delay = 1.76>
ST_1 : Operation 26 [1/1] (1.76ns)   --->   "br label %0" [C:/Xilinx/Vivado/2019.1/common/technology/autopilot/hls/hls_video_io.h:125]   --->   Operation 26 'br' <Predicate = true> <Delay = 1.76>

State 2 <SV = 1> <Delay = 3.45>
ST_2 : Operation 27 [1/1] (0.00ns)   --->   "%t_V = phi i32 [ 0, %entry ], [ %i_V, %loop_height_end ]"   --->   Operation 27 'phi' 't_V' <Predicate = true> <Delay = 0.00>
ST_2 : Operation 28 [1/1] (2.47ns)   --->   "%icmp_ln125 = icmp eq i32 %t_V, %rows_V" [C:/Xilinx/Vivado/2019.1/common/technology/autopilot/hls/hls_video_io.h:125]   --->   Operation 28 'icmp' 'icmp_ln125' <Predicate = true> <Delay = 2.47> <Core = "Cmp">   --->   Core 25 'Cmp' <Latency = 0> <II = 1> <Delay = 2.47> <FuncUnit> <Opcode : 'icmp'> <InPorts = 2> <OutPorts = 1>
ST_2 : Operation 29 [1/1] (0.00ns)   --->   "call void (...)* @_ssdm_op_SpecLoopTripCount(i64 0, i64 600, i64 0)"   --->   Operation 29 'speclooptripcount' <Predicate = true> <Delay = 0.00>
ST_2 : Operation 30 [1/1] (2.55ns)   --->   "%i_V = add i32 %t_V, 1" [C:/Xilinx/Vivado/2019.1/common/technology/autopilot/hls/hls_video_io.h:125]   --->   Operation 30 'add' 'i_V' <Predicate = true> <Delay = 2.55> <Core = "AddSub">   --->   Core 14 'AddSub' <Latency = 0> <II = 1> <Delay = 2.55> <FuncUnit> <Opcode : 'add' 'sub'> <InPorts = 2> <OutPorts = 1>
ST_2 : Operation 31 [1/1] (0.00ns)   --->   "br i1 %icmp_ln125, label %.exit, label %loop_height_begin" [C:/Xilinx/Vivado/2019.1/common/technology/autopilot/hls/hls_video_io.h:125]   --->   Operation 31 'br' <Predicate = true> <Delay = 0.00>
ST_2 : Operation 32 [1/1] (0.00ns)   --->   "call void (...)* @_ssdm_op_SpecLoopName([12 x i8]* @p_str7) nounwind" [C:/Xilinx/Vivado/2019.1/common/technology/autopilot/hls/hls_video_io.h:125]   --->   Operation 32 'specloopname' <Predicate = (!icmp_ln125)> <Delay = 0.00>
ST_2 : Operation 33 [1/1] (0.00ns)   --->   "%tmp_6_i = call i32 (...)* @_ssdm_op_SpecRegionBegin([12 x i8]* @p_str7)" [C:/Xilinx/Vivado/2019.1/common/technology/autopilot/hls/hls_video_io.h:125]   --->   Operation 33 'specregionbegin' 'tmp_6_i' <Predicate = (!icmp_ln125)> <Delay = 0.00>
ST_2 : Operation 34 [1/1] (1.76ns)   --->   "br label %1" [C:/Xilinx/Vivado/2019.1/common/technology/autopilot/hls/hls_video_io.h:126]   --->   Operation 34 'br' <Predicate = (!icmp_ln125)> <Delay = 1.76>
ST_2 : Operation 35 [1/1] (0.00ns)   --->   "ret void"   --->   Operation 35 'ret' <Predicate = (icmp_ln125)> <Delay = 0.00>

State 3 <SV = 2> <Delay = 3.45>
ST_3 : Operation 36 [1/1] (0.00ns)   --->   "%t_V_4 = phi i32 [ 0, %loop_height_begin ], [ %j_V, %loop_width_begin ]"   --->   Operation 36 'phi' 't_V_4' <Predicate = true> <Delay = 0.00>
ST_3 : Operation 37 [1/1] (2.47ns)   --->   "%icmp_ln126 = icmp eq i32 %t_V_4, %cols_V" [C:/Xilinx/Vivado/2019.1/common/technology/autopilot/hls/hls_video_io.h:126]   --->   Operation 37 'icmp' 'icmp_ln126' <Predicate = true> <Delay = 2.47> <Core = "Cmp">   --->   Core 25 'Cmp' <Latency = 0> <II = 1> <Delay = 2.47> <FuncUnit> <Opcode : 'icmp'> <InPorts = 2> <OutPorts = 1>
ST_3 : Operation 38 [1/1] (0.00ns)   --->   "call void (...)* @_ssdm_op_SpecLoopTripCount(i64 0, i64 800, i64 0)"   --->   Operation 38 'speclooptripcount' <Predicate = true> <Delay = 0.00>
ST_3 : Operation 39 [1/1] (2.55ns)   --->   "%j_V = add i32 %t_V_4, 1" [C:/Xilinx/Vivado/2019.1/common/technology/autopilot/hls/hls_video_io.h:126]   --->   Operation 39 'add' 'j_V' <Predicate = true> <Delay = 2.55> <Core = "AddSub">   --->   Core 14 'AddSub' <Latency = 0> <II = 1> <Delay = 2.55> <FuncUnit> <Opcode : 'add' 'sub'> <InPorts = 2> <OutPorts = 1>
ST_3 : Operation 40 [1/1] (0.00ns)   --->   "br i1 %icmp_ln126, label %loop_height_end, label %loop_width_begin" [C:/Xilinx/Vivado/2019.1/common/technology/autopilot/hls/hls_video_io.h:126]   --->   Operation 40 'br' <Predicate = true> <Delay = 0.00>
ST_3 : Operation 41 [1/1] (0.00ns)   --->   "%zext_ln879 = zext i32 %t_V_4 to i33" [C:/Xilinx/Vivado/2019.1/common/technology/autopilot/hls/hls_video_io.h:135]   --->   Operation 41 'zext' 'zext_ln879' <Predicate = (!icmp_ln126)> <Delay = 0.00>
ST_3 : Operation 42 [1/1] (2.48ns)   --->   "%axi_last_V = icmp eq i33 %zext_ln879, %ret_V" [C:/Xilinx/Vivado/2019.1/common/technology/autopilot/hls/hls_video_io.h:135]   --->   Operation 42 'icmp' 'axi_last_V' <Predicate = (!icmp_ln126)> <Delay = 2.48> <Core = "Cmp">   --->   Core 25 'Cmp' <Latency = 0> <II = 1> <Delay = 2.47> <FuncUnit> <Opcode : 'icmp'> <InPorts = 2> <OutPorts = 1>

State 4 <SV = 3> <Delay = 3.63>
ST_4 : Operation 43 [1/1] (0.00ns)   --->   "%tmp_user_V_load = load i1* %tmp_user_V" [C:/Xilinx/Vivado/2019.1/common/technology/autopilot/hls/hls_video_io.h:146]   --->   Operation 43 'load' 'tmp_user_V_load' <Predicate = (!icmp_ln126)> <Delay = 0.00>
ST_4 : Operation 44 [1/1] (0.00ns)   --->   "%tmp_8_i = call i32 (...)* @_ssdm_op_SpecRegionBegin([12 x i8]* @p_str12)" [C:/Xilinx/Vivado/2019.1/common/technology/autopilot/hls/hls_video_core.h:672->C:/Xilinx/Vivado/2019.1/common/technology/autopilot/hls/hls_video_core.h:711->C:/Xilinx/Vivado/2019.1/common/technology/autopilot/hls/hls_video_io.h:140]   --->   Operation 44 'specregionbegin' 'tmp_8_i' <Predicate = (!icmp_ln126)> <Delay = 0.00>
ST_4 : Operation 45 [1/1] (0.00ns)   --->   "call void (...)* @_ssdm_op_SpecProtocol(i32 0, [1 x i8]* @p_str2) nounwind" [C:/Xilinx/Vivado/2019.1/common/technology/autopilot/hls/hls_video_core.h:676->C:/Xilinx/Vivado/2019.1/common/technology/autopilot/hls/hls_video_core.h:711->C:/Xilinx/Vivado/2019.1/common/technology/autopilot/hls/hls_video_io.h:140]   --->   Operation 45 'specprotocol' <Predicate = (!icmp_ln126)> <Delay = 0.00>
ST_4 : Operation 46 [1/1] (3.63ns)   --->   "%tmp = call i8 @_ssdm_op_Read.ap_fifo.volatile.i8P(i8* %img_data_stream_V)" [C:/Xilinx/Vivado/2019.1/common/technology/autopilot/hls/hls_video_core.h:679->C:/Xilinx/Vivado/2019.1/common/technology/autopilot/hls/hls_video_core.h:711->C:/Xilinx/Vivado/2019.1/common/technology/autopilot/hls/hls_video_io.h:140]   --->   Operation 46 'read' 'tmp' <Predicate = (!icmp_ln126)> <Delay = 3.63> <Core = "FIFO">   --->   Core 32 'FIFO' <Latency = 0> <II = 1> <Delay = 3.63> <Storage> <Opcode : 'read' 'write' 'nbread' 'nbwrite'> <Ports = 0> <Width = 11> <Depth = 2> <FIFO>
ST_4 : Operation 47 [1/1] (0.00ns)   --->   "%empty = call i32 (...)* @_ssdm_op_SpecRegionEnd([12 x i8]* @p_str12, i32 %tmp_8_i)" [C:/Xilinx/Vivado/2019.1/common/technology/autopilot/hls/hls_video_core.h:681->C:/Xilinx/Vivado/2019.1/common/technology/autopilot/hls/hls_video_core.h:711->C:/Xilinx/Vivado/2019.1/common/technology/autopilot/hls/hls_video_io.h:140]   --->   Operation 47 'specregionend' 'empty' <Predicate = (!icmp_ln126)> <Delay = 0.00>
ST_4 : Operation 48 [2/2] (0.00ns)   --->   "call void @_ssdm_op_Write.axis.volatile.i8P.i1P.i1P.i1P.i1P.i1P.i1P(i8* %AXI_video_strm_V_data_V, i1* %AXI_video_strm_V_keep_V, i1* %AXI_video_strm_V_strb_V, i1* %AXI_video_strm_V_user_V, i1* %AXI_video_strm_V_last_V, i1* %AXI_video_strm_V_id_V, i1* %AXI_video_strm_V_dest_V, i8 %tmp, i1 true, i1 undef, i1 %tmp_user_V_load, i1 %axi_last_V, i1 undef, i1 undef)" [C:/Xilinx/Vivado/2019.1/common/technology/autopilot/hls/hls_video_io.h:146]   --->   Operation 48 'write' <Predicate = (!icmp_ln126)> <Delay = 0.00> <Core = "AXI4Stream">   --->   Core 5 'AXI4Stream' <Latency = 0> <II = 1> <Delay = 1.00> <Adapter> <Opcode : >
ST_4 : Operation 49 [1/1] (1.76ns)   --->   "store i1 false, i1* %tmp_user_V" [C:/Xilinx/Vivado/2019.1/common/technology/autopilot/hls/hls_video_io.h:126]   --->   Operation 49 'store' <Predicate = (!icmp_ln126)> <Delay = 1.76>

State 5 <SV = 4> <Delay = 0.00>
ST_5 : Operation 50 [1/1] (0.00ns)   --->   "call void (...)* @_ssdm_op_SpecLoopName([11 x i8]* @p_str8) nounwind" [C:/Xilinx/Vivado/2019.1/common/technology/autopilot/hls/hls_video_io.h:126]   --->   Operation 50 'specloopname' <Predicate = (!icmp_ln126)> <Delay = 0.00>
ST_5 : Operation 51 [1/1] (0.00ns)   --->   "%tmp_7_i = call i32 (...)* @_ssdm_op_SpecRegionBegin([11 x i8]* @p_str8)" [C:/Xilinx/Vivado/2019.1/common/technology/autopilot/hls/hls_video_io.h:126]   --->   Operation 51 'specregionbegin' 'tmp_7_i' <Predicate = (!icmp_ln126)> <Delay = 0.00>
ST_5 : Operation 52 [1/1] (0.00ns)   --->   "call void (...)* @_ssdm_op_SpecPipeline(i32 1, i32 1, i32 1, i32 0, [1 x i8]* @p_str2) nounwind" [C:/Xilinx/Vivado/2019.1/common/technology/autopilot/hls/hls_video_io.h:128]   --->   Operation 52 'specpipeline' <Predicate = (!icmp_ln126)> <Delay = 0.00>
ST_5 : Operation 53 [1/1] (0.00ns)   --->   "call void (...)* @_ssdm_op_SpecLoopName([14 x i8]* @p_str9) nounwind" [C:/Xilinx/Vivado/2019.1/common/technology/autopilot/hls/hls_video_io.h:142]   --->   Operation 53 'specloopname' <Predicate = (!icmp_ln126)> <Delay = 0.00>
ST_5 : Operation 54 [1/2] (0.00ns)   --->   "call void @_ssdm_op_Write.axis.volatile.i8P.i1P.i1P.i1P.i1P.i1P.i1P(i8* %AXI_video_strm_V_data_V, i1* %AXI_video_strm_V_keep_V, i1* %AXI_video_strm_V_strb_V, i1* %AXI_video_strm_V_user_V, i1* %AXI_video_strm_V_last_V, i1* %AXI_video_strm_V_id_V, i1* %AXI_video_strm_V_dest_V, i8 %tmp, i1 true, i1 undef, i1 %tmp_user_V_load, i1 %axi_last_V, i1 undef, i1 undef)" [C:/Xilinx/Vivado/2019.1/common/technology/autopilot/hls/hls_video_io.h:146]   --->   Operation 54 'write' <Predicate = (!icmp_ln126)> <Delay = 0.00> <Core = "AXI4Stream">   --->   Core 5 'AXI4Stream' <Latency = 0> <II = 1> <Delay = 1.00> <Adapter> <Opcode : >
ST_5 : Operation 55 [1/1] (0.00ns)   --->   "%empty_87 = call i32 (...)* @_ssdm_op_SpecRegionEnd([11 x i8]* @p_str8, i32 %tmp_7_i)" [C:/Xilinx/Vivado/2019.1/common/technology/autopilot/hls/hls_video_io.h:147]   --->   Operation 55 'specregionend' 'empty_87' <Predicate = (!icmp_ln126)> <Delay = 0.00>
ST_5 : Operation 56 [1/1] (0.00ns)   --->   "br label %1" [C:/Xilinx/Vivado/2019.1/common/technology/autopilot/hls/hls_video_io.h:126]   --->   Operation 56 'br' <Predicate = (!icmp_ln126)> <Delay = 0.00>

State 6 <SV = 3> <Delay = 0.00>
ST_6 : Operation 57 [1/1] (0.00ns)   --->   "%empty_88 = call i32 (...)* @_ssdm_op_SpecRegionEnd([12 x i8]* @p_str7, i32 %tmp_6_i)" [C:/Xilinx/Vivado/2019.1/common/technology/autopilot/hls/hls_video_io.h:148]   --->   Operation 57 'specregionend' 'empty_88' <Predicate = true> <Delay = 0.00>
ST_6 : Operation 58 [1/1] (0.00ns)   --->   "br label %0" [C:/Xilinx/Vivado/2019.1/common/technology/autopilot/hls/hls_video_io.h:125]   --->   Operation 58 'br' <Predicate = true> <Delay = 0.00>


============================================================
+ Verbose Summary: Timing violations
============================================================
Target clock period: 10ns, clock uncertainty: 1.25ns.

 <State 1>: 6.19ns
The critical path consists of the following:
	fifo read on port 'img_cols_V' (C:/Xilinx/Vivado/2019.1/common/technology/autopilot/hls/hls_video_io.h:121) [25]  (3.63 ns)
	'add' operation ('ret.V', C:/Xilinx/Vivado/2019.1/common/technology/autopilot/hls/hls_video_io.h:135) [28]  (2.55 ns)

 <State 2>: 3.45ns
The critical path consists of the following:
	'icmp' operation ('icmp_ln125', C:/Xilinx/Vivado/2019.1/common/technology/autopilot/hls/hls_video_io.h:125) [33]  (2.47 ns)
	blocking operation 0.978 ns on control path)

 <State 3>: 3.45ns
The critical path consists of the following:
	'icmp' operation ('icmp_ln126', C:/Xilinx/Vivado/2019.1/common/technology/autopilot/hls/hls_video_io.h:126) [43]  (2.47 ns)
	blocking operation 0.978 ns on control path)

 <State 4>: 3.63ns
The critical path consists of the following:
	fifo read on port 'img_data_stream_V' (C:/Xilinx/Vivado/2019.1/common/technology/autopilot/hls/hls_video_core.h:679->C:/Xilinx/Vivado/2019.1/common/technology/autopilot/hls/hls_video_core.h:711->C:/Xilinx/Vivado/2019.1/common/technology/autopilot/hls/hls_video_io.h:140) [56]  (3.63 ns)

 <State 5>: 0ns
The critical path consists of the following:

 <State 6>: 0ns
The critical path consists of the following:


============================================================
+ Verbose Summary: Binding
============================================================
N/A
* FSMD analyzer results:
  - Output states:
 - Input state : 
  - Chain level:
	State 1
	State 2
	State 3
	State 4
	State 5
	State 6


============================================================
+ Verbose Summary: Datapath Resource usage 
============================================================
N/A
