

================================================================
== Vivado HLS Report for 'gray2rgb'
================================================================
* Date:           Tue Mar 29 18:49:45 2022

* Version:        2019.1 (Build 2552052 on Fri May 24 15:28:33 MDT 2019)
* Project:        gray2rgb
* Solution:       solution1
* Product family: zynq
* Target device:  xc7z020-clg400-1


================================================================
== Performance Estimates
================================================================
+ Timing (ns): 
    * Summary: 
    +--------+-------+----------+------------+
    |  Clock | Target| Estimated| Uncertainty|
    +--------+-------+----------+------------+
    |ap_clk  |  10.00|     7.268|        1.25|
    +--------+-------+----------+------------+

+ Latency (clock cycles): 
    * Summary: 
    +--------+--------+--------+--------+----------+
    |     Latency     |     Interval    | Pipeline |
    |   min  |   max  |   min  |   max  |   Type   |
    +--------+--------+--------+--------+----------+
    |  482406|  483004|  482402|  483004| dataflow |
    +--------+--------+--------+--------+----------+

    + Detail: 
        * Instance: 
        +----------------------------+--------------+--------+--------+--------+--------+---------+
        |                            |              |     Latency     |     Interval    | Pipeline|
        |          Instance          |    Module    |   min  |   max  |   min  |   max  |   Type  |
        +----------------------------+--------------+--------+--------+--------+--------+---------+
        |grp_AXIvideo2Mat_fu_228     |AXIvideo2Mat  |       3|  483003|       3|  483003|   none  |
        |grp_Mat2AXIvideo_fu_251     |Mat2AXIvideo  |  482401|  482401|  482401|  482401|   none  |
        |grp_CvtColor_fu_272         |CvtColor      |       1|  481801|       1|  481801|   none  |
        |call_ln0_Block_proc_fu_282  |Block_proc    |       0|       0|       0|       0|   none  |
        +----------------------------+--------------+--------+--------+--------+--------+---------+

        * Loop: 
        N/A

============================================================
+ Verbose Summary: Synthesis Manager
============================================================
InlineROM: 1
ExposeGlobal: 0
============================================================
+ Verbose Summary: CDFG Model
============================================================
IsTopModel: 1
ResetActiveHigh: 1
IsCombinational: 2
IsDatapathOnly: 0
HasWiredReturn: 1
HasMFsm: 0
HasVarLatency: 1
IsPipeline: 0
IsRtlPipelined: 0
IsInstanceOverlapped: 0
IsDontTouch: 0
HasImplIP: 0
IsGatedGlobalClock: 0


============================================================
+ Verbose Summary: Schedule
============================================================
* Number of FSM states : 8
* Pipeline : 0
* Dataflow Pipeline: 1
  DF-Pipeline-0: Size = 8, States = { 1 2 3 4 5 6 7 8 }

* FSM state transitions: 
1 --> 2 
2 --> 3 
3 --> 4 
4 --> 5 
5 --> 6 
6 --> 7 
7 --> 8 
8 --> 

* FSM state operations: 

State 1 <SV = 0> <Delay = 0.00>
ST_1 : Operation 9 [1/1] (0.00ns)   --->   "%inImage_cols_V_c7 = alloca i11, align 2"   --->   Operation 9 'alloca' 'inImage_cols_V_c7' <Predicate = true> <Delay = 0.00> <Core = "FIFO">   --->   Core 32 'FIFO' <Latency = 0> <II = 1> <Delay = 3.63> <Storage> <Opcode : 'read' 'write' 'nbread' 'nbwrite'> <Ports = 0> <Width = 8> <Depth = 2> <FIFO>
ST_1 : Operation 10 [1/1] (0.00ns)   --->   "%inImage_rows_V_c6 = alloca i11, align 2"   --->   Operation 10 'alloca' 'inImage_rows_V_c6' <Predicate = true> <Delay = 0.00> <Core = "FIFO">   --->   Core 32 'FIFO' <Latency = 0> <II = 1> <Delay = 3.63> <Storage> <Opcode : 'read' 'write' 'nbread' 'nbwrite'> <Ports = 0> <Width = 8> <Depth = 2> <FIFO>
ST_1 : Operation 11 [1/1] (0.00ns)   --->   "%inImage_cols_V_c = alloca i11, align 2"   --->   Operation 11 'alloca' 'inImage_cols_V_c' <Predicate = true> <Delay = 0.00> <Core = "FIFO">   --->   Core 32 'FIFO' <Latency = 0> <II = 1> <Delay = 3.63> <Storage> <Opcode : 'read' 'write' 'nbread' 'nbwrite'> <Ports = 0> <Width = 8> <Depth = 2> <FIFO>
ST_1 : Operation 12 [1/1] (0.00ns)   --->   "%inImage_rows_V_c = alloca i11, align 2"   --->   Operation 12 'alloca' 'inImage_rows_V_c' <Predicate = true> <Delay = 0.00> <Core = "FIFO">   --->   Core 32 'FIFO' <Latency = 0> <II = 1> <Delay = 3.63> <Storage> <Opcode : 'read' 'write' 'nbread' 'nbwrite'> <Ports = 0> <Width = 8> <Depth = 2> <FIFO>
ST_1 : Operation 13 [1/1] (0.00ns)   --->   "%inImage_data_stream_s = alloca i8, align 1" [gray2rgb/gray2rgb.cpp:8]   --->   Operation 13 'alloca' 'inImage_data_stream_s' <Predicate = true> <Delay = 0.00> <Core = "FIFO">   --->   Core 32 'FIFO' <Latency = 0> <II = 1> <Delay = 3.63> <Storage> <Opcode : 'read' 'write' 'nbread' 'nbwrite'> <Ports = 0> <Width = 8> <Depth = 2> <FIFO>
ST_1 : Operation 14 [1/1] (0.00ns)   --->   "%outImage_data_stream = alloca i8, align 1" [gray2rgb/gray2rgb.cpp:9]   --->   Operation 14 'alloca' 'outImage_data_stream' <Predicate = true> <Delay = 0.00> <Core = "FIFO">   --->   Core 32 'FIFO' <Latency = 0> <II = 1> <Delay = 3.63> <Storage> <Opcode : 'read' 'write' 'nbread' 'nbwrite'> <Ports = 0> <Width = 8> <Depth = 2> <FIFO>
ST_1 : Operation 15 [1/1] (0.00ns)   --->   "%outImage_data_stream_1 = alloca i8, align 1" [gray2rgb/gray2rgb.cpp:9]   --->   Operation 15 'alloca' 'outImage_data_stream_1' <Predicate = true> <Delay = 0.00> <Core = "FIFO">   --->   Core 32 'FIFO' <Latency = 0> <II = 1> <Delay = 3.63> <Storage> <Opcode : 'read' 'write' 'nbread' 'nbwrite'> <Ports = 0> <Width = 8> <Depth = 2> <FIFO>
ST_1 : Operation 16 [1/1] (0.00ns)   --->   "%outImage_data_stream_2 = alloca i8, align 1" [gray2rgb/gray2rgb.cpp:9]   --->   Operation 16 'alloca' 'outImage_data_stream_2' <Predicate = true> <Delay = 0.00> <Core = "FIFO">   --->   Core 32 'FIFO' <Latency = 0> <II = 1> <Delay = 3.63> <Storage> <Opcode : 'read' 'write' 'nbread' 'nbwrite'> <Ports = 0> <Width = 8> <Depth = 2> <FIFO>
ST_1 : Operation 17 [1/1] (0.00ns)   --->   "call fastcc void @Block__proc(i11* %inImage_rows_V_c, i11* %inImage_cols_V_c)"   --->   Operation 17 'call' <Predicate = true> <Delay = 0.00> <CoreType = "Generic">   --->   Core 0 '' <Latency = 0> <II = 1> <Delay = 1.00> <Generic> <Opcode : >

State 2 <SV = 1> <Delay = 0.00>
ST_2 : Operation 18 [2/2] (0.00ns)   --->   "call fastcc void @AXIvideo2Mat(i8* %inStream_V_data_V, i1* %inStream_V_keep_V, i1* %inStream_V_strb_V, i1* %inStream_V_user_V, i1* %inStream_V_last_V, i1* %inStream_V_id_V, i1* %inStream_V_dest_V, i11* nocapture %inImage_rows_V_c, i11* nocapture %inImage_cols_V_c, i8* %inImage_data_stream_s, i11* %inImage_rows_V_c6, i11* %inImage_cols_V_c7)" [gray2rgb/gray2rgb.cpp:12]   --->   Operation 18 'call' <Predicate = true> <Delay = 0.00> <CoreType = "Generic">   --->   Core 0 '' <Latency = 0> <II = 1> <Delay = 1.00> <Generic> <Opcode : >

State 3 <SV = 2> <Delay = 0.00>
ST_3 : Operation 19 [1/2] (0.00ns)   --->   "call fastcc void @AXIvideo2Mat(i8* %inStream_V_data_V, i1* %inStream_V_keep_V, i1* %inStream_V_strb_V, i1* %inStream_V_user_V, i1* %inStream_V_last_V, i1* %inStream_V_id_V, i1* %inStream_V_dest_V, i11* nocapture %inImage_rows_V_c, i11* nocapture %inImage_cols_V_c, i8* %inImage_data_stream_s, i11* %inImage_rows_V_c6, i11* %inImage_cols_V_c7)" [gray2rgb/gray2rgb.cpp:12]   --->   Operation 19 'call' <Predicate = true> <Delay = 0.00> <CoreType = "Generic">   --->   Core 0 '' <Latency = 0> <II = 1> <Delay = 1.00> <Generic> <Opcode : >

State 4 <SV = 3> <Delay = 0.00>
ST_4 : Operation 20 [2/2] (0.00ns)   --->   "call fastcc void @CvtColor(i11* nocapture %inImage_rows_V_c6, i11* nocapture %inImage_cols_V_c7, i8* %inImage_data_stream_s, i8* %outImage_data_stream, i8* %outImage_data_stream_1, i8* %outImage_data_stream_2)" [gray2rgb/gray2rgb.cpp:13]   --->   Operation 20 'call' <Predicate = true> <Delay = 0.00> <CoreType = "Generic">   --->   Core 0 '' <Latency = 0> <II = 1> <Delay = 1.00> <Generic> <Opcode : >

State 5 <SV = 4> <Delay = 0.00>
ST_5 : Operation 21 [1/2] (0.00ns)   --->   "call fastcc void @CvtColor(i11* nocapture %inImage_rows_V_c6, i11* nocapture %inImage_cols_V_c7, i8* %inImage_data_stream_s, i8* %outImage_data_stream, i8* %outImage_data_stream_1, i8* %outImage_data_stream_2)" [gray2rgb/gray2rgb.cpp:13]   --->   Operation 21 'call' <Predicate = true> <Delay = 0.00> <CoreType = "Generic">   --->   Core 0 '' <Latency = 0> <II = 1> <Delay = 1.00> <Generic> <Opcode : >

State 6 <SV = 5> <Delay = 0.00>
ST_6 : Operation 22 [2/2] (0.00ns)   --->   "call fastcc void @Mat2AXIvideo(i8* %outImage_data_stream, i8* %outImage_data_stream_1, i8* %outImage_data_stream_2, i24* %outStream_V_data_V, i3* %outStream_V_keep_V, i3* %outStream_V_strb_V, i1* %outStream_V_user_V, i1* %outStream_V_last_V, i1* %outStream_V_id_V, i1* %outStream_V_dest_V)" [gray2rgb/gray2rgb.cpp:14]   --->   Operation 22 'call' <Predicate = true> <Delay = 0.00> <CoreType = "Generic">   --->   Core 0 '' <Latency = 0> <II = 1> <Delay = 1.00> <Generic> <Opcode : >

State 7 <SV = 6> <Delay = 0.00>
ST_7 : Operation 23 [1/2] (0.00ns)   --->   "call fastcc void @Mat2AXIvideo(i8* %outImage_data_stream, i8* %outImage_data_stream_1, i8* %outImage_data_stream_2, i24* %outStream_V_data_V, i3* %outStream_V_keep_V, i3* %outStream_V_strb_V, i1* %outStream_V_user_V, i1* %outStream_V_last_V, i1* %outStream_V_id_V, i1* %outStream_V_dest_V)" [gray2rgb/gray2rgb.cpp:14]   --->   Operation 23 'call' <Predicate = true> <Delay = 0.00> <CoreType = "Generic">   --->   Core 0 '' <Latency = 0> <II = 1> <Delay = 1.00> <Generic> <Opcode : >

State 8 <SV = 7> <Delay = 0.00>
ST_8 : Operation 24 [1/1] (0.00ns)   --->   "call void (...)* @_ssdm_op_SpecDataflowPipeline(i32 -1, i32 0, [1 x i8]* @p_str2) nounwind" [gray2rgb/gray2rgb.cpp:11]   --->   Operation 24 'specdataflowpipeline' <Predicate = true> <Delay = 0.00>
ST_8 : Operation 25 [1/1] (0.00ns)   --->   "call void (...)* @_ssdm_op_SpecBitsMap(i8* %inStream_V_data_V), !map !151"   --->   Operation 25 'specbitsmap' <Predicate = true> <Delay = 0.00>
ST_8 : Operation 26 [1/1] (0.00ns)   --->   "call void (...)* @_ssdm_op_SpecBitsMap(i1* %inStream_V_keep_V), !map !155"   --->   Operation 26 'specbitsmap' <Predicate = true> <Delay = 0.00>
ST_8 : Operation 27 [1/1] (0.00ns)   --->   "call void (...)* @_ssdm_op_SpecBitsMap(i1* %inStream_V_strb_V), !map !159"   --->   Operation 27 'specbitsmap' <Predicate = true> <Delay = 0.00>
ST_8 : Operation 28 [1/1] (0.00ns)   --->   "call void (...)* @_ssdm_op_SpecBitsMap(i1* %inStream_V_user_V), !map !163"   --->   Operation 28 'specbitsmap' <Predicate = true> <Delay = 0.00>
ST_8 : Operation 29 [1/1] (0.00ns)   --->   "call void (...)* @_ssdm_op_SpecBitsMap(i1* %inStream_V_last_V), !map !167"   --->   Operation 29 'specbitsmap' <Predicate = true> <Delay = 0.00>
ST_8 : Operation 30 [1/1] (0.00ns)   --->   "call void (...)* @_ssdm_op_SpecBitsMap(i1* %inStream_V_id_V), !map !171"   --->   Operation 30 'specbitsmap' <Predicate = true> <Delay = 0.00>
ST_8 : Operation 31 [1/1] (0.00ns)   --->   "call void (...)* @_ssdm_op_SpecBitsMap(i1* %inStream_V_dest_V), !map !175"   --->   Operation 31 'specbitsmap' <Predicate = true> <Delay = 0.00>
ST_8 : Operation 32 [1/1] (0.00ns)   --->   "call void (...)* @_ssdm_op_SpecBitsMap(i24* %outStream_V_data_V), !map !179"   --->   Operation 32 'specbitsmap' <Predicate = true> <Delay = 0.00>
ST_8 : Operation 33 [1/1] (0.00ns)   --->   "call void (...)* @_ssdm_op_SpecBitsMap(i3* %outStream_V_keep_V), !map !183"   --->   Operation 33 'specbitsmap' <Predicate = true> <Delay = 0.00>
ST_8 : Operation 34 [1/1] (0.00ns)   --->   "call void (...)* @_ssdm_op_SpecBitsMap(i3* %outStream_V_strb_V), !map !187"   --->   Operation 34 'specbitsmap' <Predicate = true> <Delay = 0.00>
ST_8 : Operation 35 [1/1] (0.00ns)   --->   "call void (...)* @_ssdm_op_SpecBitsMap(i1* %outStream_V_user_V), !map !191"   --->   Operation 35 'specbitsmap' <Predicate = true> <Delay = 0.00>
ST_8 : Operation 36 [1/1] (0.00ns)   --->   "call void (...)* @_ssdm_op_SpecBitsMap(i1* %outStream_V_last_V), !map !195"   --->   Operation 36 'specbitsmap' <Predicate = true> <Delay = 0.00>
ST_8 : Operation 37 [1/1] (0.00ns)   --->   "call void (...)* @_ssdm_op_SpecBitsMap(i1* %outStream_V_id_V), !map !199"   --->   Operation 37 'specbitsmap' <Predicate = true> <Delay = 0.00>
ST_8 : Operation 38 [1/1] (0.00ns)   --->   "call void (...)* @_ssdm_op_SpecBitsMap(i1* %outStream_V_dest_V), !map !203"   --->   Operation 38 'specbitsmap' <Predicate = true> <Delay = 0.00>
ST_8 : Operation 39 [1/1] (0.00ns)   --->   "call void (...)* @_ssdm_op_SpecTopModule([9 x i8]* @gray2rgb_str) nounwind"   --->   Operation 39 'spectopmodule' <Predicate = true> <Delay = 0.00>
ST_8 : Operation 40 [1/1] (0.00ns)   --->   "%empty = call i32 (...)* @_ssdm_op_SpecChannel([25 x i8]* @inImage_OC_data_stre, i32 1, [1 x i8]* @p_str49, [1 x i8]* @p_str49, i32 2, i32 2, i8* %inImage_data_stream_s, i8* %inImage_data_stream_s)"   --->   Operation 40 'specchannel' 'empty' <Predicate = true> <Delay = 0.00>
ST_8 : Operation 41 [1/1] (0.00ns)   --->   "call void (...)* @_ssdm_op_SpecInterface(i8* %inImage_data_stream_s, [8 x i8]* @ap_fifo_str, i32 0, i32 0, [1 x i8]* @p_str50, i32 0, i32 0, [1 x i8]* @p_str51, [1 x i8]* @p_str52, [1 x i8]* @p_str53, i32 2, i32 2, i32 16, i32 16, [1 x i8]* @p_str54, [1 x i8]* @p_str55)"   --->   Operation 41 'specinterface' <Predicate = true> <Delay = 0.00>
ST_8 : Operation 42 [1/1] (0.00ns)   --->   "%empty_5 = call i32 (...)* @_ssdm_op_SpecChannel([26 x i8]* @outImage_OC_data_str_2, i32 1, [1 x i8]* @p_str56, [1 x i8]* @p_str56, i32 2, i32 2, i8* %outImage_data_stream, i8* %outImage_data_stream)"   --->   Operation 42 'specchannel' 'empty_5' <Predicate = true> <Delay = 0.00>
ST_8 : Operation 43 [1/1] (0.00ns)   --->   "call void (...)* @_ssdm_op_SpecInterface(i8* %outImage_data_stream, [8 x i8]* @ap_fifo_str, i32 0, i32 0, [1 x i8]* @p_str57, i32 0, i32 0, [1 x i8]* @p_str58, [1 x i8]* @p_str59, [1 x i8]* @p_str60, i32 2, i32 2, i32 16, i32 16, [1 x i8]* @p_str61, [1 x i8]* @p_str62)"   --->   Operation 43 'specinterface' <Predicate = true> <Delay = 0.00>
ST_8 : Operation 44 [1/1] (0.00ns)   --->   "%empty_6 = call i32 (...)* @_ssdm_op_SpecChannel([26 x i8]* @outImage_OC_data_str_1, i32 1, [1 x i8]* @p_str63, [1 x i8]* @p_str63, i32 2, i32 2, i8* %outImage_data_stream_1, i8* %outImage_data_stream_1)"   --->   Operation 44 'specchannel' 'empty_6' <Predicate = true> <Delay = 0.00>
ST_8 : Operation 45 [1/1] (0.00ns)   --->   "call void (...)* @_ssdm_op_SpecInterface(i8* %outImage_data_stream_1, [8 x i8]* @ap_fifo_str, i32 0, i32 0, [1 x i8]* @p_str64, i32 0, i32 0, [1 x i8]* @p_str65, [1 x i8]* @p_str66, [1 x i8]* @p_str67, i32 2, i32 2, i32 16, i32 16, [1 x i8]* @p_str68, [1 x i8]* @p_str69)"   --->   Operation 45 'specinterface' <Predicate = true> <Delay = 0.00>
ST_8 : Operation 46 [1/1] (0.00ns)   --->   "%empty_7 = call i32 (...)* @_ssdm_op_SpecChannel([26 x i8]* @outImage_OC_data_str, i32 1, [1 x i8]* @p_str70, [1 x i8]* @p_str70, i32 2, i32 2, i8* %outImage_data_stream_2, i8* %outImage_data_stream_2)"   --->   Operation 46 'specchannel' 'empty_7' <Predicate = true> <Delay = 0.00>
ST_8 : Operation 47 [1/1] (0.00ns)   --->   "call void (...)* @_ssdm_op_SpecInterface(i8* %outImage_data_stream_2, [8 x i8]* @ap_fifo_str, i32 0, i32 0, [1 x i8]* @p_str71, i32 0, i32 0, [1 x i8]* @p_str72, [1 x i8]* @p_str73, [1 x i8]* @p_str74, i32 2, i32 2, i32 16, i32 16, [1 x i8]* @p_str75, [1 x i8]* @p_str76)"   --->   Operation 47 'specinterface' <Predicate = true> <Delay = 0.00>
ST_8 : Operation 48 [1/1] (0.00ns)   --->   "call void (...)* @_ssdm_op_SpecInterface(i8* %inStream_V_data_V, i1* %inStream_V_keep_V, i1* %inStream_V_strb_V, i1* %inStream_V_user_V, i1* %inStream_V_last_V, i1* %inStream_V_id_V, i1* %inStream_V_dest_V, [5 x i8]* @p_str, i32 1, i32 1, [5 x i8]* @p_str1, i32 0, i32 0, [1 x i8]* @p_str2, [1 x i8]* @p_str2, [1 x i8]* @p_str2, i32 0, i32 0, i32 0, i32 0, [1 x i8]* @p_str2, [1 x i8]* @p_str2) nounwind" [gray2rgb/gray2rgb.cpp:4]   --->   Operation 48 'specinterface' <Predicate = true> <Delay = 0.00>
ST_8 : Operation 49 [1/1] (0.00ns)   --->   "call void (...)* @_ssdm_op_SpecInterface(i24* %outStream_V_data_V, i3* %outStream_V_keep_V, i3* %outStream_V_strb_V, i1* %outStream_V_user_V, i1* %outStream_V_last_V, i1* %outStream_V_id_V, i1* %outStream_V_dest_V, [5 x i8]* @p_str, i32 1, i32 1, [5 x i8]* @p_str1, i32 0, i32 0, [1 x i8]* @p_str2, [1 x i8]* @p_str2, [1 x i8]* @p_str2, i32 0, i32 0, i32 0, i32 0, [1 x i8]* @p_str2, [1 x i8]* @p_str2) nounwind" [gray2rgb/gray2rgb.cpp:5]   --->   Operation 49 'specinterface' <Predicate = true> <Delay = 0.00>
ST_8 : Operation 50 [1/1] (0.00ns)   --->   "%empty_8 = call i32 (...)* @_ssdm_op_SpecChannel([17 x i8]* @inImage_OC_rows_OC_V_1, i32 1, [1 x i8]* @p_str90, [1 x i8]* @p_str90, i32 2, i32 0, i11* %inImage_rows_V_c, i11* %inImage_rows_V_c)"   --->   Operation 50 'specchannel' 'empty_8' <Predicate = true> <Delay = 0.00>
ST_8 : Operation 51 [1/1] (0.00ns)   --->   "call void (...)* @_ssdm_op_SpecInterface(i11* %inImage_rows_V_c, [8 x i8]* @ap_fifo_str, i32 0, i32 0, [1 x i8]* @p_str91, i32 0, i32 0, [1 x i8]* @p_str92, [1 x i8]* @p_str93, [1 x i8]* @p_str94, i32 2, i32 2, i32 16, i32 16, [1 x i8]* @p_str95, [1 x i8]* @p_str96)"   --->   Operation 51 'specinterface' <Predicate = true> <Delay = 0.00>
ST_8 : Operation 52 [1/1] (0.00ns)   --->   "%empty_9 = call i32 (...)* @_ssdm_op_SpecChannel([17 x i8]* @inImage_OC_cols_OC_V_1, i32 1, [1 x i8]* @p_str97, [1 x i8]* @p_str97, i32 2, i32 0, i11* %inImage_cols_V_c, i11* %inImage_cols_V_c)"   --->   Operation 52 'specchannel' 'empty_9' <Predicate = true> <Delay = 0.00>
ST_8 : Operation 53 [1/1] (0.00ns)   --->   "call void (...)* @_ssdm_op_SpecInterface(i11* %inImage_cols_V_c, [8 x i8]* @ap_fifo_str, i32 0, i32 0, [1 x i8]* @p_str98, i32 0, i32 0, [1 x i8]* @p_str99, [1 x i8]* @p_str100, [1 x i8]* @p_str101, i32 2, i32 2, i32 16, i32 16, [1 x i8]* @p_str102, [1 x i8]* @p_str103)"   --->   Operation 53 'specinterface' <Predicate = true> <Delay = 0.00>
ST_8 : Operation 54 [1/1] (0.00ns)   --->   "%empty_10 = call i32 (...)* @_ssdm_op_SpecChannel([18 x i8]* @inImage_OC_rows_OC_V, i32 1, [1 x i8]* @p_str125, [1 x i8]* @p_str125, i32 2, i32 0, i11* %inImage_rows_V_c6, i11* %inImage_rows_V_c6)"   --->   Operation 54 'specchannel' 'empty_10' <Predicate = true> <Delay = 0.00>
ST_8 : Operation 55 [1/1] (0.00ns)   --->   "call void (...)* @_ssdm_op_SpecInterface(i11* %inImage_rows_V_c6, [8 x i8]* @ap_fifo_str, i32 0, i32 0, [1 x i8]* @p_str126, i32 0, i32 0, [1 x i8]* @p_str127, [1 x i8]* @p_str128, [1 x i8]* @p_str129, i32 2, i32 2, i32 16, i32 16, [1 x i8]* @p_str130, [1 x i8]* @p_str131)"   --->   Operation 55 'specinterface' <Predicate = true> <Delay = 0.00>
ST_8 : Operation 56 [1/1] (0.00ns)   --->   "%empty_11 = call i32 (...)* @_ssdm_op_SpecChannel([18 x i8]* @inImage_OC_cols_OC_V, i32 1, [1 x i8]* @p_str132, [1 x i8]* @p_str132, i32 2, i32 0, i11* %inImage_cols_V_c7, i11* %inImage_cols_V_c7)"   --->   Operation 56 'specchannel' 'empty_11' <Predicate = true> <Delay = 0.00>
ST_8 : Operation 57 [1/1] (0.00ns)   --->   "call void (...)* @_ssdm_op_SpecInterface(i11* %inImage_cols_V_c7, [8 x i8]* @ap_fifo_str, i32 0, i32 0, [1 x i8]* @p_str133, i32 0, i32 0, [1 x i8]* @p_str134, [1 x i8]* @p_str135, [1 x i8]* @p_str136, i32 2, i32 2, i32 16, i32 16, [1 x i8]* @p_str137, [1 x i8]* @p_str138)"   --->   Operation 57 'specinterface' <Predicate = true> <Delay = 0.00>
ST_8 : Operation 58 [1/1] (0.00ns)   --->   "ret void" [gray2rgb/gray2rgb.cpp:38]   --->   Operation 58 'ret' <Predicate = true> <Delay = 0.00>


============================================================
+ Verbose Summary: Binding
============================================================
STG Binding: 
---------------- STG Properties BEGIN ----------------
- Is combinational: 0
- Is one-state seq: 0
- Is datapath-only: 0
- Is pipelined: 0
- Is top level: 1
Port [ Return ] is wired: 1; IO mode=ap_ctrl_hs:ce=0
Port [ inStream_V_data_V]:  wired=1; compound=1; hidden=0; nouse=0; global=0; static=0; extern=0; dir=0; type=0; pingpong=0; private_global=0; IO mode=axis:ce=0
Port [ inStream_V_keep_V]:  wired=1; compound=1; hidden=0; nouse=0; global=0; static=0; extern=0; dir=0; type=0; pingpong=0; private_global=0; IO mode=axis:ce=0
Port [ inStream_V_strb_V]:  wired=1; compound=1; hidden=0; nouse=0; global=0; static=0; extern=0; dir=0; type=0; pingpong=0; private_global=0; IO mode=axis:ce=0
Port [ inStream_V_user_V]:  wired=1; compound=1; hidden=0; nouse=0; global=0; static=0; extern=0; dir=0; type=0; pingpong=0; private_global=0; IO mode=axis:ce=0
Port [ inStream_V_last_V]:  wired=1; compound=1; hidden=0; nouse=0; global=0; static=0; extern=0; dir=0; type=0; pingpong=0; private_global=0; IO mode=axis:ce=0
Port [ inStream_V_id_V]:  wired=1; compound=1; hidden=0; nouse=0; global=0; static=0; extern=0; dir=0; type=0; pingpong=0; private_global=0; IO mode=axis:ce=0
Port [ inStream_V_dest_V]:  wired=1; compound=1; hidden=0; nouse=0; global=0; static=0; extern=0; dir=0; type=0; pingpong=0; private_global=0; IO mode=axis:ce=0
Port [ outStream_V_data_V]:  wired=1; compound=1; hidden=0; nouse=0; global=0; static=0; extern=0; dir=1; type=0; pingpong=0; private_global=0; IO mode=axis:ce=0
Port [ outStream_V_keep_V]:  wired=1; compound=1; hidden=0; nouse=0; global=0; static=0; extern=0; dir=1; type=0; pingpong=0; private_global=0; IO mode=axis:ce=0
Port [ outStream_V_strb_V]:  wired=1; compound=1; hidden=0; nouse=0; global=0; static=0; extern=0; dir=1; type=0; pingpong=0; private_global=0; IO mode=axis:ce=0
Port [ outStream_V_user_V]:  wired=1; compound=1; hidden=0; nouse=0; global=0; static=0; extern=0; dir=1; type=0; pingpong=0; private_global=0; IO mode=axis:ce=0
Port [ outStream_V_last_V]:  wired=1; compound=1; hidden=0; nouse=0; global=0; static=0; extern=0; dir=1; type=0; pingpong=0; private_global=0; IO mode=axis:ce=0
Port [ outStream_V_id_V]:  wired=1; compound=1; hidden=0; nouse=0; global=0; static=0; extern=0; dir=1; type=0; pingpong=0; private_global=0; IO mode=axis:ce=0
Port [ outStream_V_dest_V]:  wired=1; compound=1; hidden=0; nouse=0; global=0; static=0; extern=0; dir=1; type=0; pingpong=0; private_global=0; IO mode=axis:ce=0
---------------- STG Properties END ------------------

---------------- Datapath Model BEGIN ----------------

<LifeTime>
<method=bitvector/>
inImage_cols_V_c7         (alloca              ) [ 001111111]
inImage_rows_V_c6         (alloca              ) [ 001111111]
inImage_cols_V_c          (alloca              ) [ 011111111]
inImage_rows_V_c          (alloca              ) [ 011111111]
inImage_data_stream_s     (alloca              ) [ 001111111]
outImage_data_stream      (alloca              ) [ 001111111]
outImage_data_stream_1    (alloca              ) [ 001111111]
outImage_data_stream_2    (alloca              ) [ 001111111]
call_ln0                  (call                ) [ 000000000]
call_ln12                 (call                ) [ 000000000]
call_ln13                 (call                ) [ 000000000]
call_ln14                 (call                ) [ 000000000]
specdataflowpipeline_ln11 (specdataflowpipeline) [ 000000000]
specbitsmap_ln0           (specbitsmap         ) [ 000000000]
specbitsmap_ln0           (specbitsmap         ) [ 000000000]
specbitsmap_ln0           (specbitsmap         ) [ 000000000]
specbitsmap_ln0           (specbitsmap         ) [ 000000000]
specbitsmap_ln0           (specbitsmap         ) [ 000000000]
specbitsmap_ln0           (specbitsmap         ) [ 000000000]
specbitsmap_ln0           (specbitsmap         ) [ 000000000]
specbitsmap_ln0           (specbitsmap         ) [ 000000000]
specbitsmap_ln0           (specbitsmap         ) [ 000000000]
specbitsmap_ln0           (specbitsmap         ) [ 000000000]
specbitsmap_ln0           (specbitsmap         ) [ 000000000]
specbitsmap_ln0           (specbitsmap         ) [ 000000000]
specbitsmap_ln0           (specbitsmap         ) [ 000000000]
specbitsmap_ln0           (specbitsmap         ) [ 000000000]
spectopmodule_ln0         (spectopmodule       ) [ 000000000]
empty                     (specchannel         ) [ 000000000]
specinterface_ln0         (specinterface       ) [ 000000000]
empty_5                   (specchannel         ) [ 000000000]
specinterface_ln0         (specinterface       ) [ 000000000]
empty_6                   (specchannel         ) [ 000000000]
specinterface_ln0         (specinterface       ) [ 000000000]
empty_7                   (specchannel         ) [ 000000000]
specinterface_ln0         (specinterface       ) [ 000000000]
specinterface_ln4         (specinterface       ) [ 000000000]
specinterface_ln5         (specinterface       ) [ 000000000]
empty_8                   (specchannel         ) [ 000000000]
specinterface_ln0         (specinterface       ) [ 000000000]
empty_9                   (specchannel         ) [ 000000000]
specinterface_ln0         (specinterface       ) [ 000000000]
empty_10                  (specchannel         ) [ 000000000]
specinterface_ln0         (specinterface       ) [ 000000000]
empty_11                  (specchannel         ) [ 000000000]
specinterface_ln0         (specinterface       ) [ 000000000]
ret_ln38                  (ret                 ) [ 000000000]
</LifeTime>

<model>

<comp_list>
<comp id="0" class="1000" name="inStream_V_data_V">
<pin_list>
<pin id="1" dir="1" index="0" bw="1" slack="0"/>
</pin_list>
<bind>
<StgValue><ssdm name="inStream_V_data_V"/></StgValue>
</bind>
</comp>

<comp id="2" class="1000" name="inStream_V_keep_V">
<pin_list>
<pin id="3" dir="1" index="0" bw="1" slack="0"/>
</pin_list>
<bind>
<StgValue><ssdm name="inStream_V_keep_V"/></StgValue>
</bind>
</comp>

<comp id="4" class="1000" name="inStream_V_strb_V">
<pin_list>
<pin id="5" dir="1" index="0" bw="1" slack="0"/>
</pin_list>
<bind>
<StgValue><ssdm name="inStream_V_strb_V"/></StgValue>
</bind>
</comp>

<comp id="6" class="1000" name="inStream_V_user_V">
<pin_list>
<pin id="7" dir="1" index="0" bw="1" slack="0"/>
</pin_list>
<bind>
<StgValue><ssdm name="inStream_V_user_V"/></StgValue>
</bind>
</comp>

<comp id="8" class="1000" name="inStream_V_last_V">
<pin_list>
<pin id="9" dir="1" index="0" bw="1" slack="0"/>
</pin_list>
<bind>
<StgValue><ssdm name="inStream_V_last_V"/></StgValue>
</bind>
</comp>

<comp id="10" class="1000" name="inStream_V_id_V">
<pin_list>
<pin id="11" dir="1" index="0" bw="1" slack="0"/>
</pin_list>
<bind>
<StgValue><ssdm name="inStream_V_id_V"/></StgValue>
</bind>
</comp>

<comp id="12" class="1000" name="inStream_V_dest_V">
<pin_list>
<pin id="13" dir="1" index="0" bw="1" slack="0"/>
</pin_list>
<bind>
<StgValue><ssdm name="inStream_V_dest_V"/></StgValue>
</bind>
</comp>

<comp id="14" class="1000" name="outStream_V_data_V">
<pin_list>
<pin id="15" dir="1" index="0" bw="1" slack="0"/>
</pin_list>
<bind>
<StgValue><ssdm name="outStream_V_data_V"/></StgValue>
</bind>
</comp>

<comp id="16" class="1000" name="outStream_V_keep_V">
<pin_list>
<pin id="17" dir="1" index="0" bw="1" slack="0"/>
</pin_list>
<bind>
<StgValue><ssdm name="outStream_V_keep_V"/></StgValue>
</bind>
</comp>

<comp id="18" class="1000" name="outStream_V_strb_V">
<pin_list>
<pin id="19" dir="1" index="0" bw="1" slack="0"/>
</pin_list>
<bind>
<StgValue><ssdm name="outStream_V_strb_V"/></StgValue>
</bind>
</comp>

<comp id="20" class="1000" name="outStream_V_user_V">
<pin_list>
<pin id="21" dir="1" index="0" bw="1" slack="0"/>
</pin_list>
<bind>
<StgValue><ssdm name="outStream_V_user_V"/></StgValue>
</bind>
</comp>

<comp id="22" class="1000" name="outStream_V_last_V">
<pin_list>
<pin id="23" dir="1" index="0" bw="1" slack="0"/>
</pin_list>
<bind>
<StgValue><ssdm name="outStream_V_last_V"/></StgValue>
</bind>
</comp>

<comp id="24" class="1000" name="outStream_V_id_V">
<pin_list>
<pin id="25" dir="1" index="0" bw="1" slack="0"/>
</pin_list>
<bind>
<StgValue><ssdm name="outStream_V_id_V"/></StgValue>
</bind>
</comp>

<comp id="26" class="1000" name="outStream_V_dest_V">
<pin_list>
<pin id="27" dir="1" index="0" bw="1" slack="0"/>
</pin_list>
<bind>
<StgValue><ssdm name="outStream_V_dest_V"/></StgValue>
</bind>
</comp>

<comp id="28" class="1001" name="const_28">
<pin_list>
<pin id="29" dir="1" index="0" bw="1" slack="0"/>
</pin_list>
<bind>
<StgValue><ssdm name=""/></StgValue>
</bind>
</comp>

<comp id="30" class="1001" name="const_30">
<pin_list>
<pin id="31" dir="1" index="0" bw="1" slack="0"/>
</pin_list>
<bind>
<StgValue><ssdm name="Block__proc"/></StgValue>
</bind>
</comp>

<comp id="32" class="1001" name="const_32">
<pin_list>
<pin id="33" dir="1" index="0" bw="1" slack="0"/>
</pin_list>
<bind>
<StgValue><ssdm name="AXIvideo2Mat"/></StgValue>
</bind>
</comp>

<comp id="34" class="1001" name="const_34">
<pin_list>
<pin id="35" dir="1" index="0" bw="1" slack="0"/>
</pin_list>
<bind>
<StgValue><ssdm name="CvtColor"/></StgValue>
</bind>
</comp>

<comp id="36" class="1001" name="const_36">
<pin_list>
<pin id="37" dir="1" index="0" bw="1" slack="0"/>
</pin_list>
<bind>
<StgValue><ssdm name="Mat2AXIvideo"/></StgValue>
</bind>
</comp>

<comp id="38" class="1001" name="const_38">
<pin_list>
<pin id="39" dir="1" index="0" bw="1" slack="2147483647"/>
</pin_list>
<bind>
<StgValue><ssdm name="_ssdm_op_SpecDataflowPipeline"/></StgValue>
</bind>
</comp>

<comp id="40" class="1001" name="const_40">
<pin_list>
<pin id="41" dir="1" index="0" bw="1" slack="2147483647"/>
</pin_list>
<bind>
<StgValue><ssdm name=""/></StgValue>
</bind>
</comp>

<comp id="42" class="1001" name="const_42">
<pin_list>
<pin id="43" dir="1" index="0" bw="1" slack="2147483647"/>
</pin_list>
<bind>
<StgValue><ssdm name=""/></StgValue>
</bind>
</comp>

<comp id="44" class="1001" name="const_44">
<pin_list>
<pin id="45" dir="1" index="0" bw="1" slack="2147483647"/>
</pin_list>
<bind>
<StgValue><ssdm name="p_str2"/></StgValue>
</bind>
</comp>

<comp id="46" class="1001" name="const_46">
<pin_list>
<pin id="47" dir="1" index="0" bw="1" slack="2147483647"/>
</pin_list>
<bind>
<StgValue><ssdm name="_ssdm_op_SpecBitsMap"/></StgValue>
</bind>
</comp>

<comp id="48" class="1001" name="const_48">
<pin_list>
<pin id="49" dir="1" index="0" bw="1" slack="2147483647"/>
</pin_list>
<bind>
<StgValue><ssdm name="_ssdm_op_SpecTopModule"/></StgValue>
</bind>
</comp>

<comp id="50" class="1001" name="const_50">
<pin_list>
<pin id="51" dir="1" index="0" bw="1" slack="2147483647"/>
</pin_list>
<bind>
<StgValue><ssdm name="gray2rgb_str"/></StgValue>
</bind>
</comp>

<comp id="52" class="1001" name="const_52">
<pin_list>
<pin id="53" dir="1" index="0" bw="1" slack="2147483647"/>
</pin_list>
<bind>
<StgValue><ssdm name="_ssdm_op_SpecChannel"/></StgValue>
</bind>
</comp>

<comp id="54" class="1001" name="const_54">
<pin_list>
<pin id="55" dir="1" index="0" bw="1" slack="2147483647"/>
</pin_list>
<bind>
<StgValue><ssdm name="inImage_OC_data_stre"/></StgValue>
</bind>
</comp>

<comp id="56" class="1001" name="const_56">
<pin_list>
<pin id="57" dir="1" index="0" bw="1" slack="2147483647"/>
</pin_list>
<bind>
<StgValue><ssdm name=""/></StgValue>
</bind>
</comp>

<comp id="58" class="1001" name="const_58">
<pin_list>
<pin id="59" dir="1" index="0" bw="1" slack="2147483647"/>
</pin_list>
<bind>
<StgValue><ssdm name="p_str49"/></StgValue>
</bind>
</comp>

<comp id="60" class="1001" name="const_60">
<pin_list>
<pin id="61" dir="1" index="0" bw="1" slack="2147483647"/>
</pin_list>
<bind>
<StgValue><ssdm name=""/></StgValue>
</bind>
</comp>

<comp id="62" class="1001" name="const_62">
<pin_list>
<pin id="63" dir="1" index="0" bw="1" slack="2147483647"/>
</pin_list>
<bind>
<StgValue><ssdm name="_ssdm_op_SpecInterface"/></StgValue>
</bind>
</comp>

<comp id="64" class="1001" name="const_64">
<pin_list>
<pin id="65" dir="1" index="0" bw="1" slack="2147483647"/>
</pin_list>
<bind>
<StgValue><ssdm name="ap_fifo_str"/></StgValue>
</bind>
</comp>

<comp id="66" class="1001" name="const_66">
<pin_list>
<pin id="67" dir="1" index="0" bw="1" slack="2147483647"/>
</pin_list>
<bind>
<StgValue><ssdm name="p_str50"/></StgValue>
</bind>
</comp>

<comp id="68" class="1001" name="const_68">
<pin_list>
<pin id="69" dir="1" index="0" bw="1" slack="2147483647"/>
</pin_list>
<bind>
<StgValue><ssdm name="p_str51"/></StgValue>
</bind>
</comp>

<comp id="70" class="1001" name="const_70">
<pin_list>
<pin id="71" dir="1" index="0" bw="1" slack="2147483647"/>
</pin_list>
<bind>
<StgValue><ssdm name="p_str52"/></StgValue>
</bind>
</comp>

<comp id="72" class="1001" name="const_72">
<pin_list>
<pin id="73" dir="1" index="0" bw="1" slack="2147483647"/>
</pin_list>
<bind>
<StgValue><ssdm name="p_str53"/></StgValue>
</bind>
</comp>

<comp id="74" class="1001" name="const_74">
<pin_list>
<pin id="75" dir="1" index="0" bw="1" slack="2147483647"/>
</pin_list>
<bind>
<StgValue><ssdm name=""/></StgValue>
</bind>
</comp>

<comp id="76" class="1001" name="const_76">
<pin_list>
<pin id="77" dir="1" index="0" bw="1" slack="2147483647"/>
</pin_list>
<bind>
<StgValue><ssdm name="p_str54"/></StgValue>
</bind>
</comp>

<comp id="78" class="1001" name="const_78">
<pin_list>
<pin id="79" dir="1" index="0" bw="1" slack="2147483647"/>
</pin_list>
<bind>
<StgValue><ssdm name="p_str55"/></StgValue>
</bind>
</comp>

<comp id="80" class="1001" name="const_80">
<pin_list>
<pin id="81" dir="1" index="0" bw="1" slack="2147483647"/>
</pin_list>
<bind>
<StgValue><ssdm name="outImage_OC_data_str_2"/></StgValue>
</bind>
</comp>

<comp id="82" class="1001" name="const_82">
<pin_list>
<pin id="83" dir="1" index="0" bw="1" slack="2147483647"/>
</pin_list>
<bind>
<StgValue><ssdm name="p_str56"/></StgValue>
</bind>
</comp>

<comp id="84" class="1001" name="const_84">
<pin_list>
<pin id="85" dir="1" index="0" bw="1" slack="2147483647"/>
</pin_list>
<bind>
<StgValue><ssdm name="p_str57"/></StgValue>
</bind>
</comp>

<comp id="86" class="1001" name="const_86">
<pin_list>
<pin id="87" dir="1" index="0" bw="1" slack="2147483647"/>
</pin_list>
<bind>
<StgValue><ssdm name="p_str58"/></StgValue>
</bind>
</comp>

<comp id="88" class="1001" name="const_88">
<pin_list>
<pin id="89" dir="1" index="0" bw="1" slack="2147483647"/>
</pin_list>
<bind>
<StgValue><ssdm name="p_str59"/></StgValue>
</bind>
</comp>

<comp id="90" class="1001" name="const_90">
<pin_list>
<pin id="91" dir="1" index="0" bw="1" slack="2147483647"/>
</pin_list>
<bind>
<StgValue><ssdm name="p_str60"/></StgValue>
</bind>
</comp>

<comp id="92" class="1001" name="const_92">
<pin_list>
<pin id="93" dir="1" index="0" bw="1" slack="2147483647"/>
</pin_list>
<bind>
<StgValue><ssdm name="p_str61"/></StgValue>
</bind>
</comp>

<comp id="94" class="1001" name="const_94">
<pin_list>
<pin id="95" dir="1" index="0" bw="1" slack="2147483647"/>
</pin_list>
<bind>
<StgValue><ssdm name="p_str62"/></StgValue>
</bind>
</comp>

<comp id="96" class="1001" name="const_96">
<pin_list>
<pin id="97" dir="1" index="0" bw="1" slack="2147483647"/>
</pin_list>
<bind>
<StgValue><ssdm name="outImage_OC_data_str_1"/></StgValue>
</bind>
</comp>

<comp id="98" class="1001" name="const_98">
<pin_list>
<pin id="99" dir="1" index="0" bw="1" slack="2147483647"/>
</pin_list>
<bind>
<StgValue><ssdm name="p_str63"/></StgValue>
</bind>
</comp>

<comp id="100" class="1001" name="const_100">
<pin_list>
<pin id="101" dir="1" index="0" bw="1" slack="2147483647"/>
</pin_list>
<bind>
<StgValue><ssdm name="p_str64"/></StgValue>
</bind>
</comp>

<comp id="102" class="1001" name="const_102">
<pin_list>
<pin id="103" dir="1" index="0" bw="1" slack="2147483647"/>
</pin_list>
<bind>
<StgValue><ssdm name="p_str65"/></StgValue>
</bind>
</comp>

<comp id="104" class="1001" name="const_104">
<pin_list>
<pin id="105" dir="1" index="0" bw="1" slack="2147483647"/>
</pin_list>
<bind>
<StgValue><ssdm name="p_str66"/></StgValue>
</bind>
</comp>

<comp id="106" class="1001" name="const_106">
<pin_list>
<pin id="107" dir="1" index="0" bw="1" slack="2147483647"/>
</pin_list>
<bind>
<StgValue><ssdm name="p_str67"/></StgValue>
</bind>
</comp>

<comp id="108" class="1001" name="const_108">
<pin_list>
<pin id="109" dir="1" index="0" bw="1" slack="2147483647"/>
</pin_list>
<bind>
<StgValue><ssdm name="p_str68"/></StgValue>
</bind>
</comp>

<comp id="110" class="1001" name="const_110">
<pin_list>
<pin id="111" dir="1" index="0" bw="1" slack="2147483647"/>
</pin_list>
<bind>
<StgValue><ssdm name="p_str69"/></StgValue>
</bind>
</comp>

<comp id="112" class="1001" name="const_112">
<pin_list>
<pin id="113" dir="1" index="0" bw="1" slack="2147483647"/>
</pin_list>
<bind>
<StgValue><ssdm name="outImage_OC_data_str"/></StgValue>
</bind>
</comp>

<comp id="114" class="1001" name="const_114">
<pin_list>
<pin id="115" dir="1" index="0" bw="1" slack="2147483647"/>
</pin_list>
<bind>
<StgValue><ssdm name="p_str70"/></StgValue>
</bind>
</comp>

<comp id="116" class="1001" name="const_116">
<pin_list>
<pin id="117" dir="1" index="0" bw="1" slack="2147483647"/>
</pin_list>
<bind>
<StgValue><ssdm name="p_str71"/></StgValue>
</bind>
</comp>

<comp id="118" class="1001" name="const_118">
<pin_list>
<pin id="119" dir="1" index="0" bw="1" slack="2147483647"/>
</pin_list>
<bind>
<StgValue><ssdm name="p_str72"/></StgValue>
</bind>
</comp>

<comp id="120" class="1001" name="const_120">
<pin_list>
<pin id="121" dir="1" index="0" bw="1" slack="2147483647"/>
</pin_list>
<bind>
<StgValue><ssdm name="p_str73"/></StgValue>
</bind>
</comp>

<comp id="122" class="1001" name="const_122">
<pin_list>
<pin id="123" dir="1" index="0" bw="1" slack="2147483647"/>
</pin_list>
<bind>
<StgValue><ssdm name="p_str74"/></StgValue>
</bind>
</comp>

<comp id="124" class="1001" name="const_124">
<pin_list>
<pin id="125" dir="1" index="0" bw="1" slack="2147483647"/>
</pin_list>
<bind>
<StgValue><ssdm name="p_str75"/></StgValue>
</bind>
</comp>

<comp id="126" class="1001" name="const_126">
<pin_list>
<pin id="127" dir="1" index="0" bw="1" slack="2147483647"/>
</pin_list>
<bind>
<StgValue><ssdm name="p_str76"/></StgValue>
</bind>
</comp>

<comp id="128" class="1001" name="const_128">
<pin_list>
<pin id="129" dir="1" index="0" bw="1" slack="2147483647"/>
</pin_list>
<bind>
<StgValue><ssdm name="p_str"/></StgValue>
</bind>
</comp>

<comp id="130" class="1001" name="const_130">
<pin_list>
<pin id="131" dir="1" index="0" bw="1" slack="2147483647"/>
</pin_list>
<bind>
<StgValue><ssdm name="p_str1"/></StgValue>
</bind>
</comp>

<comp id="132" class="1001" name="const_132">
<pin_list>
<pin id="133" dir="1" index="0" bw="1" slack="2147483647"/>
</pin_list>
<bind>
<StgValue><ssdm name="inImage_OC_rows_OC_V_1"/></StgValue>
</bind>
</comp>

<comp id="134" class="1001" name="const_134">
<pin_list>
<pin id="135" dir="1" index="0" bw="1" slack="2147483647"/>
</pin_list>
<bind>
<StgValue><ssdm name="p_str90"/></StgValue>
</bind>
</comp>

<comp id="136" class="1001" name="const_136">
<pin_list>
<pin id="137" dir="1" index="0" bw="1" slack="2147483647"/>
</pin_list>
<bind>
<StgValue><ssdm name="p_str91"/></StgValue>
</bind>
</comp>

<comp id="138" class="1001" name="const_138">
<pin_list>
<pin id="139" dir="1" index="0" bw="1" slack="2147483647"/>
</pin_list>
<bind>
<StgValue><ssdm name="p_str92"/></StgValue>
</bind>
</comp>

<comp id="140" class="1001" name="const_140">
<pin_list>
<pin id="141" dir="1" index="0" bw="1" slack="2147483647"/>
</pin_list>
<bind>
<StgValue><ssdm name="p_str93"/></StgValue>
</bind>
</comp>

<comp id="142" class="1001" name="const_142">
<pin_list>
<pin id="143" dir="1" index="0" bw="1" slack="2147483647"/>
</pin_list>
<bind>
<StgValue><ssdm name="p_str94"/></StgValue>
</bind>
</comp>

<comp id="144" class="1001" name="const_144">
<pin_list>
<pin id="145" dir="1" index="0" bw="1" slack="2147483647"/>
</pin_list>
<bind>
<StgValue><ssdm name="p_str95"/></StgValue>
</bind>
</comp>

<comp id="146" class="1001" name="const_146">
<pin_list>
<pin id="147" dir="1" index="0" bw="1" slack="2147483647"/>
</pin_list>
<bind>
<StgValue><ssdm name="p_str96"/></StgValue>
</bind>
</comp>

<comp id="148" class="1001" name="const_148">
<pin_list>
<pin id="149" dir="1" index="0" bw="1" slack="2147483647"/>
</pin_list>
<bind>
<StgValue><ssdm name="inImage_OC_cols_OC_V_1"/></StgValue>
</bind>
</comp>

<comp id="150" class="1001" name="const_150">
<pin_list>
<pin id="151" dir="1" index="0" bw="1" slack="2147483647"/>
</pin_list>
<bind>
<StgValue><ssdm name="p_str97"/></StgValue>
</bind>
</comp>

<comp id="152" class="1001" name="const_152">
<pin_list>
<pin id="153" dir="1" index="0" bw="1" slack="2147483647"/>
</pin_list>
<bind>
<StgValue><ssdm name="p_str98"/></StgValue>
</bind>
</comp>

<comp id="154" class="1001" name="const_154">
<pin_list>
<pin id="155" dir="1" index="0" bw="1" slack="2147483647"/>
</pin_list>
<bind>
<StgValue><ssdm name="p_str99"/></StgValue>
</bind>
</comp>

<comp id="156" class="1001" name="const_156">
<pin_list>
<pin id="157" dir="1" index="0" bw="1" slack="2147483647"/>
</pin_list>
<bind>
<StgValue><ssdm name="p_str100"/></StgValue>
</bind>
</comp>

<comp id="158" class="1001" name="const_158">
<pin_list>
<pin id="159" dir="1" index="0" bw="1" slack="2147483647"/>
</pin_list>
<bind>
<StgValue><ssdm name="p_str101"/></StgValue>
</bind>
</comp>

<comp id="160" class="1001" name="const_160">
<pin_list>
<pin id="161" dir="1" index="0" bw="1" slack="2147483647"/>
</pin_list>
<bind>
<StgValue><ssdm name="p_str102"/></StgValue>
</bind>
</comp>

<comp id="162" class="1001" name="const_162">
<pin_list>
<pin id="163" dir="1" index="0" bw="1" slack="2147483647"/>
</pin_list>
<bind>
<StgValue><ssdm name="p_str103"/></StgValue>
</bind>
</comp>

<comp id="164" class="1001" name="const_164">
<pin_list>
<pin id="165" dir="1" index="0" bw="1" slack="2147483647"/>
</pin_list>
<bind>
<StgValue><ssdm name="inImage_OC_rows_OC_V"/></StgValue>
</bind>
</comp>

<comp id="166" class="1001" name="const_166">
<pin_list>
<pin id="167" dir="1" index="0" bw="1" slack="2147483647"/>
</pin_list>
<bind>
<StgValue><ssdm name="p_str125"/></StgValue>
</bind>
</comp>

<comp id="168" class="1001" name="const_168">
<pin_list>
<pin id="169" dir="1" index="0" bw="1" slack="2147483647"/>
</pin_list>
<bind>
<StgValue><ssdm name="p_str126"/></StgValue>
</bind>
</comp>

<comp id="170" class="1001" name="const_170">
<pin_list>
<pin id="171" dir="1" index="0" bw="1" slack="2147483647"/>
</pin_list>
<bind>
<StgValue><ssdm name="p_str127"/></StgValue>
</bind>
</comp>

<comp id="172" class="1001" name="const_172">
<pin_list>
<pin id="173" dir="1" index="0" bw="1" slack="2147483647"/>
</pin_list>
<bind>
<StgValue><ssdm name="p_str128"/></StgValue>
</bind>
</comp>

<comp id="174" class="1001" name="const_174">
<pin_list>
<pin id="175" dir="1" index="0" bw="1" slack="2147483647"/>
</pin_list>
<bind>
<StgValue><ssdm name="p_str129"/></StgValue>
</bind>
</comp>

<comp id="176" class="1001" name="const_176">
<pin_list>
<pin id="177" dir="1" index="0" bw="1" slack="2147483647"/>
</pin_list>
<bind>
<StgValue><ssdm name="p_str130"/></StgValue>
</bind>
</comp>

<comp id="178" class="1001" name="const_178">
<pin_list>
<pin id="179" dir="1" index="0" bw="1" slack="2147483647"/>
</pin_list>
<bind>
<StgValue><ssdm name="p_str131"/></StgValue>
</bind>
</comp>

<comp id="180" class="1001" name="const_180">
<pin_list>
<pin id="181" dir="1" index="0" bw="1" slack="2147483647"/>
</pin_list>
<bind>
<StgValue><ssdm name="inImage_OC_cols_OC_V"/></StgValue>
</bind>
</comp>

<comp id="182" class="1001" name="const_182">
<pin_list>
<pin id="183" dir="1" index="0" bw="1" slack="2147483647"/>
</pin_list>
<bind>
<StgValue><ssdm name="p_str132"/></StgValue>
</bind>
</comp>

<comp id="184" class="1001" name="const_184">
<pin_list>
<pin id="185" dir="1" index="0" bw="1" slack="2147483647"/>
</pin_list>
<bind>
<StgValue><ssdm name="p_str133"/></StgValue>
</bind>
</comp>

<comp id="186" class="1001" name="const_186">
<pin_list>
<pin id="187" dir="1" index="0" bw="1" slack="2147483647"/>
</pin_list>
<bind>
<StgValue><ssdm name="p_str134"/></StgValue>
</bind>
</comp>

<comp id="188" class="1001" name="const_188">
<pin_list>
<pin id="189" dir="1" index="0" bw="1" slack="2147483647"/>
</pin_list>
<bind>
<StgValue><ssdm name="p_str135"/></StgValue>
</bind>
</comp>

<comp id="190" class="1001" name="const_190">
<pin_list>
<pin id="191" dir="1" index="0" bw="1" slack="2147483647"/>
</pin_list>
<bind>
<StgValue><ssdm name="p_str136"/></StgValue>
</bind>
</comp>

<comp id="192" class="1001" name="const_192">
<pin_list>
<pin id="193" dir="1" index="0" bw="1" slack="2147483647"/>
</pin_list>
<bind>
<StgValue><ssdm name="p_str137"/></StgValue>
</bind>
</comp>

<comp id="194" class="1001" name="const_194">
<pin_list>
<pin id="195" dir="1" index="0" bw="1" slack="2147483647"/>
</pin_list>
<bind>
<StgValue><ssdm name="p_str138"/></StgValue>
</bind>
</comp>

<comp id="196" class="1004" name="inImage_cols_V_c7_fu_196">
<pin_list>
<pin id="197" dir="0" index="0" bw="1" slack="0"/>
<pin id="198" dir="1" index="1" bw="11" slack="1"/>
</pin_list>
<bind>
<opcode="alloca(26) " fcode="alloca"/>
<opset="inImage_cols_V_c7/1 "/>
</bind>
</comp>

<comp id="200" class="1004" name="inImage_rows_V_c6_fu_200">
<pin_list>
<pin id="201" dir="0" index="0" bw="1" slack="0"/>
<pin id="202" dir="1" index="1" bw="11" slack="1"/>
</pin_list>
<bind>
<opcode="alloca(26) " fcode="alloca"/>
<opset="inImage_rows_V_c6/1 "/>
</bind>
</comp>

<comp id="204" class="1004" name="inImage_cols_V_c_fu_204">
<pin_list>
<pin id="205" dir="0" index="0" bw="1" slack="0"/>
<pin id="206" dir="1" index="1" bw="11" slack="0"/>
</pin_list>
<bind>
<opcode="alloca(26) " fcode="alloca"/>
<opset="inImage_cols_V_c/1 "/>
</bind>
</comp>

<comp id="208" class="1004" name="inImage_rows_V_c_fu_208">
<pin_list>
<pin id="209" dir="0" index="0" bw="1" slack="0"/>
<pin id="210" dir="1" index="1" bw="11" slack="0"/>
</pin_list>
<bind>
<opcode="alloca(26) " fcode="alloca"/>
<opset="inImage_rows_V_c/1 "/>
</bind>
</comp>

<comp id="212" class="1004" name="inImage_data_stream_s_fu_212">
<pin_list>
<pin id="213" dir="0" index="0" bw="1" slack="0"/>
<pin id="214" dir="1" index="1" bw="8" slack="1"/>
</pin_list>
<bind>
<opcode="alloca(26) " fcode="alloca"/>
<opset="inImage_data_stream_s/1 "/>
</bind>
</comp>

<comp id="216" class="1004" name="outImage_data_stream_fu_216">
<pin_list>
<pin id="217" dir="0" index="0" bw="1" slack="0"/>
<pin id="218" dir="1" index="1" bw="8" slack="3"/>
</pin_list>
<bind>
<opcode="alloca(26) " fcode="alloca"/>
<opset="outImage_data_stream/1 "/>
</bind>
</comp>

<comp id="220" class="1004" name="outImage_data_stream_1_fu_220">
<pin_list>
<pin id="221" dir="0" index="0" bw="1" slack="0"/>
<pin id="222" dir="1" index="1" bw="8" slack="3"/>
</pin_list>
<bind>
<opcode="alloca(26) " fcode="alloca"/>
<opset="outImage_data_stream_1/1 "/>
</bind>
</comp>

<comp id="224" class="1004" name="outImage_data_stream_2_fu_224">
<pin_list>
<pin id="225" dir="0" index="0" bw="1" slack="0"/>
<pin id="226" dir="1" index="1" bw="8" slack="3"/>
</pin_list>
<bind>
<opcode="alloca(26) " fcode="alloca"/>
<opset="outImage_data_stream_2/1 "/>
</bind>
</comp>

<comp id="228" class="1004" name="grp_AXIvideo2Mat_fu_228">
<pin_list>
<pin id="229" dir="0" index="0" bw="0" slack="0"/>
<pin id="230" dir="0" index="1" bw="8" slack="0"/>
<pin id="231" dir="0" index="2" bw="1" slack="0"/>
<pin id="232" dir="0" index="3" bw="1" slack="0"/>
<pin id="233" dir="0" index="4" bw="1" slack="0"/>
<pin id="234" dir="0" index="5" bw="1" slack="0"/>
<pin id="235" dir="0" index="6" bw="1" slack="0"/>
<pin id="236" dir="0" index="7" bw="1" slack="0"/>
<pin id="237" dir="0" index="8" bw="11" slack="1"/>
<pin id="238" dir="0" index="9" bw="11" slack="1"/>
<pin id="239" dir="0" index="10" bw="8" slack="1"/>
<pin id="240" dir="0" index="11" bw="11" slack="1"/>
<pin id="241" dir="0" index="12" bw="11" slack="1"/>
<pin id="242" dir="1" index="13" bw="0" slack="2147483647"/>
</pin_list>
<bind>
<opcode="call(48) " fcode="call"/>
<opset="call_ln12/2 "/>
</bind>
</comp>

<comp id="251" class="1004" name="grp_Mat2AXIvideo_fu_251">
<pin_list>
<pin id="252" dir="0" index="0" bw="0" slack="0"/>
<pin id="253" dir="0" index="1" bw="8" slack="5"/>
<pin id="254" dir="0" index="2" bw="8" slack="5"/>
<pin id="255" dir="0" index="3" bw="8" slack="5"/>
<pin id="256" dir="0" index="4" bw="24" slack="0"/>
<pin id="257" dir="0" index="5" bw="3" slack="0"/>
<pin id="258" dir="0" index="6" bw="3" slack="0"/>
<pin id="259" dir="0" index="7" bw="1" slack="0"/>
<pin id="260" dir="0" index="8" bw="1" slack="0"/>
<pin id="261" dir="0" index="9" bw="1" slack="0"/>
<pin id="262" dir="0" index="10" bw="1" slack="0"/>
<pin id="263" dir="1" index="11" bw="0" slack="2147483647"/>
</pin_list>
<bind>
<opcode="call(48) " fcode="call"/>
<opset="call_ln14/6 "/>
</bind>
</comp>

<comp id="272" class="1004" name="grp_CvtColor_fu_272">
<pin_list>
<pin id="273" dir="0" index="0" bw="0" slack="0"/>
<pin id="274" dir="0" index="1" bw="11" slack="3"/>
<pin id="275" dir="0" index="2" bw="11" slack="3"/>
<pin id="276" dir="0" index="3" bw="8" slack="3"/>
<pin id="277" dir="0" index="4" bw="8" slack="3"/>
<pin id="278" dir="0" index="5" bw="8" slack="3"/>
<pin id="279" dir="0" index="6" bw="8" slack="3"/>
<pin id="280" dir="1" index="7" bw="0" slack="2147483647"/>
</pin_list>
<bind>
<opcode="call(48) " fcode="call"/>
<opset="call_ln13/4 "/>
</bind>
</comp>

<comp id="282" class="1004" name="call_ln0_Block_proc_fu_282">
<pin_list>
<pin id="283" dir="0" index="0" bw="0" slack="0"/>
<pin id="284" dir="0" index="1" bw="11" slack="0"/>
<pin id="285" dir="0" index="2" bw="11" slack="0"/>
<pin id="286" dir="1" index="3" bw="0" slack="2147483647"/>
</pin_list>
<bind>
<opcode="call(48) " fcode="call"/>
<opset="call_ln0/1 "/>
</bind>
</comp>

<comp id="288" class="1005" name="inImage_cols_V_c7_reg_288">
<pin_list>
<pin id="289" dir="0" index="0" bw="11" slack="1"/>
<pin id="290" dir="1" index="1" bw="11" slack="1"/>
</pin_list>
<bind>
<opset="inImage_cols_V_c7 "/>
</bind>
</comp>

<comp id="294" class="1005" name="inImage_rows_V_c6_reg_294">
<pin_list>
<pin id="295" dir="0" index="0" bw="11" slack="1"/>
<pin id="296" dir="1" index="1" bw="11" slack="1"/>
</pin_list>
<bind>
<opset="inImage_rows_V_c6 "/>
</bind>
</comp>

<comp id="300" class="1005" name="inImage_cols_V_c_reg_300">
<pin_list>
<pin id="301" dir="0" index="0" bw="11" slack="0"/>
<pin id="302" dir="1" index="1" bw="11" slack="0"/>
</pin_list>
<bind>
<opset="inImage_cols_V_c "/>
</bind>
</comp>

<comp id="306" class="1005" name="inImage_rows_V_c_reg_306">
<pin_list>
<pin id="307" dir="0" index="0" bw="11" slack="0"/>
<pin id="308" dir="1" index="1" bw="11" slack="0"/>
</pin_list>
<bind>
<opset="inImage_rows_V_c "/>
</bind>
</comp>

<comp id="312" class="1005" name="inImage_data_stream_s_reg_312">
<pin_list>
<pin id="313" dir="0" index="0" bw="8" slack="1"/>
<pin id="314" dir="1" index="1" bw="8" slack="1"/>
</pin_list>
<bind>
<opset="inImage_data_stream_s "/>
</bind>
</comp>

<comp id="318" class="1005" name="outImage_data_stream_reg_318">
<pin_list>
<pin id="319" dir="0" index="0" bw="8" slack="3"/>
<pin id="320" dir="1" index="1" bw="8" slack="3"/>
</pin_list>
<bind>
<opset="outImage_data_stream "/>
</bind>
</comp>

<comp id="324" class="1005" name="outImage_data_stream_1_reg_324">
<pin_list>
<pin id="325" dir="0" index="0" bw="8" slack="3"/>
<pin id="326" dir="1" index="1" bw="8" slack="3"/>
</pin_list>
<bind>
<opset="outImage_data_stream_1 "/>
</bind>
</comp>

<comp id="330" class="1005" name="outImage_data_stream_2_reg_330">
<pin_list>
<pin id="331" dir="0" index="0" bw="8" slack="3"/>
<pin id="332" dir="1" index="1" bw="8" slack="3"/>
</pin_list>
<bind>
<opset="outImage_data_stream_2 "/>
</bind>
</comp>

</comp_list>

<net_list>
<net id="199"><net_src comp="28" pin="0"/><net_sink comp="196" pin=0"/></net>

<net id="203"><net_src comp="28" pin="0"/><net_sink comp="200" pin=0"/></net>

<net id="207"><net_src comp="28" pin="0"/><net_sink comp="204" pin=0"/></net>

<net id="211"><net_src comp="28" pin="0"/><net_sink comp="208" pin=0"/></net>

<net id="215"><net_src comp="28" pin="0"/><net_sink comp="212" pin=0"/></net>

<net id="219"><net_src comp="28" pin="0"/><net_sink comp="216" pin=0"/></net>

<net id="223"><net_src comp="28" pin="0"/><net_sink comp="220" pin=0"/></net>

<net id="227"><net_src comp="28" pin="0"/><net_sink comp="224" pin=0"/></net>

<net id="243"><net_src comp="32" pin="0"/><net_sink comp="228" pin=0"/></net>

<net id="244"><net_src comp="0" pin="0"/><net_sink comp="228" pin=1"/></net>

<net id="245"><net_src comp="2" pin="0"/><net_sink comp="228" pin=2"/></net>

<net id="246"><net_src comp="4" pin="0"/><net_sink comp="228" pin=3"/></net>

<net id="247"><net_src comp="6" pin="0"/><net_sink comp="228" pin=4"/></net>

<net id="248"><net_src comp="8" pin="0"/><net_sink comp="228" pin=5"/></net>

<net id="249"><net_src comp="10" pin="0"/><net_sink comp="228" pin=6"/></net>

<net id="250"><net_src comp="12" pin="0"/><net_sink comp="228" pin=7"/></net>

<net id="264"><net_src comp="36" pin="0"/><net_sink comp="251" pin=0"/></net>

<net id="265"><net_src comp="14" pin="0"/><net_sink comp="251" pin=4"/></net>

<net id="266"><net_src comp="16" pin="0"/><net_sink comp="251" pin=5"/></net>

<net id="267"><net_src comp="18" pin="0"/><net_sink comp="251" pin=6"/></net>

<net id="268"><net_src comp="20" pin="0"/><net_sink comp="251" pin=7"/></net>

<net id="269"><net_src comp="22" pin="0"/><net_sink comp="251" pin=8"/></net>

<net id="270"><net_src comp="24" pin="0"/><net_sink comp="251" pin=9"/></net>

<net id="271"><net_src comp="26" pin="0"/><net_sink comp="251" pin=10"/></net>

<net id="281"><net_src comp="34" pin="0"/><net_sink comp="272" pin=0"/></net>

<net id="287"><net_src comp="30" pin="0"/><net_sink comp="282" pin=0"/></net>

<net id="291"><net_src comp="196" pin="1"/><net_sink comp="288" pin=0"/></net>

<net id="292"><net_src comp="288" pin="1"/><net_sink comp="228" pin=12"/></net>

<net id="293"><net_src comp="288" pin="1"/><net_sink comp="272" pin=2"/></net>

<net id="297"><net_src comp="200" pin="1"/><net_sink comp="294" pin=0"/></net>

<net id="298"><net_src comp="294" pin="1"/><net_sink comp="228" pin=11"/></net>

<net id="299"><net_src comp="294" pin="1"/><net_sink comp="272" pin=1"/></net>

<net id="303"><net_src comp="204" pin="1"/><net_sink comp="300" pin=0"/></net>

<net id="304"><net_src comp="300" pin="1"/><net_sink comp="282" pin=2"/></net>

<net id="305"><net_src comp="300" pin="1"/><net_sink comp="228" pin=9"/></net>

<net id="309"><net_src comp="208" pin="1"/><net_sink comp="306" pin=0"/></net>

<net id="310"><net_src comp="306" pin="1"/><net_sink comp="282" pin=1"/></net>

<net id="311"><net_src comp="306" pin="1"/><net_sink comp="228" pin=8"/></net>

<net id="315"><net_src comp="212" pin="1"/><net_sink comp="312" pin=0"/></net>

<net id="316"><net_src comp="312" pin="1"/><net_sink comp="228" pin=10"/></net>

<net id="317"><net_src comp="312" pin="1"/><net_sink comp="272" pin=3"/></net>

<net id="321"><net_src comp="216" pin="1"/><net_sink comp="318" pin=0"/></net>

<net id="322"><net_src comp="318" pin="1"/><net_sink comp="272" pin=4"/></net>

<net id="323"><net_src comp="318" pin="1"/><net_sink comp="251" pin=1"/></net>

<net id="327"><net_src comp="220" pin="1"/><net_sink comp="324" pin=0"/></net>

<net id="328"><net_src comp="324" pin="1"/><net_sink comp="272" pin=5"/></net>

<net id="329"><net_src comp="324" pin="1"/><net_sink comp="251" pin=2"/></net>

<net id="333"><net_src comp="224" pin="1"/><net_sink comp="330" pin=0"/></net>

<net id="334"><net_src comp="330" pin="1"/><net_sink comp="272" pin=6"/></net>

<net id="335"><net_src comp="330" pin="1"/><net_sink comp="251" pin=3"/></net>

</net_list>

</model> 
---------------- Datapath Model END ------------------

* FSMD analyzer results:
  - Output states:
	Port: outStream_V_data_V | {6 7 }
	Port: outStream_V_keep_V | {6 7 }
	Port: outStream_V_strb_V | {6 7 }
	Port: outStream_V_user_V | {6 7 }
	Port: outStream_V_last_V | {6 7 }
	Port: outStream_V_id_V | {6 7 }
	Port: outStream_V_dest_V | {6 7 }
 - Input state : 
	Port: gray2rgb : inStream_V_data_V | {2 3 }
	Port: gray2rgb : inStream_V_keep_V | {2 3 }
	Port: gray2rgb : inStream_V_strb_V | {2 3 }
	Port: gray2rgb : inStream_V_user_V | {2 3 }
	Port: gray2rgb : inStream_V_last_V | {2 3 }
	Port: gray2rgb : inStream_V_id_V | {2 3 }
	Port: gray2rgb : inStream_V_dest_V | {2 3 }
  - Chain level:
	State 1
		call_ln0 : 1
	State 2
	State 3
	State 4
	State 5
	State 6
	State 7
	State 8


============================================================
+ Verbose Summary: Datapath Resource usage 
============================================================

* Functional unit list:
|----------|----------------------------|---------|---------|---------|
| Operation|       Functional Unit      |  Delay  |    FF   |   LUT   |
|----------|----------------------------|---------|---------|---------|
|          |   grp_AXIvideo2Mat_fu_228  |  1.769  |   252   |   125   |
|   call   |   grp_Mat2AXIvideo_fu_251  |  3.538  |    69   |    85   |
|          |     grp_CvtColor_fu_272    |    0    |    64   |    54   |
|          | call_ln0_Block_proc_fu_282 |    0    |    0    |    0    |
|----------|----------------------------|---------|---------|---------|
|   Total  |                            |  5.307  |   385   |   264   |
|----------|----------------------------|---------|---------|---------|

Memories:
N/A

* Register list:
+------------------------------+--------+
|                              |   FF   |
+------------------------------+--------+
|   inImage_cols_V_c7_reg_288  |   11   |
|   inImage_cols_V_c_reg_300   |   11   |
| inImage_data_stream_s_reg_312|    8   |
|   inImage_rows_V_c6_reg_294  |   11   |
|   inImage_rows_V_c_reg_306   |   11   |
|outImage_data_stream_1_reg_324|    8   |
|outImage_data_stream_2_reg_330|    8   |
| outImage_data_stream_reg_318 |    8   |
+------------------------------+--------+
|             Total            |   76   |
+------------------------------+--------+

* Multiplexer (MUX) list: 
|--------|------|------|------|--------|
|  Comp  |  Pin | Size |  BW  | S x BW |
|--------|------|------|------|--------|
|  Total |      |      |      |    0   |
|--------|------|------|------|--------|



* Summary:
+-----------+--------+--------+--------+
|           |  Delay |   FF   |   LUT  |
+-----------+--------+--------+--------+
|  Function |    5   |   385  |   264  |
|   Memory  |    -   |    -   |    -   |
|Multiplexer|    -   |    -   |    -   |
|  Register |    -   |   76   |    -   |
+-----------+--------+--------+--------+
|   Total   |    5   |   461  |   264  |
+-----------+--------+--------+--------+
