

================================================================
== Vivado HLS Report for 'gray2rgb'
================================================================
* Date:           Tue Mar 29 18:49:48 2022

* Version:        2019.1 (Build 2552052 on Fri May 24 15:28:33 MDT 2019)
* Project:        gray2rgb
* Solution:       solution1
* Product family: zynq
* Target device:  xc7z020-clg400-1


================================================================
== Performance Estimates
================================================================
+ Timing (ns): 
    * Summary: 
    +--------+-------+----------+------------+
    |  Clock | Target| Estimated| Uncertainty|
    +--------+-------+----------+------------+
    |ap_clk  |  10.00|     7.268|        1.25|
    +--------+-------+----------+------------+

+ Latency (clock cycles): 
    * Summary: 
    +--------+--------+--------+--------+----------+
    |     Latency     |     Interval    | Pipeline |
    |   min  |   max  |   min  |   max  |   Type   |
    +--------+--------+--------+--------+----------+
    |  482406|  483004|  482402|  483004| dataflow |
    +--------+--------+--------+--------+----------+

    + Detail: 
        * Instance: 
        +-----------------+--------------+--------+--------+--------+--------+---------+
        |                 |              |     Latency     |     Interval    | Pipeline|
        |     Instance    |    Module    |   min  |   max  |   min  |   max  |   Type  |
        +-----------------+--------------+--------+--------+--------+--------+---------+
        |AXIvideo2Mat_U0  |AXIvideo2Mat  |       3|  483003|       3|  483003|   none  |
        |Mat2AXIvideo_U0  |Mat2AXIvideo  |  482401|  482401|  482401|  482401|   none  |
        |CvtColor_U0      |CvtColor      |       1|  481801|       1|  481801|   none  |
        |Block_proc_U0    |Block_proc    |       0|       0|       0|       0|   none  |
        +-----------------+--------------+--------+--------+--------+--------+---------+

        * Loop: 
        N/A



================================================================
== Utilization Estimates
================================================================
* Summary: 
+-----------------+---------+-------+--------+-------+-----+
|       Name      | BRAM_18K| DSP48E|   FF   |  LUT  | URAM|
+-----------------+---------+-------+--------+-------+-----+
|DSP              |        -|      -|       -|      -|    -|
|Expression       |        -|      -|       0|     32|    -|
|FIFO             |        0|      -|      40|    172|    -|
|Instance         |        -|      -|     436|   1121|    -|
|Memory           |        -|      -|       -|      -|    -|
|Multiplexer      |        -|      -|       -|     36|    -|
|Register         |        -|      -|       6|      -|    -|
+-----------------+---------+-------+--------+-------+-----+
|Total            |        0|      0|     482|   1361|    0|
+-----------------+---------+-------+--------+-------+-----+
|Available        |      280|    220|  106400|  53200|    0|
+-----------------+---------+-------+--------+-------+-----+
|Utilization (%)  |        0|      0|   ~0   |      2|    0|
+-----------------+---------+-------+--------+-------+-----+

+ Detail: 
    * Instance: 
    +-----------------+--------------+---------+-------+-----+-----+-----+
    |     Instance    |    Module    | BRAM_18K| DSP48E|  FF | LUT | URAM|
    +-----------------+--------------+---------+-------+-----+-----+-----+
    |AXIvideo2Mat_U0  |AXIvideo2Mat  |        0|      0|  255|  535|    0|
    |Block_proc_U0    |Block_proc    |        0|      0|    2|   29|    0|
    |CvtColor_U0      |CvtColor      |        0|      0|   61|  196|    0|
    |Mat2AXIvideo_U0  |Mat2AXIvideo  |        0|      0|  118|  361|    0|
    +-----------------+--------------+---------+-------+-----+-----+-----+
    |Total            |              |        0|      0|  436| 1121|    0|
    +-----------------+--------------+---------+-------+-----+-----+-----+

    * DSP48E: 
    N/A

    * Memory: 
    N/A

    * FIFO: 
    +--------------------------+---------+---+----+-----+------+-----+---------+
    |           Name           | BRAM_18K| FF| LUT| URAM| Depth| Bits| Size:D*B|
    +--------------------------+---------+---+----+-----+------+-----+---------+
    |inImage_cols_V_c7_U       |        0|  5|   0|    -|     2|   11|       22|
    |inImage_cols_V_c_U        |        0|  5|   0|    -|     2|   11|       22|
    |inImage_data_stream_s_U   |        0|  5|   0|    -|     2|    8|       16|
    |inImage_rows_V_c6_U       |        0|  5|   0|    -|     2|   11|       22|
    |inImage_rows_V_c_U        |        0|  5|   0|    -|     2|   11|       22|
    |outImage_data_stream_1_U  |        0|  5|   0|    -|     2|    8|       16|
    |outImage_data_stream_2_U  |        0|  5|   0|    -|     2|    8|       16|
    |outImage_data_stream_U    |        0|  5|   0|    -|     2|    8|       16|
    +--------------------------+---------+---+----+-----+------+-----+---------+
    |Total                     |        0| 40|   0|    0|    16|   76|      152|
    +--------------------------+---------+---+----+-----+------+-----+---------+

    * Expression: 
    +----------------------------------+----------+-------+---+----+------------+------------+
    |           Variable Name          | Operation| DSP48E| FF| LUT| Bitwidth P0| Bitwidth P1|
    +----------------------------------+----------+-------+---+----+------------+------------+
    |AXIvideo2Mat_U0_ap_ready_count    |     +    |      0|  0|  10|           2|           1|
    |Block_proc_U0_ap_ready_count      |     +    |      0|  0|  10|           2|           1|
    |AXIvideo2Mat_U0_ap_start          |    and   |      0|  0|   2|           1|           1|
    |Block_proc_U0_ap_start            |    and   |      0|  0|   2|           1|           1|
    |ap_idle                           |    and   |      0|  0|   2|           1|           1|
    |ap_sync_ready                     |    and   |      0|  0|   2|           1|           1|
    |ap_sync_AXIvideo2Mat_U0_ap_ready  |    or    |      0|  0|   2|           1|           1|
    |ap_sync_Block_proc_U0_ap_ready    |    or    |      0|  0|   2|           1|           1|
    +----------------------------------+----------+-------+---+----+------------+------------+
    |Total                             |          |      0|  0|  32|          10|           8|
    +----------------------------------+----------+-------+---+----+------------+------------+

    * Multiplexer: 
    +--------------------------------------+----+-----------+-----+-----------+
    |                 Name                 | LUT| Input Size| Bits| Total Bits|
    +--------------------------------------+----+-----------+-----+-----------+
    |AXIvideo2Mat_U0_ap_ready_count        |   9|          2|    2|          4|
    |Block_proc_U0_ap_ready_count          |   9|          2|    2|          4|
    |ap_sync_reg_AXIvideo2Mat_U0_ap_ready  |   9|          2|    1|          2|
    |ap_sync_reg_Block_proc_U0_ap_ready    |   9|          2|    1|          2|
    +--------------------------------------+----+-----------+-----+-----------+
    |Total                                 |  36|          8|    6|         12|
    +--------------------------------------+----+-----------+-----+-----------+

    * Register: 
    +--------------------------------------+---+----+-----+-----------+
    |                 Name                 | FF| LUT| Bits| Const Bits|
    +--------------------------------------+---+----+-----+-----------+
    |AXIvideo2Mat_U0_ap_ready_count        |  2|   0|    2|          0|
    |Block_proc_U0_ap_ready_count          |  2|   0|    2|          0|
    |ap_sync_reg_AXIvideo2Mat_U0_ap_ready  |  1|   0|    1|          0|
    |ap_sync_reg_Block_proc_U0_ap_ready    |  1|   0|    1|          0|
    +--------------------------------------+---+----+-----+-----------+
    |Total                                 |  6|   0|    6|          0|
    +--------------------------------------+---+----+-----+-----------+



================================================================
== Interface
================================================================
* Summary: 
+------------------+-----+-----+------------+--------------------+--------------+
|     RTL Ports    | Dir | Bits|  Protocol  |    Source Object   |    C Type    |
+------------------+-----+-----+------------+--------------------+--------------+
|inStream_TDATA    |  in |    8|    axis    |  inStream_V_data_V |    pointer   |
|inStream_TKEEP    |  in |    1|    axis    |  inStream_V_keep_V |    pointer   |
|inStream_TSTRB    |  in |    1|    axis    |  inStream_V_strb_V |    pointer   |
|inStream_TUSER    |  in |    1|    axis    |  inStream_V_user_V |    pointer   |
|inStream_TLAST    |  in |    1|    axis    |  inStream_V_last_V |    pointer   |
|inStream_TID      |  in |    1|    axis    |   inStream_V_id_V  |    pointer   |
|inStream_TDEST    |  in |    1|    axis    |  inStream_V_dest_V |    pointer   |
|inStream_TVALID   |  in |    1|    axis    |  inStream_V_dest_V |    pointer   |
|inStream_TREADY   | out |    1|    axis    |  inStream_V_dest_V |    pointer   |
|outStream_TDATA   | out |   24|    axis    | outStream_V_data_V |    pointer   |
|outStream_TKEEP   | out |    3|    axis    | outStream_V_keep_V |    pointer   |
|outStream_TSTRB   | out |    3|    axis    | outStream_V_strb_V |    pointer   |
|outStream_TUSER   | out |    1|    axis    | outStream_V_user_V |    pointer   |
|outStream_TLAST   | out |    1|    axis    | outStream_V_last_V |    pointer   |
|outStream_TID     | out |    1|    axis    |  outStream_V_id_V  |    pointer   |
|outStream_TDEST   | out |    1|    axis    | outStream_V_dest_V |    pointer   |
|outStream_TVALID  | out |    1|    axis    | outStream_V_dest_V |    pointer   |
|outStream_TREADY  |  in |    1|    axis    | outStream_V_dest_V |    pointer   |
|ap_clk            |  in |    1| ap_ctrl_hs |      gray2rgb      | return value |
|ap_rst_n          |  in |    1| ap_ctrl_hs |      gray2rgb      | return value |
|ap_start          |  in |    1| ap_ctrl_hs |      gray2rgb      | return value |
|ap_done           | out |    1| ap_ctrl_hs |      gray2rgb      | return value |
|ap_ready          | out |    1| ap_ctrl_hs |      gray2rgb      | return value |
|ap_idle           | out |    1| ap_ctrl_hs |      gray2rgb      | return value |
+------------------+-----+-----+------------+--------------------+--------------+

