16:34:47 INFO  : Registering command handlers for SDK TCF services
16:34:48 INFO  : Launching XSCT server: xsct.bat -interactive C:\Users\matte\Desktop\hdmi_example\hdmi_example.sdk\temp_xsdb_launch_script.tcl
16:34:52 INFO  : XSCT server has started successfully.
16:34:59 INFO  : Processing command line option -hwspec C:/Users/matte/Desktop/hdmi_example/hdmi_example.sdk/design_1_wrapper.hdf.
16:34:59 INFO  : Successfully done setting XSCT server connection channel  
16:34:59 INFO  : Successfully done setting SDK workspace  
16:39:58 INFO  : Launching XSCT server: xsct.bat -interactive C:\Users\matte\Desktop\hdmi_example\hdmi_example.sdk\temp_xsdb_launch_script.tcl
16:40:01 INFO  : XSCT server has started successfully.
16:40:01 INFO  : Successfully done setting XSCT server connection channel  
16:40:05 INFO  : Successfully done setting SDK workspace  
16:40:07 INFO  : Registering command handlers for SDK TCF services
16:40:08 INFO  : Processing command line option -hwspec C:/Users/matte/Desktop/hdmi_example/hdmi_example.sdk/design_1_wrapper.hdf.
16:40:08 INFO  : Checking for hwspec changes in the project design_1_wrapper_hw_platform_0.
16:51:48 INFO  : Connected to target on host '127.0.0.1' and port '3121'.
16:51:50 INFO  : 'targets -set -filter {jtag_cable_name =~ "Xilinx TUL 1234-tulA" && level==0} -index 1' command is executed.
16:51:53 INFO  : FPGA configured successfully with bitstream "C:/Users/matte/Desktop/hdmi_example/hdmi_example.sdk/design_1_wrapper_hw_platform_0/design_1_wrapper.bit"
16:52:29 INFO  : 'targets -set -filter {jtag_cable_name =~ "Xilinx TUL 1234-tulA" && level==0} -index 1' command is executed.
16:52:29 INFO  : 'fpga -state' command is executed.
16:52:29 INFO  : Connected to target on host '127.0.0.1' and port '3121'.
16:52:30 INFO  : Jtag cable 'Xilinx TUL 1234-tulA' is selected.
16:52:30 INFO  : 'jtag frequency' command is executed.
16:52:30 INFO  : Sourcing of 'C:/Users/matte/Desktop/hdmi_example/hdmi_example.sdk/design_1_wrapper_hw_platform_0/ps7_init.tcl' is done.
16:52:30 INFO  : Context for 'APU' is selected.
16:52:30 INFO  : Hardware design information is loaded from 'C:/Users/matte/Desktop/hdmi_example/hdmi_example.sdk/design_1_wrapper_hw_platform_0/system.hdf'.
16:52:30 INFO  : 'configparams force-mem-access 1' command is executed.
16:52:30 INFO  : Context for 'APU' is selected.
16:52:30 INFO  : 'stop' command is executed.
16:52:32 INFO  : 'ps7_init' command is executed.
16:52:32 INFO  : 'ps7_post_config' command is executed.
16:52:32 INFO  : Context for processor 'ps7_cortexa9_0' is selected.
16:52:32 INFO  : Processor reset is completed for 'ps7_cortexa9_0'.
16:52:32 INFO  : Context for processor 'ps7_cortexa9_0' is selected.
16:52:32 INFO  : The application 'C:/Users/matte/Desktop/hdmi_example/hdmi_example.sdk/hdmi_example_sdk/Debug/hdmi_example_sdk.elf' is downloaded to processor 'ps7_cortexa9_0'.
16:52:32 INFO  : 'configparams force-mem-access 0' command is executed.
16:52:32 INFO  : ----------------XSDB Script----------------
connect -url tcp:127.0.0.1:3121
source C:/Users/matte/Desktop/hdmi_example/hdmi_example.sdk/design_1_wrapper_hw_platform_0/ps7_init.tcl
targets -set -nocase -filter {name =~"APU*" && jtag_cable_name =~ "Xilinx TUL 1234-tulA"} -index 0
loadhw -hw C:/Users/matte/Desktop/hdmi_example/hdmi_example.sdk/design_1_wrapper_hw_platform_0/system.hdf -mem-ranges [list {0x40000000 0xbfffffff}]
configparams force-mem-access 1
targets -set -nocase -filter {name =~"APU*" && jtag_cable_name =~ "Xilinx TUL 1234-tulA"} -index 0
stop
ps7_init
ps7_post_config
targets -set -nocase -filter {name =~ "ARM*#0" && jtag_cable_name =~ "Xilinx TUL 1234-tulA"} -index 0
rst -processor
targets -set -nocase -filter {name =~ "ARM*#0" && jtag_cable_name =~ "Xilinx TUL 1234-tulA"} -index 0
dow C:/Users/matte/Desktop/hdmi_example/hdmi_example.sdk/hdmi_example_sdk/Debug/hdmi_example_sdk.elf
configparams force-mem-access 0
----------------End of Script----------------

16:52:32 INFO  : Memory regions updated for context APU
16:52:33 INFO  : Context for processor 'ps7_cortexa9_0' is selected.
16:52:33 INFO  : 'con' command is executed.
16:52:33 INFO  : ----------------XSDB Script (After Launch)----------------
targets -set -nocase -filter {name =~ "ARM*#0" && jtag_cable_name =~ "Xilinx TUL 1234-tulA"} -index 0
con
----------------End of Script----------------

16:52:33 INFO  : Launch script is exported to file 'C:\Users\matte\Desktop\hdmi_example\hdmi_example.sdk\.sdk\launch_scripts\xilinx_c-c++_application_(system_debugger)\system_debugger_using_debug_hdmi_example_sdk.elf_on_local.tcl'
16:54:38 INFO  : Disconnected from the channel tcfchan#1.
23:40:05 INFO  : Registering command handlers for SDK TCF services
23:40:07 INFO  : Launching XSCT server: xsct.bat -interactive C:\Users\mazzo\Desktop\Sistemi-Digitali-M\Progetto\progetto_vivado\hdmi_example.sdk\temp_xsdb_launch_script.tcl
23:40:12 INFO  : XSCT server has started successfully.
23:40:16 INFO  : Successfully done setting XSCT server connection channel  
23:40:16 INFO  : Successfully done setting SDK workspace  
23:40:16 INFO  : Processing command line option -hwspec C:/Users/mazzo/Desktop/Sistemi-Digitali-M/Progetto/progetto_vivado/hdmi_example.sdk/design_1_wrapper.hdf.
